Log file open, 08/13/22 20:59:28
LogWindows: Failed to load 'aqProf.dll' (GetLastError=126)
LogWindows: File 'aqProf.dll' does not exist
LogWindows: Failed to load 'VtuneApi.dll' (GetLastError=126)
LogWindows: File 'VtuneApi.dll' does not exist
LogWindows: Failed to load 'VtuneApi32e.dll' (GetLastError=126)
LogWindows: File 'VtuneApi32e.dll' does not exist
LogConsoleResponse: Display: Failed to find resolution value strings in scalability ini. Falling back to default.
LogConsoleResponse: Display: Failed to find resolution value strings in scalability ini. Falling back to default.
LogInit: Display: Running engine for game: Demo
LogPlatformFile: Not using cached read wrapper
LogTaskGraph: Started task graph with 5 named threads and 47 total threads with 3 sets of task threads.
LogStats: Stats thread started at 0.109281
LogICUInternationalization: ICU TimeZone Detection - Raw Offset: +8:00, Platform Override: ''
LogInit: Display: Loading text-based GConfig....
LogPluginManager: Mounting plugin MeshPainting
LogPluginManager: Mounting plugin XGEController
LogPluginManager: Mounting plugin Paper2D
LogPluginManager: Mounting plugin LiveLink
LogPluginManager: Mounting plugin AISupport
LogPluginManager: Mounting plugin EnvironmentQueryEditor
LogPluginManager: Mounting plugin OodleData
LogPluginManager: Mounting plugin OodleNetwork
LogPluginManager: Mounting plugin LightPropagationVolume
LogPluginManager: Mounting plugin GameplayCameras
LogPluginManager: Mounting plugin CameraShakePreviewer
LogPluginManager: Mounting plugin VariantManagerContent
LogPluginManager: Mounting plugin AnimationSharing
LogPluginManager: Mounting plugin DatasmithContent
LogPluginManager: Mounting plugin CLionSourceCodeAccess
LogPluginManager: Mounting plugin AssetManagerEditor
LogPluginManager: Mounting plugin Niagara
LogPluginManager: Mounting plugin CodeLiteSourceCodeAccess
LogPluginManager: Mounting plugin CryptoKeys
LogPluginManager: Mounting plugin CurveEditorTools
LogPluginManager: Mounting plugin DataValidation
LogPluginManager: Mounting plugin GitSourceControl
LogPluginManager: Mounting plugin FacialAnimation
LogPluginManager: Mounting plugin NullSourceCodeAccess
LogPluginManager: Mounting plugin LuminPlatformFeatures
LogPluginManager: Mounting plugin KDevelopSourceCodeAccess
LogPluginManager: Mounting plugin AndroidMedia
LogPluginManager: Mounting plugin ActorSequence
LogPluginManager: Mounting plugin PerforceSourceControl
LogPluginManager: Mounting plugin LauncherChunkInstaller
LogPluginManager: Mounting plugin PixWinPlugin
LogPluginManager: Mounting plugin TcpMessaging
LogPluginManager: Mounting plugin AlembicImporter
LogPluginManager: Mounting plugin PlasticSourceControl
LogPluginManager: Mounting plugin MagicLeap
LogPluginManager: Mounting plugin UdpMessaging
LogPluginManager: Mounting plugin PluginUtils
LogPluginManager: Mounting plugin PropertyAccessNode
LogPluginManager: Mounting plugin MagicLeapLightEstimation
LogPluginManager: Mounting plugin ActorLayerUtilities
LogPluginManager: Mounting plugin MagicLeapMedia
LogPluginManager: Mounting plugin RiderSourceCodeAccess
LogPluginManager: Mounting plugin SubversionSourceControl
LogPluginManager: Mounting plugin TextureFormatOodle
LogPluginManager: Mounting plugin MagicLeapPassableWorld
LogPluginManager: Mounting plugin AvfMedia
LogPluginManager: Mounting plugin AutomationUtils
LogPluginManager: Mounting plugin UObjectPlugin
LogPluginManager: Mounting plugin MLSDK
LogPluginManager: Mounting plugin LevelSequenceEditor
LogPluginManager: Mounting plugin MatineeToLevelSequence
LogPluginManager: Mounting plugin BackChannel
LogPluginManager: Mounting plugin VisualStudioSourceCodeAccess
LogPluginManager: Mounting plugin VisualStudioCodeSourceCodeAccess
LogPluginManager: Mounting plugin ChaosCloth
LogPluginManager: Mounting plugin XCodeSourceCodeAccess
LogPluginManager: Mounting plugin ChaosClothEditor
LogPluginManager: Mounting plugin ChaosEditor
LogPluginManager: Mounting plugin AndroidDeviceProfileSelector
LogPluginManager: Mounting plugin ChaosNiagara
LogPluginManager: Mounting plugin ChaosSolverPlugin
LogPluginManager: Mounting plugin AndroidMoviePlayer
LogPluginManager: Mounting plugin TemplateSequence
LogPluginManager: Mounting plugin AndroidPermission
LogPluginManager: Mounting plugin CharacterAI
LogPluginManager: Mounting plugin AppleImageUtils
LogPluginManager: Mounting plugin AppleMoviePlayer
LogPluginManager: Mounting plugin ArchVisCharacter
LogPluginManager: Mounting plugin AssetTags
LogPluginManager: Mounting plugin AudioCapture
LogPluginManager: Mounting plugin AudioSynesthesia
LogPluginManager: Mounting plugin ChunkDownloader
LogPluginManager: Mounting plugin CableComponent
LogPluginManager: Mounting plugin ImgMedia
LogPluginManager: Mounting plugin CustomMeshComponent
LogPluginManager: Mounting plugin MediaCompositing
LogPluginManager: Mounting plugin EditableMesh
LogPluginManager: Mounting plugin GeometryCache
LogPluginManager: Mounting plugin ExampleDeviceProfileSelector
LogPluginManager: Mounting plugin GoogleCloudMessaging
LogPluginManager: Mounting plugin GeometryCollectionPlugin
LogPluginManager: Mounting plugin GooglePAD
LogPluginManager: Mounting plugin MediaPlayerEditor
LogPluginManager: Mounting plugin GameplayTagsEditor
LogPluginManager: Mounting plugin GeometryMode
LogPluginManager: Mounting plugin MacGraphicsSwitching
LogPluginManager: Mounting plugin MaterialAnalyzer
LogPluginManager: Mounting plugin WebMMedia
LogPluginManager: Mounting plugin WmfMedia
LogPluginManager: Mounting plugin MobileLauncherProfileWizard
LogPluginManager: Mounting plugin PluginBrowser
LogPluginManager: Mounting plugin SpeedTreeImporter
LogPluginManager: Mounting plugin OnlineSubsystem
LogPluginManager: Mounting plugin OnlineSubsystemNull
LogPluginManager: Mounting plugin OnlineSubsystemUtils
LogPluginManager: Mounting plugin GeometryProcessing
LogPluginManager: Mounting plugin MotoSynth
LogPluginManager: Mounting plugin OpenImageDenoise
LogPluginManager: Mounting plugin PlanarCut
LogPluginManager: Mounting plugin PlatformCrypto
LogPluginManager: Mounting plugin ProxyLODPlugin
LogPluginManager: Mounting plugin ScreenshotTools
LogPluginManager: Mounting plugin PythonScriptPlugin
LogPluginManager: Mounting plugin SkeletalReduction
LogPluginManager: Mounting plugin IOSDeviceProfileSelector
LogPluginManager: Mounting plugin LinuxDeviceProfileSelector
LogPluginManager: Mounting plugin LocationServicesBPLibrary
LogPluginManager: Mounting plugin MobilePatchingUtils
LogPluginManager: Mounting plugin OpenXRHandTracking
LogPluginManager: Mounting plugin PhysXVehicles
LogPluginManager: Mounting plugin OpenXREyeTracker
LogPluginManager: Mounting plugin PostSplashScreen
LogPluginManager: Mounting plugin ProceduralMeshComponent
LogPluginManager: Mounting plugin PropertyAccessEditor
LogPluginManager: Mounting plugin OpenXR
LogPluginManager: Mounting plugin RuntimePhysXCooking
LogPluginManager: Mounting plugin SignificanceManager
LogPluginManager: Mounting plugin SoundFields
LogPluginManager: Mounting plugin Synthesis
LogPluginManager: Mounting plugin WebMMoviePlayer
LogPluginManager: Mounting plugin WindowsMoviePlayer
LogPluginManager: Mounting plugin Takes
LogPluginManager: Mounting plugin ContentBrowserAssetDataSource
LogPluginManager: Mounting plugin ContentBrowserClassDataSource
LogPluginManager: Mounting plugin ContentBrowserFileDataSource
LogPluginManager: Mounting plugin OnlineSubsystemGooglePlay
LogPluginManager: Mounting plugin OnlineSubsystemIOS
LogPluginManager: Mounting plugin OculusVR
LogPluginManager: Mounting plugin SteamVR
PixWinPlugin: PIX capture plugin failed to initialize! Check that the process is launched from PIX.
LogInit: Using libcurl 7.55.1-DEV
LogInit:  - built for x86_64-pc-win32
LogInit:  - supports SSL with OpenSSL/1.1.1
LogInit:  - supports HTTP deflate (compression) using libz 1.2.8
LogInit:  - other features:
LogInit:      CURL_VERSION_SSL
LogInit:      CURL_VERSION_LIBZ
LogInit:      CURL_VERSION_IPV6
LogInit:      CURL_VERSION_ASYNCHDNS
LogInit:      CURL_VERSION_LARGEFILE
LogInit:      CURL_VERSION_IDN
LogInit:  CurlRequestOptions (configurable via config and command line):
LogInit:  - bVerifyPeer = true  - Libcurl will verify peer certificate
LogInit:  - bUseHttpProxy = true  - Libcurl will use HTTP proxy
LogInit:  - HttpProxyAddress = '127.0.0.1:10809'
LogInit:  - bDontReuseConnections = false  - Libcurl will reuse connections
LogInit:  - MaxHostConnections = 16  - Libcurl will limit the number of connections to a host
LogInit:  - LocalHostAddr = Default
LogInit:  - BufferSize = 65536
LogOnline: OSS: Creating online subsystem instance for: NULL
LogInit: WinSock: version 1.1 (2.2), MaxSocks=32767, MaxUdp=65467
LogOnline: OSS: TryLoadSubsystemAndSetDefault: Loaded subsystem for module [NULL]
LogOculusPluginWrapper: OculusPlugin initialized successfully
LogHMD: Failed initializing OVRPlugin 1.59.0
LogInit: Build: ++UE4+Release-4.27-CL-0
LogInit: Engine Version: 4.27.2-0+++UE4+Release-4.27
LogInit: Compatible Engine Version: 4.27.0-0+++UE4+Release-4.27
LogInit: Net CL: 0
LogInit: OS: Windows 10 (Release 2009) (), CPU: Intel(R) Core(TM) i7-10700 CPU @ 2.90GHz, GPU: NVIDIA GeForce RTX 3070
LogInit: Compiled (64-bit): Jul 31 2022 17:41:22
LogInit: Compiled with Visual C++: 19.28.29337.00
LogInit: Build Configuration: Development
LogInit: Branch Name: ++UE4+Release-4.27
LogInit: Command Line: 
LogInit: Base Directory: D:/UnrealEngine-4.27/Engine/Binaries/Win64/
LogInit: Allocator: TBB
LogInit: Installed Engine Build: 0
LogDevObjectVersion: Number of dev versions registered: 29
LogDevObjectVersion:   Dev-Blueprints (B0D832E4-1F89-4F0D-ACCF-7EB736FD4AA2): 10
LogDevObjectVersion:   Dev-Build (E1C64328-A22C-4D53-A36C-8E866417BD8C): 0
LogDevObjectVersion:   Dev-Core (375EC13C-06E4-48FB-B500-84F0262A717E): 4
LogDevObjectVersion:   Dev-Editor (E4B068ED-F494-42E9-A231-DA0B2E46BB41): 40
LogDevObjectVersion:   Dev-Framework (CFFC743F-43B0-4480-9391-14DF171D2073): 37
LogDevObjectVersion:   Dev-Mobile (B02B49B5-BB20-44E9-A304-32B752E40360): 3
LogDevObjectVersion:   Dev-Networking (A4E4105C-59A1-49B5-A7C5-40C4547EDFEE): 0
LogDevObjectVersion:   Dev-Online (39C831C9-5AE6-47DC-9A44-9C173E1C8E7C): 0
LogDevObjectVersion:   Dev-Physics (78F01B33-EBEA-4F98-B9B4-84EACCB95AA2): 14
LogDevObjectVersion:   Dev-Platform (6631380F-2D4D-43E0-8009-CF276956A95A): 0
LogDevObjectVersion:   Dev-Rendering (12F88B9F-8875-4AFC-A67C-D90C383ABD29): 45
LogDevObjectVersion:   Dev-Sequencer (7B5AE74C-D270-4C10-A958-57980B212A5A): 13
LogDevObjectVersion:   Dev-VR (D7296918-1DD6-4BDD-9DE2-64A83CC13884): 3
LogDevObjectVersion:   Dev-LoadTimes (C2A15278-BFE7-4AFE-6C17-90FF531DF755): 1
LogDevObjectVersion:   Private-Geometry (6EACA3D4-40EC-4CC1-B786-8BED09428FC5): 3
LogDevObjectVersion:   Dev-AnimPhys (29E575DD-E0A3-4627-9D10-D276232CDCEA): 17
LogDevObjectVersion:   Dev-Anim (AF43A65D-7FD3-4947-9873-3E8ED9C1BB05): 15
LogDevObjectVersion:   Dev-ReflectionCapture (6B266CEC-1EC7-4B8F-A30B-E4D90942FC07): 1
LogDevObjectVersion:   Dev-Automation (0DF73D61-A23F-47EA-B727-89E90C41499A): 1
LogDevObjectVersion:   FortniteMain (601D1886-AC64-4F84-AA16-D3DE0DEAC7D6): 47
LogDevObjectVersion:   FortniteRelease (E7086368-6B23-4C58-8439-1B7016265E91): 1
LogDevObjectVersion:   Dev-Enterprise (9DFFBCD6-494F-0158-E221-12823C92A888): 10
LogDevObjectVersion:   Dev-Niagara (F2AED0AC-9AFE-416F-8664-AA7FFA26D6FC): 1
LogDevObjectVersion:   Dev-Destruction (174F1F0B-B4C6-45A5-B13F-2EE8D0FB917D): 10
LogDevObjectVersion:   Dev-Physics-Ext (35F94A83-E258-406C-A318-09F59610247C): 41
LogDevObjectVersion:   Dev-PhysicsMaterial-Chaos (B68FC16E-8B1B-42E2-B453-215C058844FE): 1
LogDevObjectVersion:   Dev-CineCamera (B2E18506-4273-CFC2-A54E-F4BB758BBA07): 1
LogDevObjectVersion:   Dev-VirtualProduction (64F58936-FD1B-42BA-BA96-7289D5D0FA4E): 1
LogDevObjectVersion:   Dev-MediaFramework (6F0ED827-A609-4895-9C91-998D90180EA4): 2
LogInit: Presizing for max 25165824 objects, including 0 objects not considered by GC, pre-allocating 0 bytes for permanent pool.
LogConfig: Applying CVar settings from Section [/Script/Engine.StreamingSettings] File [E:/UE4_Demo/Saved/Config/Windows/Engine.ini]
LogConfig: Setting CVar [[s.MinBulkDataSizeForAsyncLoading:131072]]
LogConfig: Setting CVar [[s.AsyncLoadingThreadEnabled:0]]
LogConfig: Setting CVar [[s.EventDrivenLoaderEnabled:1]]
LogConfig: Setting CVar [[s.WarnIfTimeLimitExceeded:0]]
LogConfig: Setting CVar [[s.TimeLimitExceededMultiplier:1.5]]
LogConfig: Setting CVar [[s.TimeLimitExceededMinTime:0.005]]
LogConfig: Setting CVar [[s.UseBackgroundLevelStreaming:1]]
LogConfig: Setting CVar [[s.PriorityAsyncLoadingExtraTime:15.0]]
LogConfig: Setting CVar [[s.LevelStreamingActorsUpdateTimeLimit:5.0]]
LogConfig: Setting CVar [[s.PriorityLevelStreamingActorsUpdateExtraTime:5.0]]
LogConfig: Setting CVar [[s.LevelStreamingComponentsRegistrationGranularity:10]]
LogConfig: Setting CVar [[s.UnregisterComponentsTimeLimit:1.0]]
LogConfig: Setting CVar [[s.LevelStreamingComponentsUnregistrationGranularity:5]]
LogConfig: Setting CVar [[s.FlushStreamingOnExit:1]]
LogInit: Object subsystem initialized
LogConfig: Setting CVar [[con.DebugEarlyDefault:1]]
LogConfig: Setting CVar [[r.setres:1280x720]]
[2022.08.13-12.59.29:286][  0]LogConfig: Setting CVar [[r.VSync:0]]
[2022.08.13-12.59.29:286][  0]LogConfig: Setting CVar [[r.RHICmdBypass:0]]
[2022.08.13-12.59.29:286][  0]LogConfig: Applying CVar settings from Section [/Script/Engine.RendererSettings] File [E:/UE4_Demo/Saved/Config/Windows/Engine.ini]
[2022.08.13-12.59.29:286][  0]LogConfig: Setting CVar [[r.GPUCrashDebugging:0]]
[2022.08.13-12.59.29:286][  0]LogConfig: Applying CVar settings from Section [/Script/Engine.RendererOverrideSettings] File [E:/UE4_Demo/Saved/Config/Windows/Engine.ini]
[2022.08.13-12.59.29:286][  0]LogConfig: Applying CVar settings from Section [/Script/Engine.StreamingSettings] File [E:/UE4_Demo/Saved/Config/Windows/Engine.ini]
[2022.08.13-12.59.29:286][  0]LogConfig: Setting CVar [[s.MinBulkDataSizeForAsyncLoading:131072]]
[2022.08.13-12.59.29:286][  0]LogConfig: Setting CVar [[s.AsyncLoadingThreadEnabled:0]]
[2022.08.13-12.59.29:286][  0]LogConfig: Setting CVar [[s.EventDrivenLoaderEnabled:1]]
[2022.08.13-12.59.29:286][  0]LogConfig: Setting CVar [[s.WarnIfTimeLimitExceeded:0]]
[2022.08.13-12.59.29:286][  0]LogConfig: Setting CVar [[s.TimeLimitExceededMultiplier:1.5]]
[2022.08.13-12.59.29:286][  0]LogConfig: Setting CVar [[s.TimeLimitExceededMinTime:0.005]]
[2022.08.13-12.59.29:286][  0]LogConfig: Setting CVar [[s.UseBackgroundLevelStreaming:1]]
[2022.08.13-12.59.29:286][  0]LogConfig: Setting CVar [[s.PriorityAsyncLoadingExtraTime:15.0]]
[2022.08.13-12.59.29:286][  0]LogConfig: Setting CVar [[s.LevelStreamingActorsUpdateTimeLimit:5.0]]
[2022.08.13-12.59.29:286][  0]LogConfig: Setting CVar [[s.PriorityLevelStreamingActorsUpdateExtraTime:5.0]]
[2022.08.13-12.59.29:286][  0]LogConfig: Setting CVar [[s.LevelStreamingComponentsRegistrationGranularity:10]]
[2022.08.13-12.59.29:286][  0]LogConfig: Setting CVar [[s.UnregisterComponentsTimeLimit:1.0]]
[2022.08.13-12.59.29:286][  0]LogConfig: Setting CVar [[s.LevelStreamingComponentsUnregistrationGranularity:5]]
[2022.08.13-12.59.29:286][  0]LogConfig: Setting CVar [[s.FlushStreamingOnExit:1]]
[2022.08.13-12.59.29:286][  0]LogConfig: Applying CVar settings from Section [/Script/Engine.GarbageCollectionSettings] File [E:/UE4_Demo/Saved/Config/Windows/Engine.ini]
[2022.08.13-12.59.29:286][  0]LogConfig: Setting CVar [[gc.MaxObjectsNotConsideredByGC:1]]
[2022.08.13-12.59.29:286][  0]LogConfig: Setting CVar [[gc.SizeOfPermanentObjectPool:0]]
[2022.08.13-12.59.29:286][  0]LogConfig: Setting CVar [[gc.FlushStreamingOnGC:0]]
[2022.08.13-12.59.29:286][  0]LogConfig: Setting CVar [[gc.NumRetriesBeforeForcingGC:10]]
[2022.08.13-12.59.29:286][  0]LogConfig: Setting CVar [[gc.AllowParallelGC:1]]
[2022.08.13-12.59.29:286][  0]LogConfig: Setting CVar [[gc.TimeBetweenPurgingPendingKillObjects:61.1]]
[2022.08.13-12.59.29:286][  0]LogConfig: Setting CVar [[gc.MaxObjectsInEditor:25165824]]
[2022.08.13-12.59.29:286][  0]LogConfig: Setting CVar [[gc.IncrementalBeginDestroyEnabled:1]]
[2022.08.13-12.59.29:286][  0]LogConfig: Setting CVar [[gc.CreateGCClusters:1]]
[2022.08.13-12.59.29:286][  0]LogConfig: Setting CVar [[gc.MinGCClusterSize:5]]
[2022.08.13-12.59.29:287][  0]LogConfig: Setting CVar [[gc.ActorClusteringEnabled:0]]
[2022.08.13-12.59.29:287][  0]LogConfig: Setting CVar [[gc.BlueprintClusteringEnabled:0]]
[2022.08.13-12.59.29:287][  0]LogConfig: Setting CVar [[gc.UseDisregardForGCOnDedicatedServers:0]]
[2022.08.13-12.59.29:287][  0]LogConfig: Setting CVar [[gc.MultithreadedDestructionEnabled:1]]
[2022.08.13-12.59.29:287][  0]LogConfig: Applying CVar settings from Section [/Script/Engine.NetworkSettings] File [E:/UE4_Demo/Saved/Config/Windows/Engine.ini]
[2022.08.13-12.59.29:287][  0]LogConfig: Applying CVar settings from Section [/Script/UnrealEd.CookerSettings] File [E:/UE4_Demo/Saved/Config/Windows/Engine.ini]
[2022.08.13-12.59.29:301][  0]LogConfig: Applying CVar settings from Section [ViewDistanceQuality@3] File [E:/UE4_Demo/Saved/Config/Windows/Scalability.ini]
[2022.08.13-12.59.29:301][  0]LogConfig: Setting CVar [[r.SkeletalMeshLODBias:0]]
[2022.08.13-12.59.29:301][  0]LogConfig: Setting CVar [[r.ViewDistanceScale:1.0]]
[2022.08.13-12.59.29:301][  0]LogConfig: Applying CVar settings from Section [AntiAliasingQuality@3] File [E:/UE4_Demo/Saved/Config/Windows/Scalability.ini]
[2022.08.13-12.59.29:301][  0]LogConfig: Setting CVar [[r.PostProcessAAQuality:4]]
[2022.08.13-12.59.29:301][  0]LogConfig: Applying CVar settings from Section [ShadowQuality@3] File [E:/UE4_Demo/Saved/Config/Windows/Scalability.ini]
[2022.08.13-12.59.29:301][  0]LogConfig: Setting CVar [[r.LightFunctionQuality:1]]
[2022.08.13-12.59.29:301][  0]LogConfig: Setting CVar [[r.ShadowQuality:5]]
[2022.08.13-12.59.29:301][  0]LogConfig: Setting CVar [[r.Shadow.CSM.MaxCascades:10]]
[2022.08.13-12.59.29:301][  0]LogConfig: Setting CVar [[r.Shadow.MaxResolution:2048]]
[2022.08.13-12.59.29:301][  0]LogConfig: Setting CVar [[r.Shadow.MaxCSMResolution:2048]]
[2022.08.13-12.59.29:301][  0]LogConfig: Setting CVar [[r.Shadow.RadiusThreshold:0.01]]
[2022.08.13-12.59.29:301][  0]LogConfig: Setting CVar [[r.Shadow.DistanceScale:1.0]]
[2022.08.13-12.59.29:301][  0]LogConfig: Setting CVar [[r.Shadow.CSM.TransitionScale:1.0]]
[2022.08.13-12.59.29:301][  0]LogConfig: Setting CVar [[r.Shadow.PreShadowResolutionFactor:1.0]]
[2022.08.13-12.59.29:301][  0]LogConfig: Setting CVar [[r.DistanceFieldShadowing:1]]
[2022.08.13-12.59.29:301][  0]LogConfig: Setting CVar [[r.DistanceFieldAO:1]]
[2022.08.13-12.59.29:301][  0]LogConfig: Setting CVar [[r.AOQuality:2]]
[2022.08.13-12.59.29:301][  0]LogConfig: Setting CVar [[r.VolumetricFog:1]]
[2022.08.13-12.59.29:301][  0]LogConfig: Setting CVar [[r.VolumetricFog.GridPixelSize:8]]
[2022.08.13-12.59.29:301][  0]LogConfig: Setting CVar [[r.VolumetricFog.GridSizeZ:128]]
[2022.08.13-12.59.29:301][  0]LogConfig: Setting CVar [[r.VolumetricFog.HistoryMissSupersampleCount:4]]
[2022.08.13-12.59.29:301][  0]LogConfig: Setting CVar [[r.LightMaxDrawDistanceScale:1]]
[2022.08.13-12.59.29:301][  0]LogConfig: Setting CVar [[r.CapsuleShadows:1]]
[2022.08.13-12.59.29:301][  0]LogConfig: Applying CVar settings from Section [PostProcessQuality@3] File [E:/UE4_Demo/Saved/Config/Windows/Scalability.ini]
[2022.08.13-12.59.29:301][  0]LogConfig: Setting CVar [[r.MotionBlurQuality:4]]
[2022.08.13-12.59.29:301][  0]LogConfig: Setting CVar [[r.AmbientOcclusionMipLevelFactor:0.4]]
[2022.08.13-12.59.29:301][  0]LogConfig: Setting CVar [[r.AmbientOcclusionMaxQuality:100]]
[2022.08.13-12.59.29:301][  0]LogConfig: Setting CVar [[r.AmbientOcclusionLevels:-1]]
[2022.08.13-12.59.29:301][  0]LogConfig: Setting CVar [[r.AmbientOcclusionRadiusScale:1.0]]
[2022.08.13-12.59.29:301][  0]LogConfig: Setting CVar [[r.DepthOfFieldQuality:2]]
[2022.08.13-12.59.29:301][  0]LogConfig: Setting CVar [[r.RenderTargetPoolMin:400]]
[2022.08.13-12.59.29:301][  0]LogConfig: Setting CVar [[r.LensFlareQuality:2]]
[2022.08.13-12.59.29:301][  0]LogConfig: Setting CVar [[r.SceneColorFringeQuality:1]]
[2022.08.13-12.59.29:301][  0]LogConfig: Setting CVar [[r.EyeAdaptationQuality:2]]
[2022.08.13-12.59.29:301][  0]LogConfig: Setting CVar [[r.BloomQuality:5]]
[2022.08.13-12.59.29:301][  0]LogConfig: Setting CVar [[r.FastBlurThreshold:100]]
[2022.08.13-12.59.29:301][  0]LogConfig: Setting CVar [[r.Upscale.Quality:3]]
[2022.08.13-12.59.29:301][  0]LogConfig: Setting CVar [[r.Tonemapper.GrainQuantization:1]]
[2022.08.13-12.59.29:301][  0]LogConfig: Setting CVar [[r.LightShaftQuality:1]]
[2022.08.13-12.59.29:301][  0]LogConfig: Setting CVar [[r.Filter.SizeScale:1]]
[2022.08.13-12.59.29:301][  0]LogConfig: Setting CVar [[r.Tonemapper.Quality:5]]
[2022.08.13-12.59.29:301][  0]LogConfig: Setting CVar [[r.DOF.Gather.AccumulatorQuality:1        ; higher gathering accumulator quality]]
[2022.08.13-12.59.29:301][  0]LogConfig: Setting CVar [[r.DOF.Gather.PostfilterMethod:1          ; Median3x3 postfilering method]]
[2022.08.13-12.59.29:301][  0]LogConfig: Setting CVar [[r.DOF.Gather.EnableBokehSettings:0       ; no bokeh simulation when gathering]]
[2022.08.13-12.59.29:301][  0]LogConfig: Setting CVar [[r.DOF.Gather.RingCount:4                 ; medium number of samples when gathering]]
[2022.08.13-12.59.29:301][  0]LogConfig: Setting CVar [[r.DOF.Scatter.ForegroundCompositing:1    ; additive foreground scattering]]
[2022.08.13-12.59.29:301][  0]LogConfig: Setting CVar [[r.DOF.Scatter.BackgroundCompositing:2    ; additive background scattering]]
[2022.08.13-12.59.29:301][  0]LogConfig: Setting CVar [[r.DOF.Scatter.EnableBokehSettings:1      ; bokeh simulation when scattering]]
[2022.08.13-12.59.29:301][  0]LogConfig: Setting CVar [[r.DOF.Scatter.MaxSpriteRatio:0.1         ; only a maximum of 10% of scattered bokeh]]
[2022.08.13-12.59.29:301][  0]LogConfig: Setting CVar [[r.DOF.Recombine.Quality:1                ; cheap slight out of focus]]
[2022.08.13-12.59.29:301][  0]LogConfig: Setting CVar [[r.DOF.Recombine.EnableBokehSettings:0    ; no bokeh simulation on slight out of focus]]
[2022.08.13-12.59.29:301][  0]LogConfig: Setting CVar [[r.DOF.TemporalAAQuality:1                ; more stable temporal accumulation]]
[2022.08.13-12.59.29:301][  0]LogConfig: Setting CVar [[r.DOF.Kernel.MaxForegroundRadius:0.025]]
[2022.08.13-12.59.29:302][  0]LogConfig: Setting CVar [[r.DOF.Kernel.MaxBackgroundRadius:0.025]]
[2022.08.13-12.59.29:302][  0]LogConfig: Applying CVar settings from Section [TextureQuality@3] File [E:/UE4_Demo/Saved/Config/Windows/Scalability.ini]
[2022.08.13-12.59.29:302][  0]LogConfig: Setting CVar [[r.Streaming.MipBias:0]]
[2022.08.13-12.59.29:302][  0]LogConfig: Setting CVar [[r.Streaming.AmortizeCPUToGPUCopy:0]]
[2022.08.13-12.59.29:302][  0]LogConfig: Setting CVar [[r.Streaming.MaxNumTexturesToStreamPerFrame:0]]
[2022.08.13-12.59.29:302][  0]LogConfig: Setting CVar [[r.Streaming.Boost:1]]
[2022.08.13-12.59.29:302][  0]LogConfig: Setting CVar [[r.MaxAnisotropy:8]]
[2022.08.13-12.59.29:302][  0]LogConfig: Setting CVar [[r.VT.MaxAnisotropy:8]]
[2022.08.13-12.59.29:302][  0]LogConfig: Setting CVar [[r.Streaming.LimitPoolSizeToVRAM:0]]
[2022.08.13-12.59.29:302][  0]LogConfig: Setting CVar [[r.Streaming.PoolSize:1000]]
[2022.08.13-12.59.29:302][  0]LogConfig: Setting CVar [[r.Streaming.MaxEffectiveScreenSize:0]]
[2022.08.13-12.59.29:302][  0]LogConfig: Applying CVar settings from Section [EffectsQuality@3] File [E:/UE4_Demo/Saved/Config/Windows/Scalability.ini]
[2022.08.13-12.59.29:302][  0]LogConfig: Setting CVar [[r.TranslucencyLightingVolumeDim:64]]
[2022.08.13-12.59.29:302][  0]LogConfig: Setting CVar [[r.RefractionQuality:2]]
[2022.08.13-12.59.29:302][  0]LogConfig: Setting CVar [[r.SSR.Quality:3]]
[2022.08.13-12.59.29:302][  0]LogConfig: Setting CVar [[r.SSR.HalfResSceneColor:0]]
[2022.08.13-12.59.29:302][  0]LogConfig: Setting CVar [[r.SceneColorFormat:4]]
[2022.08.13-12.59.29:302][  0]LogConfig: Setting CVar [[r.DetailMode:2]]
[2022.08.13-12.59.29:302][  0]LogConfig: Setting CVar [[r.TranslucencyVolumeBlur:1]]
[2022.08.13-12.59.29:302][  0]LogConfig: Setting CVar [[r.MaterialQualityLevel:1 ; High quality]]
[2022.08.13-12.59.29:302][  0]LogConfig: Setting CVar [[r.AnisotropicMaterials:1]]
[2022.08.13-12.59.29:302][  0]LogConfig: Setting CVar [[r.SSS.Scale:1]]
[2022.08.13-12.59.29:302][  0]LogConfig: Setting CVar [[r.SSS.SampleSet:2]]
[2022.08.13-12.59.29:302][  0]LogConfig: Setting CVar [[r.SSS.Quality:1]]
[2022.08.13-12.59.29:302][  0]LogConfig: Setting CVar [[r.SSS.HalfRes:0]]
[2022.08.13-12.59.29:302][  0]LogConfig: Setting CVar [[r.SSGI.Quality:3]]
[2022.08.13-12.59.29:302][  0]LogConfig: Setting CVar [[r.EmitterSpawnRateScale:1.0]]
[2022.08.13-12.59.29:302][  0]LogConfig: Setting CVar [[r.ParticleLightQuality:2]]
[2022.08.13-12.59.29:302][  0]LogConfig: Setting CVar [[r.SkyAtmosphere.AerialPerspectiveLUT.FastApplyOnOpaque:1 ; Always have FastSkyLUT 1 in this case to avoid wrong sky]]
[2022.08.13-12.59.29:302][  0]LogConfig: Setting CVar [[r.SkyAtmosphere.AerialPerspectiveLUT.SampleCountMaxPerSlice:4]]
[2022.08.13-12.59.29:302][  0]LogConfig: Setting CVar [[r.SkyAtmosphere.AerialPerspectiveLUT.DepthResolution:16.0]]
[2022.08.13-12.59.29:302][  0]LogConfig: Setting CVar [[r.SkyAtmosphere.FastSkyLUT:1]]
[2022.08.13-12.59.29:302][  0]LogConfig: Setting CVar [[r.SkyAtmosphere.FastSkyLUT.SampleCountMin:4.0]]
[2022.08.13-12.59.29:302][  0]LogConfig: Setting CVar [[r.SkyAtmosphere.FastSkyLUT.SampleCountMax:128.0]]
[2022.08.13-12.59.29:302][  0]LogConfig: Setting CVar [[r.SkyAtmosphere.SampleCountMin:4.0]]
[2022.08.13-12.59.29:302][  0]LogConfig: Setting CVar [[r.SkyAtmosphere.SampleCountMax:128.0]]
[2022.08.13-12.59.29:302][  0]LogConfig: Setting CVar [[r.SkyAtmosphere.TransmittanceLUT.UseSmallFormat:0]]
[2022.08.13-12.59.29:302][  0]LogConfig: Setting CVar [[r.SkyAtmosphere.TransmittanceLUT.SampleCount:10.0]]
[2022.08.13-12.59.29:302][  0]LogConfig: Setting CVar [[r.SkyAtmosphere.MultiScatteringLUT.SampleCount:15.0]]
[2022.08.13-12.59.29:302][  0]LogConfig: Setting CVar [[r.SkyLight.RealTimeReflectionCapture:1]]
[2022.08.13-12.59.29:302][  0]LogConfig: Applying CVar settings from Section [FoliageQuality@3] File [E:/UE4_Demo/Saved/Config/Windows/Scalability.ini]
[2022.08.13-12.59.29:302][  0]LogConfig: Setting CVar [[foliage.DensityScale:1.0]]
[2022.08.13-12.59.29:302][  0]LogConfig: Setting CVar [[grass.DensityScale:1.0]]
[2022.08.13-12.59.29:302][  0]LogConfig: Applying CVar settings from Section [ShadingQuality@3] File [E:/UE4_Demo/Saved/Config/Windows/Scalability.ini]
[2022.08.13-12.59.29:302][  0]LogConfig: Setting CVar [[r.HairStrands.SkyLighting.IntegrationType:2]]
[2022.08.13-12.59.29:302][  0]LogConfig: Setting CVar [[r.HairStrands.SkyAO.SampleCount:4]]
[2022.08.13-12.59.29:302][  0]LogConfig: Setting CVar [[r.HairStrands.Visibility.MSAA.SamplePerPixel:4]]
[2022.08.13-12.59.29:302][  0]LogInit: Selected Device Profile: [Windows]
[2022.08.13-12.59.29:302][  0]LogInit: Applying CVar settings loaded from the selected device profile: [Windows]
[2022.08.13-12.59.29:302][  0]LogHAL: Display: Platform has ~ 32 GB [34282545152 / 34359738368 / 32], which maps to Largest [LargestMinGB=32, LargerMinGB=12, DefaultMinGB=8, SmallerMinGB=6, SmallestMinGB=0)
[2022.08.13-12.59.29:302][  0]LogInit: Going up to parent DeviceProfile []
[2022.08.13-12.59.29:302][  0]LogConfig: Applying CVar settings from Section [ViewDistanceQuality@3] File [E:/UE4_Demo/Saved/Config/Windows/Scalability.ini]
[2022.08.13-12.59.29:302][  0]LogConfig: Setting CVar [[r.SkeletalMeshLODBias:0]]
[2022.08.13-12.59.29:302][  0]LogConfig: Setting CVar [[r.ViewDistanceScale:1.0]]
[2022.08.13-12.59.29:302][  0]LogConfig: Applying CVar settings from Section [AntiAliasingQuality@3] File [E:/UE4_Demo/Saved/Config/Windows/Scalability.ini]
[2022.08.13-12.59.29:302][  0]LogConfig: Setting CVar [[r.PostProcessAAQuality:4]]
[2022.08.13-12.59.29:302][  0]LogConfig: Applying CVar settings from Section [ShadowQuality@3] File [E:/UE4_Demo/Saved/Config/Windows/Scalability.ini]
[2022.08.13-12.59.29:302][  0]LogConfig: Setting CVar [[r.LightFunctionQuality:1]]
[2022.08.13-12.59.29:302][  0]LogConfig: Setting CVar [[r.ShadowQuality:5]]
[2022.08.13-12.59.29:302][  0]LogConfig: Setting CVar [[r.Shadow.CSM.MaxCascades:10]]
[2022.08.13-12.59.29:302][  0]LogConfig: Setting CVar [[r.Shadow.MaxResolution:2048]]
[2022.08.13-12.59.29:302][  0]LogConfig: Setting CVar [[r.Shadow.MaxCSMResolution:2048]]
[2022.08.13-12.59.29:302][  0]LogConfig: Setting CVar [[r.Shadow.RadiusThreshold:0.01]]
[2022.08.13-12.59.29:302][  0]LogConfig: Setting CVar [[r.Shadow.DistanceScale:1.0]]
[2022.08.13-12.59.29:302][  0]LogConfig: Setting CVar [[r.Shadow.CSM.TransitionScale:1.0]]
[2022.08.13-12.59.29:302][  0]LogConfig: Setting CVar [[r.Shadow.PreShadowResolutionFactor:1.0]]
[2022.08.13-12.59.29:302][  0]LogConfig: Setting CVar [[r.DistanceFieldShadowing:1]]
[2022.08.13-12.59.29:303][  0]LogConfig: Setting CVar [[r.DistanceFieldAO:1]]
[2022.08.13-12.59.29:303][  0]LogConfig: Setting CVar [[r.AOQuality:2]]
[2022.08.13-12.59.29:303][  0]LogConfig: Setting CVar [[r.VolumetricFog:1]]
[2022.08.13-12.59.29:303][  0]LogConfig: Setting CVar [[r.VolumetricFog.GridPixelSize:8]]
[2022.08.13-12.59.29:303][  0]LogConfig: Setting CVar [[r.VolumetricFog.GridSizeZ:128]]
[2022.08.13-12.59.29:303][  0]LogConfig: Setting CVar [[r.VolumetricFog.HistoryMissSupersampleCount:4]]
[2022.08.13-12.59.29:303][  0]LogConfig: Setting CVar [[r.LightMaxDrawDistanceScale:1]]
[2022.08.13-12.59.29:303][  0]LogConfig: Setting CVar [[r.CapsuleShadows:1]]
[2022.08.13-12.59.29:303][  0]LogConfig: Applying CVar settings from Section [PostProcessQuality@3] File [E:/UE4_Demo/Saved/Config/Windows/Scalability.ini]
[2022.08.13-12.59.29:303][  0]LogConfig: Setting CVar [[r.MotionBlurQuality:4]]
[2022.08.13-12.59.29:303][  0]LogConfig: Setting CVar [[r.AmbientOcclusionMipLevelFactor:0.4]]
[2022.08.13-12.59.29:303][  0]LogConfig: Setting CVar [[r.AmbientOcclusionMaxQuality:100]]
[2022.08.13-12.59.29:303][  0]LogConfig: Setting CVar [[r.AmbientOcclusionLevels:-1]]
[2022.08.13-12.59.29:303][  0]LogConfig: Setting CVar [[r.AmbientOcclusionRadiusScale:1.0]]
[2022.08.13-12.59.29:303][  0]LogConfig: Setting CVar [[r.DepthOfFieldQuality:2]]
[2022.08.13-12.59.29:303][  0]LogConfig: Setting CVar [[r.RenderTargetPoolMin:400]]
[2022.08.13-12.59.29:303][  0]LogConfig: Setting CVar [[r.LensFlareQuality:2]]
[2022.08.13-12.59.29:303][  0]LogConfig: Setting CVar [[r.SceneColorFringeQuality:1]]
[2022.08.13-12.59.29:303][  0]LogConfig: Setting CVar [[r.EyeAdaptationQuality:2]]
[2022.08.13-12.59.29:303][  0]LogConfig: Setting CVar [[r.BloomQuality:5]]
[2022.08.13-12.59.29:303][  0]LogConfig: Setting CVar [[r.FastBlurThreshold:100]]
[2022.08.13-12.59.29:303][  0]LogConfig: Setting CVar [[r.Upscale.Quality:3]]
[2022.08.13-12.59.29:303][  0]LogConfig: Setting CVar [[r.Tonemapper.GrainQuantization:1]]
[2022.08.13-12.59.29:303][  0]LogConfig: Setting CVar [[r.LightShaftQuality:1]]
[2022.08.13-12.59.29:303][  0]LogConfig: Setting CVar [[r.Filter.SizeScale:1]]
[2022.08.13-12.59.29:303][  0]LogConfig: Setting CVar [[r.Tonemapper.Quality:5]]
[2022.08.13-12.59.29:303][  0]LogConfig: Setting CVar [[r.DOF.Gather.AccumulatorQuality:1        ; higher gathering accumulator quality]]
[2022.08.13-12.59.29:303][  0]LogConfig: Setting CVar [[r.DOF.Gather.PostfilterMethod:1          ; Median3x3 postfilering method]]
[2022.08.13-12.59.29:303][  0]LogConfig: Setting CVar [[r.DOF.Gather.EnableBokehSettings:0       ; no bokeh simulation when gathering]]
[2022.08.13-12.59.29:303][  0]LogConfig: Setting CVar [[r.DOF.Gather.RingCount:4                 ; medium number of samples when gathering]]
[2022.08.13-12.59.29:303][  0]LogConfig: Setting CVar [[r.DOF.Scatter.ForegroundCompositing:1    ; additive foreground scattering]]
[2022.08.13-12.59.29:303][  0]LogConfig: Setting CVar [[r.DOF.Scatter.BackgroundCompositing:2    ; additive background scattering]]
[2022.08.13-12.59.29:303][  0]LogConfig: Setting CVar [[r.DOF.Scatter.EnableBokehSettings:1      ; bokeh simulation when scattering]]
[2022.08.13-12.59.29:303][  0]LogConfig: Setting CVar [[r.DOF.Scatter.MaxSpriteRatio:0.1         ; only a maximum of 10% of scattered bokeh]]
[2022.08.13-12.59.29:303][  0]LogConfig: Setting CVar [[r.DOF.Recombine.Quality:1                ; cheap slight out of focus]]
[2022.08.13-12.59.29:303][  0]LogConfig: Setting CVar [[r.DOF.Recombine.EnableBokehSettings:0    ; no bokeh simulation on slight out of focus]]
[2022.08.13-12.59.29:303][  0]LogConfig: Setting CVar [[r.DOF.TemporalAAQuality:1                ; more stable temporal accumulation]]
[2022.08.13-12.59.29:303][  0]LogConfig: Setting CVar [[r.DOF.Kernel.MaxForegroundRadius:0.025]]
[2022.08.13-12.59.29:303][  0]LogConfig: Setting CVar [[r.DOF.Kernel.MaxBackgroundRadius:0.025]]
[2022.08.13-12.59.29:303][  0]LogConfig: Applying CVar settings from Section [TextureQuality@3] File [E:/UE4_Demo/Saved/Config/Windows/Scalability.ini]
[2022.08.13-12.59.29:303][  0]LogConfig: Setting CVar [[r.Streaming.MipBias:0]]
[2022.08.13-12.59.29:303][  0]LogConfig: Setting CVar [[r.Streaming.AmortizeCPUToGPUCopy:0]]
[2022.08.13-12.59.29:303][  0]LogConfig: Setting CVar [[r.Streaming.MaxNumTexturesToStreamPerFrame:0]]
[2022.08.13-12.59.29:303][  0]LogConfig: Setting CVar [[r.Streaming.Boost:1]]
[2022.08.13-12.59.29:303][  0]LogConfig: Setting CVar [[r.MaxAnisotropy:8]]
[2022.08.13-12.59.29:303][  0]LogConfig: Setting CVar [[r.VT.MaxAnisotropy:8]]
[2022.08.13-12.59.29:303][  0]LogConfig: Setting CVar [[r.Streaming.LimitPoolSizeToVRAM:0]]
[2022.08.13-12.59.29:303][  0]LogConfig: Setting CVar [[r.Streaming.PoolSize:1000]]
[2022.08.13-12.59.29:303][  0]LogConfig: Setting CVar [[r.Streaming.MaxEffectiveScreenSize:0]]
[2022.08.13-12.59.29:303][  0]LogConfig: Applying CVar settings from Section [EffectsQuality@3] File [E:/UE4_Demo/Saved/Config/Windows/Scalability.ini]
[2022.08.13-12.59.29:303][  0]LogConfig: Setting CVar [[r.TranslucencyLightingVolumeDim:64]]
[2022.08.13-12.59.29:303][  0]LogConfig: Setting CVar [[r.RefractionQuality:2]]
[2022.08.13-12.59.29:303][  0]LogConfig: Setting CVar [[r.SSR.Quality:3]]
[2022.08.13-12.59.29:303][  0]LogConfig: Setting CVar [[r.SSR.HalfResSceneColor:0]]
[2022.08.13-12.59.29:303][  0]LogConfig: Setting CVar [[r.SceneColorFormat:4]]
[2022.08.13-12.59.29:303][  0]LogConfig: Setting CVar [[r.DetailMode:2]]
[2022.08.13-12.59.29:303][  0]LogConfig: Setting CVar [[r.TranslucencyVolumeBlur:1]]
[2022.08.13-12.59.29:303][  0]LogConfig: Setting CVar [[r.MaterialQualityLevel:1 ; High quality]]
[2022.08.13-12.59.29:303][  0]LogConfig: Setting CVar [[r.AnisotropicMaterials:1]]
[2022.08.13-12.59.29:303][  0]LogConfig: Setting CVar [[r.SSS.Scale:1]]
[2022.08.13-12.59.29:303][  0]LogConfig: Setting CVar [[r.SSS.SampleSet:2]]
[2022.08.13-12.59.29:303][  0]LogConfig: Setting CVar [[r.SSS.Quality:1]]
[2022.08.13-12.59.29:303][  0]LogConfig: Setting CVar [[r.SSS.HalfRes:0]]
[2022.08.13-12.59.29:303][  0]LogConfig: Setting CVar [[r.SSGI.Quality:3]]
[2022.08.13-12.59.29:303][  0]LogConfig: Setting CVar [[r.EmitterSpawnRateScale:1.0]]
[2022.08.13-12.59.29:303][  0]LogConfig: Setting CVar [[r.ParticleLightQuality:2]]
[2022.08.13-12.59.29:303][  0]LogConfig: Setting CVar [[r.SkyAtmosphere.AerialPerspectiveLUT.FastApplyOnOpaque:1 ; Always have FastSkyLUT 1 in this case to avoid wrong sky]]
[2022.08.13-12.59.29:303][  0]LogConfig: Setting CVar [[r.SkyAtmosphere.AerialPerspectiveLUT.SampleCountMaxPerSlice:4]]
[2022.08.13-12.59.29:303][  0]LogConfig: Setting CVar [[r.SkyAtmosphere.AerialPerspectiveLUT.DepthResolution:16.0]]
[2022.08.13-12.59.29:303][  0]LogConfig: Setting CVar [[r.SkyAtmosphere.FastSkyLUT:1]]
[2022.08.13-12.59.29:303][  0]LogConfig: Setting CVar [[r.SkyAtmosphere.FastSkyLUT.SampleCountMin:4.0]]
[2022.08.13-12.59.29:303][  0]LogConfig: Setting CVar [[r.SkyAtmosphere.FastSkyLUT.SampleCountMax:128.0]]
[2022.08.13-12.59.29:303][  0]LogConfig: Setting CVar [[r.SkyAtmosphere.SampleCountMin:4.0]]
[2022.08.13-12.59.29:303][  0]LogConfig: Setting CVar [[r.SkyAtmosphere.SampleCountMax:128.0]]
[2022.08.13-12.59.29:303][  0]LogConfig: Setting CVar [[r.SkyAtmosphere.TransmittanceLUT.UseSmallFormat:0]]
[2022.08.13-12.59.29:303][  0]LogConfig: Setting CVar [[r.SkyAtmosphere.TransmittanceLUT.SampleCount:10.0]]
[2022.08.13-12.59.29:303][  0]LogConfig: Setting CVar [[r.SkyAtmosphere.MultiScatteringLUT.SampleCount:15.0]]
[2022.08.13-12.59.29:303][  0]LogConfig: Setting CVar [[r.SkyLight.RealTimeReflectionCapture:1]]
[2022.08.13-12.59.29:303][  0]LogConfig: Applying CVar settings from Section [FoliageQuality@3] File [E:/UE4_Demo/Saved/Config/Windows/Scalability.ini]
[2022.08.13-12.59.29:303][  0]LogConfig: Setting CVar [[foliage.DensityScale:1.0]]
[2022.08.13-12.59.29:304][  0]LogConfig: Setting CVar [[grass.DensityScale:1.0]]
[2022.08.13-12.59.29:304][  0]LogConfig: Applying CVar settings from Section [ShadingQuality@3] File [E:/UE4_Demo/Saved/Config/Windows/Scalability.ini]
[2022.08.13-12.59.29:304][  0]LogConfig: Setting CVar [[r.HairStrands.SkyLighting.IntegrationType:2]]
[2022.08.13-12.59.29:304][  0]LogConfig: Setting CVar [[r.HairStrands.SkyAO.SampleCount:4]]
[2022.08.13-12.59.29:304][  0]LogConfig: Setting CVar [[r.HairStrands.Visibility.MSAA.SamplePerPixel:4]]
[2022.08.13-12.59.29:304][  0]LogConfig: Applying CVar settings from Section [Startup] File [../../../Engine/Config/ConsoleVariables.ini]
[2022.08.13-12.59.29:304][  0]LogConfig: Setting CVar [[net.UseAdaptiveNetUpdateFrequency:0]]
[2022.08.13-12.59.29:304][  0]LogConfig: Setting CVar [[p.chaos.AllowCreatePhysxBodies:1]]
[2022.08.13-12.59.29:304][  0]LogConfig: Setting CVar [[fx.SkipVectorVMBackendOptimizations:1]]
[2022.08.13-12.59.29:304][  0]LogConfig: Applying CVar settings from Section [ConsoleVariables] File [E:/UE4_Demo/Saved/Config/Windows/Engine.ini]
[2022.08.13-12.59.29:304][  0]LogConfig: Applying CVar settings from Section [ConsoleVariables] File [E:/UE4_Demo/Saved/Config/Windows/Editor.ini]
[2022.08.13-12.59.29:304][  0]LogInit: Computer: DESKTOP-9RD24KH
[2022.08.13-12.59.29:304][  0]LogInit: User: Timelord
[2022.08.13-12.59.29:304][  0]LogInit: CPU Page size=4096, Cores=8
[2022.08.13-12.59.29:304][  0]LogInit: High frequency timer resolution =10.000000 MHz
[2022.08.13-12.59.29:304][  0]LogMemory: Memory total: Physical=31.9GB (32GB approx)
[2022.08.13-12.59.29:304][  0]LogMemory: Platform Memory Stats for Windows
[2022.08.13-12.59.29:304][  0]LogMemory: Process Physical Memory: 139.32 MB used, 139.32 MB peak
[2022.08.13-12.59.29:304][  0]LogMemory: Process Virtual Memory: 115.34 MB used, 115.34 MB peak
[2022.08.13-12.59.29:304][  0]LogMemory: Physical Memory: 13595.22 MB used,  19099.16 MB free, 32694.38 MB total
[2022.08.13-12.59.29:304][  0]LogMemory: Virtual Memory: 134205056.00 MB used,  12674.61 MB free, 134217728.00 MB total
[2022.08.13-12.59.29:312][  0]LogWindows: WindowsPlatformFeatures enabled
[2022.08.13-12.59.29:352][  0]LogInit: Physics initialised using underlying interface: PhysX
[2022.08.13-12.59.29:353][  0]LogInit: Overriding language with editor language configuration option (en).
[2022.08.13-12.59.29:353][  0]LogInit: Using OS detected locale (zh-CN).
[2022.08.13-12.59.29:525][  0]LogInit: Setting process to per monitor DPI aware
[2022.08.13-12.59.29:535][  0]LogWindowsTextInputMethodSystem: Display: IME system deactivated.
[2022.08.13-12.59.29:546][  0]LogSlate: New Slate User Created.  User Index 0, Is Virtual User: 0
[2022.08.13-12.59.29:546][  0]LogSlate: Slate User Registered.  User Index 0, Is Virtual User: 0
[2022.08.13-12.59.29:629][  0]LogD3D11RHI: Loaded GFSDK_Aftermath_Lib.x64.dll
[2022.08.13-12.59.29:632][  0]LogHMD: Failed to initialize OpenVR with code 110
[2022.08.13-12.59.29:632][  0]LogD3D11RHI: D3D11 min allowed feature level: 11_0
[2022.08.13-12.59.29:632][  0]LogD3D11RHI: D3D11 max allowed feature level: 11_0
[2022.08.13-12.59.29:632][  0]LogD3D11RHI: D3D11 adapters:
[2022.08.13-12.59.29:708][  0]LogD3D11RHI:    0. 'NVIDIA GeForce RTX 3070' (Feature Level 11_0)
[2022.08.13-12.59.29:708][  0]LogD3D11RHI:       8043/0/16347 MB DedicatedVideo/DedicatedSystem/SharedSystem, Outputs:2, VendorId:0x10de
[2022.08.13-12.59.29:710][  0]LogD3D11RHI:    1. 'Microsoft Basic Render Driver' (Feature Level 11_0)
[2022.08.13-12.59.29:710][  0]LogD3D11RHI:       0/0/16347 MB DedicatedVideo/DedicatedSystem/SharedSystem, Outputs:0, VendorId:0x1414
[2022.08.13-12.59.29:771][  0]LogD3D11RHI:    2. 'NVIDIA GeForce RTX 3070' (Feature Level 11_0)
[2022.08.13-12.59.29:771][  0]LogD3D11RHI:       8043/0/16347 MB DedicatedVideo/DedicatedSystem/SharedSystem, Outputs:0, VendorId:0x10de
[2022.08.13-12.59.29:771][  0]LogD3D11RHI: Chosen D3D11 Adapter:
[2022.08.13-12.59.29:771][  0]LogD3D11RHI:     Description : NVIDIA GeForce RTX 3070
[2022.08.13-12.59.29:771][  0]LogD3D11RHI:     VendorId    : 10de
[2022.08.13-12.59.29:771][  0]LogD3D11RHI:     DeviceId    : 2484
[2022.08.13-12.59.29:771][  0]LogD3D11RHI:     SubSysId    : 20007377
[2022.08.13-12.59.29:771][  0]LogD3D11RHI:     Revision    : 00a1
[2022.08.13-12.59.29:771][  0]LogD3D11RHI:     DedicatedVideoMemory : 8433696768 bytes
[2022.08.13-12.59.29:771][  0]LogD3D11RHI:     DedicatedSystemMemory : 0 bytes
[2022.08.13-12.59.29:771][  0]LogD3D11RHI:     SharedSystemMemory : 17141272576 bytes
[2022.08.13-12.59.29:771][  0]LogD3D11RHI:     AdapterLuid : 0 43569
[2022.08.13-12.59.29:777][  0]LogD3D11RHI: Creating new Direct3DDevice
[2022.08.13-12.59.29:777][  0]LogD3D11RHI:     GPU DeviceId: 0x2484 (for the marketing name, search the web for "GPU Device Id")
[2022.08.13-12.59.29:777][  0]LogWindows: EnumDisplayDevices:
[2022.08.13-12.59.29:777][  0]LogWindows:    0. 'NVIDIA GeForce RTX 3070' (P:1 D:1)
[2022.08.13-12.59.29:777][  0]LogWindows:    1. 'NVIDIA GeForce RTX 3070' (P:0 D:1)
[2022.08.13-12.59.29:778][  0]LogWindows:    2. 'NVIDIA GeForce RTX 3070' (P:0 D:0)
[2022.08.13-12.59.29:778][  0]LogWindows:    3. 'NVIDIA GeForce RTX 3070' (P:0 D:0)
[2022.08.13-12.59.29:778][  0]LogWindows:    4. 'LuminonCore IDDCX Adapter' (P:0 D:0)
[2022.08.13-12.59.29:778][  0]LogWindows:    5. 'LuminonCore IDDCX Adapter' (P:0 D:0)
[2022.08.13-12.59.29:778][  0]LogWindows:    6. 'LuminonCore IDDCX Adapter' (P:0 D:0)
[2022.08.13-12.59.29:778][  0]LogWindows:    7. 'LuminonCore IDDCX Adapter' (P:0 D:0)
[2022.08.13-12.59.29:779][  0]LogWindows:    8. 'LuminonCore IDDCX Adapter' (P:0 D:0)
[2022.08.13-12.59.29:779][  0]LogWindows:    9. 'LuminonCore IDDCX Adapter' (P:0 D:0)
[2022.08.13-12.59.29:779][  0]LogWindows:    10. 'LuminonCore IDDCX Adapter' (P:0 D:0)
[2022.08.13-12.59.29:779][  0]LogWindows:    11. 'LuminonCore IDDCX Adapter' (P:0 D:0)
[2022.08.13-12.59.29:779][  0]LogWindows:    12. 'LuminonCore IDDCX Adapter' (P:0 D:0)
[2022.08.13-12.59.29:779][  0]LogWindows:    13. 'LuminonCore IDDCX Adapter' (P:0 D:0)
[2022.08.13-12.59.29:779][  0]LogWindows:    14. 'LuminonCore IDDCX Adapter' (P:0 D:0)
[2022.08.13-12.59.29:780][  0]LogWindows:    15. 'LuminonCore IDDCX Adapter' (P:0 D:0)
[2022.08.13-12.59.29:780][  0]LogWindows:    16. 'LuminonCore IDDCX Adapter' (P:0 D:0)
[2022.08.13-12.59.29:780][  0]LogWindows:    17. 'LuminonCore IDDCX Adapter' (P:0 D:0)
[2022.08.13-12.59.29:780][  0]LogWindows:    18. 'LuminonCore IDDCX Adapter' (P:0 D:0)
[2022.08.13-12.59.29:780][  0]LogWindows:    19. 'LuminonCore IDDCX Adapter' (P:0 D:0)
[2022.08.13-12.59.29:780][  0]LogWindows: DebugString: GetVideoDriverDetailsInvalid PrimaryIsNotTheChoosenAdapter GetVideoDriverDetailsInvalid PrimaryIsNotTheChoosenAdapter GetVideoDriverDetailsInvalid PrimaryIsNotTheChoosenAdapter GetVideoDriverDetailsInvalid PrimaryIsNotTheChoosenAdapter GetVideoDriverDetailsInvalid PrimaryIsNotTheChoosenAdapter GetVideoDriverDetailsInvalid PrimaryIsNotTheChoosenAdapter GetVideoDriverDetailsInvalid PrimaryIsNotTheChoosenAdapter GetVideoDriverDetailsInvalid PrimaryIsNotTheChoosenAdapter GetVideoDriverDetailsInvalid PrimaryIsNotTheChoosenAdapter GetVideoDriverDetailsInvalid PrimaryIsNotTheChoosenAdapter GetVideoDriverDetailsInvalid PrimaryIsNotTheChoosenAdapter GetVideoDriverDetailsInvalid PrimaryIsNotTheChoosenAdapter GetVideoDriverDetailsInvalid PrimaryIsNotTheChoosenAdapter GetVideoDriverDetailsInvalid PrimaryIsNotTheChoosenAdapter GetVideoDriverDetailsInvalid PrimaryIsNotTheChoosenAdapter GetVideoDriverDetailsInvalid PrimaryIsNotTheChoosenAdapter FoundDriverCount:4 
[2022.08.13-12.59.29:780][  0]LogD3D11RHI:     Adapter Name: NVIDIA GeForce RTX 3070
[2022.08.13-12.59.29:780][  0]LogD3D11RHI:   Driver Version: 471.11 (internal:30.0.14.7111, unified:471.11)
[2022.08.13-12.59.29:780][  0]LogD3D11RHI:      Driver Date: 6-21-2021
[2022.08.13-12.59.29:780][  0]LogRHI: Texture pool is 5630 MB (70% of 8043 MB)
[2022.08.13-12.59.29:780][  0]LogD3D11RHI: Creating D3DDevice using adapter:
[2022.08.13-12.59.29:780][  0]LogD3D11RHI:     Description : NVIDIA GeForce RTX 3070
[2022.08.13-12.59.29:780][  0]LogD3D11RHI:     VendorId    : 10de
[2022.08.13-12.59.29:780][  0]LogD3D11RHI:     DeviceId    : 2484
[2022.08.13-12.59.29:780][  0]LogD3D11RHI:     SubSysId    : 20007377
[2022.08.13-12.59.29:780][  0]LogD3D11RHI:     Revision    : 00a1
[2022.08.13-12.59.29:780][  0]LogD3D11RHI:     DedicatedVideoMemory : 8433696768 bytes
[2022.08.13-12.59.29:780][  0]LogD3D11RHI:     DedicatedSystemMemory : 0 bytes
[2022.08.13-12.59.29:780][  0]LogD3D11RHI:     SharedSystemMemory : 17141272576 bytes
[2022.08.13-12.59.29:781][  0]LogD3D11RHI:     AdapterLuid : 0 43569
[2022.08.13-12.59.29:832][  0]LogD3D11RHI: RHI has support for 64 bit atomics
[2022.08.13-12.59.29:832][  0]LogD3D11RHI: Async texture creation enabled
[2022.08.13-12.59.29:832][  0]LogD3D11RHI: Array index from any shader is supported
[2022.08.13-12.59.29:848][  0]LogD3D11RHI: GPU Timing Frequency: 1000.000000 (Debug: 2 1)
[2022.08.13-12.59.29:893][  0]LogRHI: GeForceNow SDK initialized: 1
[2022.08.13-12.59.30:395][  0]LogTargetPlatformManager: Display: Loaded TargetPlatform 'AllDesktop'
[2022.08.13-12.59.30:411][  0]LogTargetPlatformManager: Display: Loaded TargetPlatform 'Android'
[2022.08.13-12.59.30:411][  0]LogTargetPlatformManager: Display: Loaded TargetPlatform 'Android_ASTC'
[2022.08.13-12.59.30:411][  0]LogTargetPlatformManager: Display: Loaded TargetPlatform 'Android_DXT'
[2022.08.13-12.59.30:411][  0]LogTargetPlatformManager: Display: Loaded TargetPlatform 'Android_ETC2'
[2022.08.13-12.59.30:411][  0]LogTargetPlatformManager: Display: Loaded TargetPlatform 'AndroidClient'
[2022.08.13-12.59.30:411][  0]LogTargetPlatformManager: Display: Loaded TargetPlatform 'Android_ASTCClient'
[2022.08.13-12.59.30:411][  0]LogTargetPlatformManager: Display: Loaded TargetPlatform 'Android_DXTClient'
[2022.08.13-12.59.30:411][  0]LogTargetPlatformManager: Display: Loaded TargetPlatform 'Android_ETC2Client'
[2022.08.13-12.59.30:411][  0]LogTargetPlatformManager: Display: Loaded TargetPlatform 'Android_Multi'
[2022.08.13-12.59.30:411][  0]LogTargetPlatformManager: Display: Loaded TargetPlatform 'Android_MultiClient'
[2022.08.13-12.59.30:427][  0]LogTargetPlatformManager: Display: Loaded TargetPlatform 'IOSClient'
[2022.08.13-12.59.30:427][  0]LogTargetPlatformManager: Display: Loaded TargetPlatform 'IOS'
[2022.08.13-12.59.30:446][  0]LogTargetPlatformManager: Display: Loaded TargetPlatform 'Lumin'
[2022.08.13-12.59.30:446][  0]LogTargetPlatformManager: Display: Loaded TargetPlatform 'LuminClient'
[2022.08.13-12.59.30:452][  0]LogTargetPlatformManager: Display: Loaded TargetPlatform 'MacNoEditor'
[2022.08.13-12.59.30:456][  0]LogTargetPlatformManager: Display: Loaded TargetPlatform 'Mac'
[2022.08.13-12.59.30:460][  0]LogTargetPlatformManager: Display: Loaded TargetPlatform 'MacClient'
[2022.08.13-12.59.30:464][  0]LogTargetPlatformManager: Display: Loaded TargetPlatform 'MacServer'
[2022.08.13-12.59.30:471][  0]LogTargetPlatformManager: Display: Loaded TargetPlatform 'TVOSClient'
[2022.08.13-12.59.30:471][  0]LogTargetPlatformManager: Display: Loaded TargetPlatform 'TVOS'
[2022.08.13-12.59.30:478][  0]LogTargetPlatformManager: Display: Loaded TargetPlatform 'WindowsNoEditor'
[2022.08.13-12.59.30:482][  0]LogTargetPlatformManager: Display: Loaded TargetPlatform 'Windows'
[2022.08.13-12.59.30:486][  0]LogTargetPlatformManager: Display: Loaded TargetPlatform 'WindowsClient'
[2022.08.13-12.59.30:490][  0]LogTargetPlatformManager: Display: Loaded TargetPlatform 'WindowsServer'
[2022.08.13-12.59.30:490][  0]LogTargetPlatformManager: Display: Building Assets For Windows
[2022.08.13-12.59.30:496][  0]LogAudioDebug: Display: Lib vorbis DLL was dynamically loaded.
[2022.08.13-12.59.30:522][  0]LogTextureFormatOodle: Display: Oodle Texture 2.9.0 init RDO Off
[2022.08.13-12.59.30:550][  0]LogRendererCore: Ray tracing is disabled. Reason: r.RayTracing=0.
[2022.08.13-12.59.30:550][  0]LogShaderCompilers: Guid format shader working directory is 37 characters bigger than the processId version (E:/UE4_Demo/Intermediate/Shaders/WorkingDirectory/20512/).
[2022.08.13-12.59.30:550][  0]LogShaderCompilers: Cleaned the shader compiler working directory 'C:/Users/Timelord/AppData/Local/Temp/UnrealShaderWorkingDir/1B86964941A1EB1982387E9CA88B041D/'.
[2022.08.13-12.59.30:550][  0]LogXGEController: Cannot use XGE Controller as Incredibuild is not installed on this machine.
[2022.08.13-12.59.30:550][  0]LogShaderCompilers: Cannot use XGE Shader Compiler as Incredibuild is not installed on this machine.
[2022.08.13-12.59.30:550][  0]LogShaderCompilers: Display: Using Local Shader Compiler.
[2022.08.13-12.59.31:160][  0]LogDerivedDataCache: Display: Max Cache Size: 512 MB
[2022.08.13-12.59.31:209][  0]LogDerivedDataCache: Loaded boot cache 0.05s 94MB E:/UE4_Demo/DerivedDataCache/Boot.ddc.
[2022.08.13-12.59.31:209][  0]LogDerivedDataCache: Display: Loaded Boot cache: E:/UE4_Demo/DerivedDataCache/Boot.ddc
[2022.08.13-12.59.31:210][  0]LogDerivedDataCache: FDerivedDataBackendGraph:  Pak pak cache file E:/UE4_Demo/DerivedDataCache/DDC.ddp not found, will not use a pak cache.
[2022.08.13-12.59.31:210][  0]LogDerivedDataCache: Unable to find inner node Pak for hierarchical cache Hierarchy.
[2022.08.13-12.59.31:210][  0]LogDerivedDataCache: FDerivedDataBackendGraph:  EnginePak pak cache file ../../../Engine/DerivedDataCache/DDC.ddp not found, will not use a pak cache.
[2022.08.13-12.59.31:210][  0]LogDerivedDataCache: Unable to find inner node EnginePak for hierarchical cache Hierarchy.
[2022.08.13-12.59.31:213][  0]LogDerivedDataCache: Speed tests for ../../../Engine/DerivedDataCache took 0.00 seconds
[2022.08.13-12.59.31:213][  0]LogDerivedDataCache: Display: Performance to ../../../Engine/DerivedDataCache: Latency=0.01ms. RandomReadSpeed=1362.38MBs, RandomWriteSpeed=354.77MBs. Assigned SpeedClass 'Local'
[2022.08.13-12.59.31:214][  0]LogDerivedDataCache: Using Local data cache path ../../../Engine/DerivedDataCache: Writable
[2022.08.13-12.59.31:214][  0]LogDerivedDataCache: Shared data cache path not found in *engine.ini, will not use an Shared cache.
[2022.08.13-12.59.31:214][  0]LogDerivedDataCache: Unable to find inner node Shared for hierarchical cache Hierarchy.
[2022.08.13-12.59.31:253][  0]LogSlate: Using FreeType 2.10.0
[2022.08.13-12.59.31:253][  0]LogSlate: SlateFontServices - WITH_FREETYPE: 1, WITH_HARFBUZZ: 1
[2022.08.13-12.59.31:269][  0]LogAssetRegistry: FAssetRegistry took 0.0020 seconds to start up
[2022.08.13-12.59.31:447][  0]LogInit: Selected Device Profile: [Windows]
[2022.08.13-12.59.31:447][  0]LogInit: Active device profile: [000001D63DCEFD00][000001D631448140 49] Windows
[2022.08.13-12.59.31:447][  0]LogInit: Profiles: [000001D63DCEFD00][000001D631448140 49] Windows, [000001D63DD13B00][000001D63BEB6280 49] WindowsNoEditor, [000001D63DCEC700][000001D63BEBA3C0 49] WindowsServer, [000001D63DD10600][000001D63D4D8540 49] WindowsClient, [000001D63DCEFB00][000001D63D4DC6C0 49] IOS, [000001D63DD10100][000001D63A112840 49] iPadAir, [000001D63DCEC500][000001D63A1169C0 49] iPadAir2, [000001D63DC95000][000001D63E94EC80 49] IPadPro, [000001D63DC95100][000001D63A11ACC0 49] iPadAir3, [000001D63DCEF900][000001D63E952E40 49] iPadAir4, [000001D63DC94900][000001D63E956FC0 49] iPadMini2, [000001D63DCEC400][000001D63E95B140 49] iPadMini3, [000001D63DC95700][000001D6313C72C0 49] iPadMini4, [000001D63DCEF800][000001D6313CB440 49] iPadMini5, [000001D63DD11100][000001D63D501700 49] iPhone6, [000001D63DD11200][000001D6313CF740 49] iPodTouch6, [000001D63DC97900][000001D63A12FA00 49] iPhone7, [000001D63DC97800][000001D63A11FA40 49] iPodTouch7, [000001D63DD10B00][000001D63A133BC0 49] iPhone5S, [000001D63DC97D00][000001D63D4D4180 49] iPhone6Plus, [000001D63DD13100][000001D630EE02C0 49] iPhone6S, [000001D63DC95C00][000001D63ED56400 49] iPhone6SPlus, [000001D63DD11000][000001D63ED5A540 49] iPhone7Plus, [000001D63DC94500][000001D630F006C0 49] iPhoneSE, [000001D63DD11B00][000001D63ED68840 49] iPhone8, [000001D63DC97000][000001D63ED6C9C0 49] iPhone8Plus, [000001D63DD13D00][000001D63E5B2B40 49] iPhoneX, [000001D63DC95300][000001D63E5B6CC0 49] iPhoneXS, [000001D63DD11E00][000001D63E5BAE40 49] iPhoneXSMax, [000001D63DC96D00][000001D631346FC0 49] iPhoneXR, [000001D63DD13C00][000001D63134B140 49] iPhone11, [000001D63DC95500][000001D6313632C0 49] iPhone11Pro, [000001D63DD12200][000001D631367440 49] iPhone11ProMax, [000001D63DC96900][000001D63E7E75C0 49] iPhoneSE2, [000001D63DD13300][000001D631373740 49] iPhone12Mini, [000001D63DC95B00][000001D6313778C0 49] iPhone12, [000001D63DD12500][000001D63137BA40 49] iPhone12Pro, [000001D63DC94600][000001D63137FBC0 49] iPhone12ProMax, [000001D63DD11900][000001D6313821C0 49] iPadPro105, [000001D63DC95E00][000001D63138A340 49] iPadPro129, [000001D63DD10300][000001D630EFC480 49] iPadPro97, [000001D63DC94F00][000001D63A10A5C0 49] iPadPro2_129, [000001D63DD12A00][000001D63138E700 49] iPad5, [000001D63DC97500][000001D63F6A0880 49] iPad6, [000001D63DD10E00][000001D63E8B8A00 49] iPad7, [000001D63DC94300][000001D63E8BCB80 49] iPad8, [000001D63DD12000][000001D63E8C0D00 49] iPadPro11, [000001D63DC96200][000001D63E8C4E80 49] iPadPro2_11, [000001D63DD13400][000001D63E8EB000 49] iPadPro3_129, [000001D63DC95F00][000001D63E8EF180 49] iPadPro4_129, [000001D63DD10800][000001D63E8F3300 49] AppleTV, [000001D63DC96800][000001D63E8F7480 49] AppleTV4K, [000001D63DD11A00][000001D63E8FB600 49] TVOS, [000001D63DC95800][000001D63E8FF780 49] Mac, [000001D63DD13200][000001D63E903900 49] MacClient, [000001D63DC97700][000001D63E907A80 49] MacNoEditor, [000001D63DD10900][000001D6313D3C00 49] MacServer, [000001D63DC94A00][000001D631418200 49] Linux, [000001D63DD11300][000001D63141C380 49] LinuxAArch64, [000001D63DC96600][000001D63A10E500 49] LinuxNoEditor, [000001D63DD10F00][000001D631392640 49] LinuxAArch64NoEditor, [000001D63DC95200][000001D631386780 49] LinuxClient, [000001D63DD13700][000001D63A0A48C0 49] LinuxAArch64Client, [000001D63DC95D00][000001D63A0ACA40 49] LinuxServer, [000001D63DD12600][000001D63A0B0BC0 49] LinuxAArch64Server, [000001D63DC96300][000001D63A0B4D40 49] Android, [000001D63DD11F00][000001D63A0B8EC0 49] Android_Low, [000001D63DC95A00][000001D63A0BD040 49] Android_Mid, [000001D63DD11800][000001D63A0C11C0 49] Android_High, [000001D63DCEC800][000001D63A0C5340 49] Android_Default, [000001D63DDA1800][000001D63A0C94C0 49] Android_Adreno4xx, [000001D63DCECD00][000001D63A0CD640 49] Android_Adreno5xx_Low, [000001D63DDA1300][000001D63A0D17C0 49] Android_Adreno5xx, [000001D63DCED700][000001D63A0D5940 49] Android_Adreno6xx, [000001D63DDA2600][000001D63A0D9AC0 49] Android_Adreno6xx_Vulkan, [000001D63DCEEC00][000001D63A0DC0C0 49] Android_Mali_T6xx, [000001D63DDA1A00][000001D63E90A240 49] Android_Mali_T7xx, [000001D63DCEF100][000001D63E90E3C0 49] Android_Mali_T8xx, [000001D63DDA0B00][000001D63E912540 49] Android_Mali_G71, [000001D63DCECC00][000001D63E9166C0 49] Android_Mali_G72, [000001D63DDA1D00][000001D63A0A8800 49] Android_Mali_G72_Vulkan, [000001D63DCECB00][000001D63E91A940 49] Android_Mali_G76, [000001D63DDA0D00][000001D63E91EA80 49] Android_Mali_G76_Vulkan, [000001D63DCEC600][000001D63E922BC0 49] Android_Mali_G77, [000001D63DDA1900][000001D63E92AD40 49] Android_Mali_G77_Vulkan, [000001D63DCEEF00][000001D63E92EEC0 49] Android_Mali_G78, [000001D63DDA2B00][000001D63E933040 49] Android_Mali_G78_Vulkan, [000001D63DCEE100][000001D63E9371C0 49] Android_Mali_G710, [000001D63DDA0C00][000001D63E93B340 49] Android_Mali_G710_Vulkan, [000001D63DCEDF00][000001D63E93F4C0 49] Android_Vulkan_SM5, [000001D63DDA2700][000001D63E943640 49] Android_PowerVR_G6xxx, [000001D63DD10400][000001D63E9477C0 49] Android_PowerVR_GT7xxx, [000001D63DC97100][000001D63E94B940 49] Android_PowerVR_GE8xxx, [000001D63DDA0A00][000001D63EC63AC0 49] Android_PowerVR_GM9xxx, [000001D63DC95900][000001D63EC660C0 49] Android_PowerVR_GM9xxx_Vulkan, [000001D63DDA0100][000001D63EC6A240 49] Android_TegraK1, [000001D63DC97E00][000001D63EC6E3C0 49] Android_Unknown_Vulkan, [000001D63DDA2000][000001D63EC72540 49] Lumin, [000001D63DC94B00][000001D63EC766C0 49] Lumin_Desktop, [000001D63DDA1B00][000001D63EC7A840 49] HoloLens, 
[2022.08.13-12.59.31:549][  0]LogMeshReduction: Using QuadricMeshReduction for automatic static mesh reduction
[2022.08.13-12.59.31:549][  0]LogMeshReduction: Using SimplygonMeshReduction for automatic skeletal mesh reduction
[2022.08.13-12.59.31:549][  0]LogMeshReduction: Using ProxyLODMeshReduction for automatic mesh merging
[2022.08.13-12.59.31:549][  0]LogMeshReduction: No distributed automatic mesh merging module available
[2022.08.13-12.59.31:549][  0]LogMeshMerging: No distributed automatic mesh merging module available
[2022.08.13-12.59.31:560][  0]LogNetVersion: Demo 1.0.0, NetCL: 0, EngineNetVer: 17, GameNetVer: 0 (Checksum: 888495860)
[2022.08.13-12.59.31:853][  0]LogTexture: Default maximum texture size for cubemaps generated from long-lat sources has been changed from 512 to unlimited. In order to preserve old behaiour for '/Engine/MapTemplates/Sky/DaylightAmbientCubemap.DaylightAmbientCubemap', its maximum texture size has been explicitly set to 512.
[2022.08.13-12.59.31:902][  0]LogHMD: PokeAHoleMaterial loaded successfully
[2022.08.13-12.59.31:907][  0]LogUObjectArray: 17164 objects as part of root set at end of initial load.
[2022.08.13-12.59.31:907][  0]LogUObjectAllocator: 4298528 out of 0 bytes used by permanent object pool.
[2022.08.13-12.59.31:907][  0]LogUObjectArray: CloseDisregardForGC: 0/0 objects in disregard for GC pool
[2022.08.13-12.59.32:119][  0]LogNiagaraDebuggerClient: Niagara Debugger Client Initialized | Session: FF9FCDA943ABF1F6A2EDD4B2CD6CB6AC | Instance: 47A9358A4D72FB74628FF2A90B1FC6AB (DESKTOP-9RD24KH-20512).
[2022.08.13-12.59.32:165][  0]LogTcpMessaging: Initializing TcpMessaging bridge
[2022.08.13-12.59.32:240][  0]LogUdpMessaging: Initializing bridge on interface 0.0.0.0:0 to multicast group 230.0.0.1:6666.
[2022.08.13-12.59.32:268][  0]LogPython: Using Python 3.7.7
[2022.08.13-12.59.32:811][  0]SourceControl: Source control is disabled
[2022.08.13-12.59.32:811][  0]SourceControl: Source control is disabled
[2022.08.13-12.59.32:814][  0]SourceControl: Source control is disabled
[2022.08.13-12.59.32:834][  0]SourceControl: Source control is disabled
[2022.08.13-12.59.32:858][  0]SourceControl: Source control is disabled
[2022.08.13-12.59.32:877][  0]LogUProjectInfo: Found projects:
[2022.08.13-12.59.32:936][  0]LogAndroidPermission: UAndroidPermissionCallbackProxy::GetInstance
[2022.08.13-12.59.32:956][  0]LogAudioCaptureCore: Display: No Audio Capture implementations found. Audio input will be silent.
[2022.08.13-12.59.32:956][  0]LogAudioCaptureCore: Display: No Audio Capture implementations found. Audio input will be silent.
[2022.08.13-12.59.33:048][  0]LogOpenImageDenoise: OIDN starting up
[2022.08.13-12.59.33:123][  0]LogCollectionManager: Loaded 0 collections in 0.002102 seconds
[2022.08.13-12.59.33:141][  0]LogFileCache: Scanning file cache for directory 'E:/UE4_Demo/Saved/Collections/' took 0.00s
[2022.08.13-12.59.33:141][  0]LogFileCache: Scanning file cache for directory 'E:/UE4_Demo/Content/Developers/Timelord/Collections/' took 0.00s
[2022.08.13-12.59.33:141][  0]LogFileCache: Scanning file cache for directory 'E:/UE4_Demo/Content/Collections/' took 0.00s
[2022.08.13-12.59.33:141][  0]LogOcInput: OculusInput pre-init called
[2022.08.13-12.59.33:331][  0]LogEngine: Initializing Engine...
[2022.08.13-12.59.33:333][  0]LogHMD: Failed to enumerate extensions. Please check that you have a valid OpenXR runtime installed.
[2022.08.13-12.59.33:333][  0]LogHMD: Failed to initialize OpenVR with code 110
[2022.08.13-12.59.33:333][  0]LogMagicLeap: Warning: VR disabled because ZI is not enabled.  To enable, in the editor, Edit -> Project Settings -> Plugins -> Magic Leap Plugin -> Enable Zero Iteration
[2022.08.13-12.59.33:333][  0]LogStats: UGameplayTagsManager::InitializeManager -  0.000 s
[2022.08.13-12.59.33:427][  0]LogInit: Initializing FReadOnlyCVARCache
[2022.08.13-12.59.33:434][  0]LogAIModule: Creating AISystem for world Untitled
[2022.08.13-12.59.33:441][  0]LogAudio: Display: Initializing Audio Device Manager...
[2022.08.13-12.59.33:444][  0]LogAudio: Display: Loading Default Audio Settings Objects...
[2022.08.13-12.59.33:445][  0]LogAudio: Display: No default SoundConcurrencyObject specified (or failed to load).
[2022.08.13-12.59.33:445][  0]LogAudio: Display: Audio Device Manager Initialized
[2022.08.13-12.59.33:445][  0]LogAudio: Display: Creating Audio Device:                 Id: 1, Scope: Shared, Realtime: True
[2022.08.13-12.59.33:445][  0]LogAudioMixer: Display: Audio Mixer Platform Settings:
[2022.08.13-12.59.33:445][  0]LogAudioMixer: Display: 	Sample Rate:						  48000
[2022.08.13-12.59.33:445][  0]LogAudioMixer: Display: 	Callback Buffer Frame Size Requested: 1024
[2022.08.13-12.59.33:445][  0]LogAudioMixer: Display: 	Callback Buffer Frame Size To Use:	  1024
[2022.08.13-12.59.33:445][  0]LogAudioMixer: Display: 	Number of buffers to queue:			  2
[2022.08.13-12.59.33:445][  0]LogAudioMixer: Display: 	Max Channels (voices):				  32
[2022.08.13-12.59.33:445][  0]LogAudioMixer: Display: 	Number of Async Source Workers:		  0
[2022.08.13-12.59.33:445][  0]LogAudio: Display: AudioDevice MaxSources: 32
[2022.08.13-12.59.33:446][  0]LogAudio: Display: Audio Spatialization Plugin: None (built-in).
[2022.08.13-12.59.33:446][  0]LogAudio: Display: Audio Reverb Plugin: None (built-in).
[2022.08.13-12.59.33:446][  0]LogAudio: Display: Audio Occlusion Plugin: None (built-in).
[2022.08.13-12.59.33:446][  0]LogAudioMixer: Display: Initializing audio mixer.
[2022.08.13-12.59.33:454][  0]LogAudioMixer: Display: 0: FrontLeft
[2022.08.13-12.59.33:454][  0]LogAudioMixer: Display: 1: FrontRight
[2022.08.13-12.59.33:465][  0]LogAudioMixer: Display: Using Audio Device 扬声器 (JBL PS3300)
[2022.08.13-12.59.33:467][  0]LogAudioMixer: Display: Initializing Sound Submixes...
[2022.08.13-12.59.33:468][  0]LogAudioMixer: Display: Creating Master Submix 'MasterSubmixDefault'
[2022.08.13-12.59.33:468][  0]LogAudioMixer: Display: Creating Master Submix 'MasterReverbSubmixDefault'
[2022.08.13-12.59.33:469][  0]LogAudioMixer: Display: Creating Master Submix 'MasterEQSubmixDefault'
[2022.08.13-12.59.33:469][  0]LogAudioMixer: FMixerPlatformXAudio2::StartAudioStream() called
[2022.08.13-12.59.33:469][  0]LogAudioMixer: Display: Output buffers initialized: Frames=1024, Channels=2, Samples=2048
[2022.08.13-12.59.33:469][  0]LogAudioMixer: Display: Starting AudioMixerPlatformInterface::RunInternal()
[2022.08.13-12.59.33:469][  0]LogAudioMixer: Display: FMixerPlatformXAudio2::SubmitBuffer() called for the first time
[2022.08.13-12.59.33:469][  0]LogInit: FAudioDevice initialized.
[2022.08.13-12.59.33:469][  0]LogAudio: Display: Audio Device (ID: 1) registered with world 'Untitled'.
[2022.08.13-12.59.33:470][  0]LogNetVersion: Set ProjectVersion to 1.0.0.0. Version Checksum will be recalculated on next use.
[2022.08.13-12.59.33:514][  0]LogDerivedDataCache: Saved boot cache 0.04s 94MB E:/UE4_Demo/DerivedDataCache/Boot.ddc.
[2022.08.13-12.59.33:516][  0]LogInit: Texture streaming: Enabled
[2022.08.13-12.59.33:527][  0]LogAnalytics: Display: [UEEditor.UnrealEngine.Release] APIServer = https://datarouter.ol.epicgames.com/. AppVersion = 4.27.2-0+++UE4+Release-4.27
[2022.08.13-12.59.33:530][  0]LogEngineSessionManager: EngineSessionManager initialized
[2022.08.13-12.59.33:530][  0]LogEngineSessionManager: EngineSessionManager sent abnormal shutdown report. Type=Crashed, SessionId={3E1B7D21-4518-6563-EEF7-5886D4C8CCD7}
[2022.08.13-12.59.33:530][  0]LogEditorSessionSummary: Verbose: Initializing EditorSessionSummaryWriter for editor session tracking
[2022.08.13-12.59.33:532][  0]LogEditorSessionSummary: EditorSessionSummaryWriter initialized
[2022.08.13-12.59.33:553][  0]LogInit: Transaction tracking system initialized
[2022.08.13-12.59.33:570][  0]BlueprintLog: New page: Editor Load
[2022.08.13-12.59.33:618][  0]LocalizationService: Localization service is disabled
[2022.08.13-12.59.33:637][  0]TimingProfiler: Initialize
[2022.08.13-12.59.33:637][  0]TimingProfiler: OnSessionChanged
[2022.08.13-12.59.33:637][  0]LoadingProfiler: Initialize
[2022.08.13-12.59.33:637][  0]LoadingProfiler: OnSessionChanged
[2022.08.13-12.59.33:637][  0]NetworkingProfiler: Initialize
[2022.08.13-12.59.33:637][  0]NetworkingProfiler: OnSessionChanged
[2022.08.13-12.59.33:637][  0]MemoryProfiler: Initialize
[2022.08.13-12.59.33:637][  0]MemoryProfiler: OnSessionChanged
[2022.08.13-12.59.33:736][  0]LogCook: Display: CookSettings for Memory: MemoryMaxUsedVirtual 0MiB, MemoryMaxUsedPhysical 16384MiB, MemoryMinFreeVirtual 0MiB, MemoryMinFreePhysical 1024MiB
[2022.08.13-12.59.33:736][  0]LogCook: Display: Mobile HDR setting 1
[2022.08.13-12.59.33:886][  0]LogFileCache: Scanning file cache for directory 'E:/UE4_Demo/Content/' took 0.00s
[2022.08.13-12.59.34:030][  0]LogModuleManager: Warning: ModuleManager: Unable to load module 'SequenceRecorderSections'  - 0 instances of that module name found.
[2022.08.13-12.59.34:030][  0]LogInit: Display: Engine is initialized. Leaving FEngineLoop::Init()
[2022.08.13-12.59.34:032][  0]SourceControl: Source control is disabled
[2022.08.13-12.59.34:032][  0]LogUnrealEdMisc: Loading editor; pre map load, took 5.361
[2022.08.13-12.59.34:033][  0]Cmd: MAP LOAD FILE="E:/UE4_Demo/Content/Maps/P_TestMap.umap" TEMPLATE=0 SHOWPROGRESS=1 FEATURELEVEL=3
[2022.08.13-12.59.34:033][  0]LightingResults: New page: Lighting Build
[2022.08.13-12.59.34:034][  0]LogWorld: UWorld::CleanupWorld for Untitled, bSessionEnded=true, bCleanupResources=true
[2022.08.13-12.59.34:034][  0]LogSlate: InvalidateAllWidgets triggered.  All widgets were invalidated
[2022.08.13-12.59.34:034][  0]MapCheck: New page: Map Check
[2022.08.13-12.59.34:034][  0]LightingResults: New page: Lighting Build
[2022.08.13-12.59.34:039][  0]LogAudio: Display: Audio Device unregistered from world 'None'.
[2022.08.13-12.59.34:041][  0]LogUObjectHash: Compacting FUObjectHashTables data took   0.66ms
[2022.08.13-12.59.34:244][  0]LogAudio: Display: Audio Device (ID: 1) registered with world 'P_TestMap'.
[2022.08.13-12.59.34:245][  0]LogAIModule: Creating AISystem for world P_TestMap
[2022.08.13-12.59.34:250][  0]LogEditorServer: Finished looking for orphan Actors (0.000 secs)
[2022.08.13-12.59.34:257][  0]LogUObjectHash: Compacting FUObjectHashTables data took   0.73ms
[2022.08.13-12.59.34:257][  0]Cmd: MAP CHECKDEP NOCLEARLOG
[2022.08.13-12.59.34:257][  0]MapCheck: Map check complete: 0 Error(s), 0 Warning(s), took 0.059ms to complete.
[2022.08.13-12.59.34:257][  0]LogFileHelpers: Loading map 'P_TestMap' took 0.224
[2022.08.13-12.59.34:258][  0]LogUnrealEdMisc: Total Editor Startup Time, took 5.586
[2022.08.13-12.59.34:335][  0]LogWindowsTextInputMethodSystem: Display: IME system activated using TSF (微软拼音).
[2022.08.13-12.59.34:385][  0]LogSlate: Updating window title bar state: overlay mode, drag disabled, window buttons hidden, title bar hidden
[2022.08.13-12.59.34:390][  0]LogSlate: Updating window title bar state: overlay mode, drag disabled, window buttons hidden, title bar hidden
[2022.08.13-12.59.34:395][  0]LogSlate: Updating window title bar state: overlay mode, drag disabled, window buttons hidden, title bar hidden
[2022.08.13-12.59.34:399][  0]LogSlate: Updating window title bar state: overlay mode, drag disabled, window buttons hidden, title bar hidden
[2022.08.13-12.59.34:410][  0]LogNativeClassHierarchy: Verbose: Native class hierarchy populated in 0.0075 seconds. Added 3823 classes and 928 folders.
[2022.08.13-12.59.34:412][  0]LogNativeClassHierarchy: Verbose: Native class hierarchy updated for 'WidgetCarousel' in 0.0002 seconds. Added 0 classes and 0 folders.
[2022.08.13-12.59.34:412][  0]LogShaderLibrary: Display: ShaderCodeLibraryPakFileMountedCallback: PakFile 'D:/UnrealEngine-4.27/FeaturePacks/FP_FirstPerson.upack' (chunk index -1, root 'root:/') mounted
[2022.08.13-12.59.34:412][  0]LogShaderLibrary: Display: ShaderCodeLibraryPakFileMountedCallback: pending pak file info (ChunkID:-1 Root:root:/ File:D:/UnrealEngine-4.27/FeaturePacks/FP_FirstPerson.upack)
[2022.08.13-12.59.34:412][  0]LogPakFile: OnPakFileMounted2Time == 0.000093
[2022.08.13-12.59.34:413][  0]LogShaderLibrary: Display: ShaderCodeLibraryPakFileMountedCallback: PakFile 'D:/UnrealEngine-4.27/FeaturePacks/FP_FirstPersonBP.upack' (chunk index -1, root 'root:/') mounted
[2022.08.13-12.59.34:413][  0]LogShaderLibrary: Display: ShaderCodeLibraryPakFileMountedCallback: pending pak file info (ChunkID:-1 Root:root:/ File:D:/UnrealEngine-4.27/FeaturePacks/FP_FirstPersonBP.upack)
[2022.08.13-12.59.34:413][  0]LogPakFile: OnPakFileMounted2Time == 0.000036
[2022.08.13-12.59.34:413][  0]LogShaderLibrary: Display: ShaderCodeLibraryPakFileMountedCallback: PakFile 'D:/UnrealEngine-4.27/FeaturePacks/MobileStarterContent.upack' (chunk index -1, root 'root:/') mounted
[2022.08.13-12.59.34:413][  0]LogShaderLibrary: Display: ShaderCodeLibraryPakFileMountedCallback: pending pak file info (ChunkID:-1 Root:root:/ File:D:/UnrealEngine-4.27/FeaturePacks/MobileStarterContent.upack)
[2022.08.13-12.59.34:413][  0]LogPakFile: OnPakFileMounted2Time == 0.000035
[2022.08.13-12.59.34:414][  0]LogShaderLibrary: Display: ShaderCodeLibraryPakFileMountedCallback: PakFile 'D:/UnrealEngine-4.27/FeaturePacks/StarterContent.upack' (chunk index -1, root 'root:/') mounted
[2022.08.13-12.59.34:414][  0]LogShaderLibrary: Display: ShaderCodeLibraryPakFileMountedCallback: pending pak file info (ChunkID:-1 Root:root:/ File:D:/UnrealEngine-4.27/FeaturePacks/StarterContent.upack)
[2022.08.13-12.59.34:414][  0]LogPakFile: OnPakFileMounted2Time == 0.000037
[2022.08.13-12.59.34:414][  0]LogShaderLibrary: Display: ShaderCodeLibraryPakFileMountedCallback: PakFile 'D:/UnrealEngine-4.27/FeaturePacks/TP_2DSideScroller.upack' (chunk index -1, root 'root:/') mounted
[2022.08.13-12.59.34:414][  0]LogShaderLibrary: Display: ShaderCodeLibraryPakFileMountedCallback: pending pak file info (ChunkID:-1 Root:root:/ File:D:/UnrealEngine-4.27/FeaturePacks/TP_2DSideScroller.upack)
[2022.08.13-12.59.34:414][  0]LogPakFile: OnPakFileMounted2Time == 0.000034
[2022.08.13-12.59.34:414][  0]LogShaderLibrary: Display: ShaderCodeLibraryPakFileMountedCallback: PakFile 'D:/UnrealEngine-4.27/FeaturePacks/TP_2DSideScrollerBP.upack' (chunk index -1, root 'root:/') mounted
[2022.08.13-12.59.34:414][  0]LogShaderLibrary: Display: ShaderCodeLibraryPakFileMountedCallback: pending pak file info (ChunkID:-1 Root:root:/ File:D:/UnrealEngine-4.27/FeaturePacks/TP_2DSideScrollerBP.upack)
[2022.08.13-12.59.34:414][  0]LogPakFile: OnPakFileMounted2Time == 0.000034
[2022.08.13-12.59.34:415][  0]LogShaderLibrary: Display: ShaderCodeLibraryPakFileMountedCallback: PakFile 'D:/UnrealEngine-4.27/FeaturePacks/TP_Flying.upack' (chunk index -1, root 'root:/') mounted
[2022.08.13-12.59.34:415][  0]LogShaderLibrary: Display: ShaderCodeLibraryPakFileMountedCallback: pending pak file info (ChunkID:-1 Root:root:/ File:D:/UnrealEngine-4.27/FeaturePacks/TP_Flying.upack)
[2022.08.13-12.59.34:415][  0]LogPakFile: OnPakFileMounted2Time == 0.000034
[2022.08.13-12.59.34:415][  0]LogShaderLibrary: Display: ShaderCodeLibraryPakFileMountedCallback: PakFile 'D:/UnrealEngine-4.27/FeaturePacks/TP_FlyingBP.upack' (chunk index -1, root 'root:/') mounted
[2022.08.13-12.59.34:415][  0]LogShaderLibrary: Display: ShaderCodeLibraryPakFileMountedCallback: pending pak file info (ChunkID:-1 Root:root:/ File:D:/UnrealEngine-4.27/FeaturePacks/TP_FlyingBP.upack)
[2022.08.13-12.59.34:415][  0]LogPakFile: OnPakFileMounted2Time == 0.000033
[2022.08.13-12.59.34:415][  0]LogShaderLibrary: Display: ShaderCodeLibraryPakFileMountedCallback: PakFile 'D:/UnrealEngine-4.27/FeaturePacks/TP_Puzzle.upack' (chunk index -1, root 'root:/') mounted
[2022.08.13-12.59.34:415][  0]LogShaderLibrary: Display: ShaderCodeLibraryPakFileMountedCallback: pending pak file info (ChunkID:-1 Root:root:/ File:D:/UnrealEngine-4.27/FeaturePacks/TP_Puzzle.upack)
[2022.08.13-12.59.34:415][  0]LogPakFile: OnPakFileMounted2Time == 0.000035
[2022.08.13-12.59.34:416][  0]LogShaderLibrary: Display: ShaderCodeLibraryPakFileMountedCallback: PakFile 'D:/UnrealEngine-4.27/FeaturePacks/TP_PuzzleBP.upack' (chunk index -1, root 'root:/') mounted
[2022.08.13-12.59.34:416][  0]LogShaderLibrary: Display: ShaderCodeLibraryPakFileMountedCallback: pending pak file info (ChunkID:-1 Root:root:/ File:D:/UnrealEngine-4.27/FeaturePacks/TP_PuzzleBP.upack)
[2022.08.13-12.59.34:416][  0]LogPakFile: OnPakFileMounted2Time == 0.000033
[2022.08.13-12.59.34:416][  0]LogShaderLibrary: Display: ShaderCodeLibraryPakFileMountedCallback: PakFile 'D:/UnrealEngine-4.27/FeaturePacks/TP_Rolling.upack' (chunk index -1, root 'root:/') mounted
[2022.08.13-12.59.34:416][  0]LogShaderLibrary: Display: ShaderCodeLibraryPakFileMountedCallback: pending pak file info (ChunkID:-1 Root:root:/ File:D:/UnrealEngine-4.27/FeaturePacks/TP_Rolling.upack)
[2022.08.13-12.59.34:416][  0]LogPakFile: OnPakFileMounted2Time == 0.000032
[2022.08.13-12.59.34:416][  0]LogShaderLibrary: Display: ShaderCodeLibraryPakFileMountedCallback: PakFile 'D:/UnrealEngine-4.27/FeaturePacks/TP_RollingBP.upack' (chunk index -1, root 'root:/') mounted
[2022.08.13-12.59.34:416][  0]LogShaderLibrary: Display: ShaderCodeLibraryPakFileMountedCallback: pending pak file info (ChunkID:-1 Root:root:/ File:D:/UnrealEngine-4.27/FeaturePacks/TP_RollingBP.upack)
[2022.08.13-12.59.34:416][  0]LogPakFile: OnPakFileMounted2Time == 0.000031
[2022.08.13-12.59.34:416][  0]LogShaderLibrary: Display: ShaderCodeLibraryPakFileMountedCallback: PakFile 'D:/UnrealEngine-4.27/FeaturePacks/TP_SideScroller.upack' (chunk index -1, root 'root:/') mounted
[2022.08.13-12.59.34:416][  0]LogShaderLibrary: Display: ShaderCodeLibraryPakFileMountedCallback: pending pak file info (ChunkID:-1 Root:root:/ File:D:/UnrealEngine-4.27/FeaturePacks/TP_SideScroller.upack)
[2022.08.13-12.59.34:416][  0]LogPakFile: OnPakFileMounted2Time == 0.000032
[2022.08.13-12.59.34:417][  0]LogShaderLibrary: Display: ShaderCodeLibraryPakFileMountedCallback: PakFile 'D:/UnrealEngine-4.27/FeaturePacks/TP_SideScrollerBP.upack' (chunk index -1, root 'root:/') mounted
[2022.08.13-12.59.34:417][  0]LogShaderLibrary: Display: ShaderCodeLibraryPakFileMountedCallback: pending pak file info (ChunkID:-1 Root:root:/ File:D:/UnrealEngine-4.27/FeaturePacks/TP_SideScrollerBP.upack)
[2022.08.13-12.59.34:417][  0]LogPakFile: OnPakFileMounted2Time == 0.000032
[2022.08.13-12.59.34:417][  0]LogShaderLibrary: Display: ShaderCodeLibraryPakFileMountedCallback: PakFile 'D:/UnrealEngine-4.27/FeaturePacks/TP_ThirdPerson.upack' (chunk index -1, root 'root:/') mounted
[2022.08.13-12.59.34:417][  0]LogShaderLibrary: Display: ShaderCodeLibraryPakFileMountedCallback: pending pak file info (ChunkID:-1 Root:root:/ File:D:/UnrealEngine-4.27/FeaturePacks/TP_ThirdPerson.upack)
[2022.08.13-12.59.34:417][  0]LogPakFile: OnPakFileMounted2Time == 0.000031
[2022.08.13-12.59.34:417][  0]LogShaderLibrary: Display: ShaderCodeLibraryPakFileMountedCallback: PakFile 'D:/UnrealEngine-4.27/FeaturePacks/TP_ThirdPersonBP.upack' (chunk index -1, root 'root:/') mounted
[2022.08.13-12.59.34:417][  0]LogShaderLibrary: Display: ShaderCodeLibraryPakFileMountedCallback: pending pak file info (ChunkID:-1 Root:root:/ File:D:/UnrealEngine-4.27/FeaturePacks/TP_ThirdPersonBP.upack)
[2022.08.13-12.59.34:417][  0]LogPakFile: OnPakFileMounted2Time == 0.000032
[2022.08.13-12.59.34:418][  0]LogShaderLibrary: Display: ShaderCodeLibraryPakFileMountedCallback: PakFile 'D:/UnrealEngine-4.27/FeaturePacks/TP_TopDown.upack' (chunk index -1, root 'root:/') mounted
[2022.08.13-12.59.34:418][  0]LogShaderLibrary: Display: ShaderCodeLibraryPakFileMountedCallback: pending pak file info (ChunkID:-1 Root:root:/ File:D:/UnrealEngine-4.27/FeaturePacks/TP_TopDown.upack)
[2022.08.13-12.59.34:418][  0]LogPakFile: OnPakFileMounted2Time == 0.000032
[2022.08.13-12.59.34:418][  0]LogShaderLibrary: Display: ShaderCodeLibraryPakFileMountedCallback: PakFile 'D:/UnrealEngine-4.27/FeaturePacks/TP_TopDownBP.upack' (chunk index -1, root 'root:/') mounted
[2022.08.13-12.59.34:418][  0]LogShaderLibrary: Display: ShaderCodeLibraryPakFileMountedCallback: pending pak file info (ChunkID:-1 Root:root:/ File:D:/UnrealEngine-4.27/FeaturePacks/TP_TopDownBP.upack)
[2022.08.13-12.59.34:418][  0]LogPakFile: OnPakFileMounted2Time == 0.000038
[2022.08.13-12.59.34:418][  0]LogShaderLibrary: Display: ShaderCodeLibraryPakFileMountedCallback: PakFile 'D:/UnrealEngine-4.27/FeaturePacks/TP_TwinStick.upack' (chunk index -1, root 'root:/') mounted
[2022.08.13-12.59.34:418][  0]LogShaderLibrary: Display: ShaderCodeLibraryPakFileMountedCallback: pending pak file info (ChunkID:-1 Root:root:/ File:D:/UnrealEngine-4.27/FeaturePacks/TP_TwinStick.upack)
[2022.08.13-12.59.34:418][  0]LogPakFile: OnPakFileMounted2Time == 0.000032
[2022.08.13-12.59.34:418][  0]LogShaderLibrary: Display: ShaderCodeLibraryPakFileMountedCallback: PakFile 'D:/UnrealEngine-4.27/FeaturePacks/TP_TwinStickBP.upack' (chunk index -1, root 'root:/') mounted
[2022.08.13-12.59.34:418][  0]LogShaderLibrary: Display: ShaderCodeLibraryPakFileMountedCallback: pending pak file info (ChunkID:-1 Root:root:/ File:D:/UnrealEngine-4.27/FeaturePacks/TP_TwinStickBP.upack)
[2022.08.13-12.59.34:418][  0]LogPakFile: OnPakFileMounted2Time == 0.000032
[2022.08.13-12.59.34:418][  0]LogShaderLibrary: Display: ShaderCodeLibraryPakFileMountedCallback: PakFile 'D:/UnrealEngine-4.27/FeaturePacks/TP_Vehicle.upack' (chunk index -1, root 'root:/') mounted
[2022.08.13-12.59.34:418][  0]LogShaderLibrary: Display: ShaderCodeLibraryPakFileMountedCallback: pending pak file info (ChunkID:-1 Root:root:/ File:D:/UnrealEngine-4.27/FeaturePacks/TP_Vehicle.upack)
[2022.08.13-12.59.34:418][  0]LogPakFile: OnPakFileMounted2Time == 0.000032
[2022.08.13-12.59.34:419][  0]LogShaderLibrary: Display: ShaderCodeLibraryPakFileMountedCallback: PakFile 'D:/UnrealEngine-4.27/FeaturePacks/TP_VehicleAdv.upack' (chunk index -1, root 'root:/') mounted
[2022.08.13-12.59.34:419][  0]LogShaderLibrary: Display: ShaderCodeLibraryPakFileMountedCallback: pending pak file info (ChunkID:-1 Root:root:/ File:D:/UnrealEngine-4.27/FeaturePacks/TP_VehicleAdv.upack)
[2022.08.13-12.59.34:419][  0]LogPakFile: OnPakFileMounted2Time == 0.000032
[2022.08.13-12.59.34:419][  0]LogShaderLibrary: Display: ShaderCodeLibraryPakFileMountedCallback: PakFile 'D:/UnrealEngine-4.27/FeaturePacks/TP_VehicleAdvBP.upack' (chunk index -1, root 'root:/') mounted
[2022.08.13-12.59.34:419][  0]LogShaderLibrary: Display: ShaderCodeLibraryPakFileMountedCallback: pending pak file info (ChunkID:-1 Root:root:/ File:D:/UnrealEngine-4.27/FeaturePacks/TP_VehicleAdvBP.upack)
[2022.08.13-12.59.34:419][  0]LogPakFile: OnPakFileMounted2Time == 0.000033
[2022.08.13-12.59.34:419][  0]LogShaderLibrary: Display: ShaderCodeLibraryPakFileMountedCallback: PakFile 'D:/UnrealEngine-4.27/FeaturePacks/TP_VehicleBP.upack' (chunk index -1, root 'root:/') mounted
[2022.08.13-12.59.34:419][  0]LogShaderLibrary: Display: ShaderCodeLibraryPakFileMountedCallback: pending pak file info (ChunkID:-1 Root:root:/ File:D:/UnrealEngine-4.27/FeaturePacks/TP_VehicleBP.upack)
[2022.08.13-12.59.34:419][  0]LogPakFile: OnPakFileMounted2Time == 0.000048
[2022.08.13-12.59.34:420][  0]LogPakFile: PakFile PrimaryIndexSize=192
[2022.08.13-12.59.34:420][  0]LogPakFile: PakFile PathHashIndexSize=101
[2022.08.13-12.59.34:420][  0]LogPakFile: PakFile FullDirectoryIndexSize=158
[2022.08.13-12.59.34:420][  0]LogShaderLibrary: Display: ShaderCodeLibraryPakFileMountedCallback: PakFile 'D:/UnrealEngine-4.27/FeaturePacks/TP_VirtualRealityBP.upack' (chunk index -1, root 'root:/') mounted
[2022.08.13-12.59.34:420][  0]LogShaderLibrary: Display: ShaderCodeLibraryPakFileMountedCallback: pending pak file info (ChunkID:-1 Root:root:/ File:D:/UnrealEngine-4.27/FeaturePacks/TP_VirtualRealityBP.upack)
[2022.08.13-12.59.34:420][  0]LogPakFile: OnPakFileMounted2Time == 0.000025
[2022.08.13-12.59.34:441][  0]LogNativeClassHierarchy: Verbose: Native class hierarchy updated for 'AddContentDialog' in 0.0002 seconds. Added 0 classes and 0 folders.
[2022.08.13-12.59.34:445][  0]LogNativeClassHierarchy: Verbose: Native class hierarchy updated for 'SceneOutliner' in 0.0002 seconds. Added 2 classes and 0 folders.
[2022.08.13-12.59.34:480][  0]LogSlate: Took 0.000165 seconds to synchronously load lazily loaded font '../../../Engine/Content/Slate/Fonts/Roboto-Regular.ttf' (155K)
[2022.08.13-12.59.34:481][  0]LogSlate: Took 0.000127 seconds to synchronously load lazily loaded font '../../../Engine/Content/Editor/Slate/Fonts/FontAwesome.ttf' (139K)
[2022.08.13-12.59.34:482][  0]LogSlate: Took 0.000120 seconds to synchronously load lazily loaded font '../../../Engine/Content/Slate/Fonts/Roboto-Bold.ttf' (160K)
[2022.08.13-12.59.34:549][  0]LogRenderer: Reallocating scene render targets to support 1288x616 Format 10 NumSamples 1 (Frame:1).
[2022.08.13-12.59.34:688][  0]LogNativeClassHierarchy: Verbose: Native class hierarchy updated for 'HierarchicalLODOutliner' in 0.0003 seconds. Added 0 classes and 0 folders.
[2022.08.13-12.59.34:688][  0]LogLoad: (Engine Initialization) Total time: 6.02 seconds
[2022.08.13-12.59.34:688][  0]LogLoad: (Engine Initialization) Total Blueprint compile time: 0.00 seconds
[2022.08.13-12.59.34:723][  0]LogEditorViewport: Clicking on Actor (LMB): StaticMeshActor (Floor)
[2022.08.13-12.59.34:754][  0]LogEditorViewport: Clicking on Component (LMB): StaticMeshComponent (StaticMeshComponent0)
[2022.08.13-12.59.34:791][  0]LogAssetRegistry: Asset discovery search completed in 3.5241 seconds
[2022.08.13-12.59.34:795][  0]LogCollectionManager: Fixed up redirectors for 0 collections in 0.000003 seconds (updated 0 objects)
[2022.08.13-12.59.34:796][  0]LogContentStreaming: Texture pool size now 1000 MB
[2022.08.13-12.59.35:707][ 80]LogSlate: Took 0.000156 seconds to synchronously load lazily loaded font '../../../Engine/Content/Slate/Fonts/Roboto-Light.ttf' (167K)
[2022.08.13-13.00.34:845][257]LogAnalytics: Display: [UEEditor.UnrealEngine.Release] APIServer = https://datarouter.ol.epicgames.com/. AppVersion = 4.27.2-0+++UE4+Release-4.27
[2022.08.13-13.00.36:927][257]LogEditorSessionSummary: EditorSessionSummary sent report. Type=Crashed, SessionId={3E1B7D21-4518-6563-EEF7-5886D4C8CCD7}
[2022.08.13-13.00.41:257][475]LogAssetEditorSubsystem: Opening Asset editor for Blueprint /Game/Blueprints/PlayerPawn.PlayerPawn
[2022.08.13-13.00.41:485][475]LogNativeClassHierarchy: Verbose: Native class hierarchy updated for 'BlueprintGraph' in 0.0006 seconds. Added 126 classes and 0 folders.
[2022.08.13-13.00.42:192][475]LogSlate: Took 0.000122 seconds to synchronously load lazily loaded font '../../../Engine/Content/Slate/Fonts/Roboto-BoldCondensed.ttf' (158K)
[2022.08.13-13.00.42:253][476]LogSlate: Took 0.000205 seconds to synchronously load lazily loaded font '../../../Engine/Content/Slate/Fonts/Roboto-Italic.ttf' (157K)
[2022.08.13-13.01.55:290][162]LogSlate: Window 'PlayerPawn' being destroyed
[2022.08.13-13.01.55:294][162]LogSlate: Window 'PlayerPawn' being destroyed
[2022.08.13-13.01.55:296][162]LogWorld: UWorld::CleanupWorld for World_5, bSessionEnded=true, bCleanupResources=true
[2022.08.13-13.01.55:296][162]LogSlate: InvalidateAllWidgets triggered.  All widgets were invalidated
[2022.08.13-13.02.00:319][684]LogTemp: Repeating last play command: Selected Viewport
[2022.08.13-13.02.00:324][684]LogPlayLevel: PlayLevel: No blueprints needed recompiling
[2022.08.13-13.02.00:324][684]PIE: New page: PIE session: P_TestMap (2022年8月14日 上午5:02:00)
[2022.08.13-13.02.00:325][684]LogOnline: OSS: Creating online subsystem instance for: NULL
[2022.08.13-13.02.00:326][684]LogOnline: OSS: TryLoadSubsystemAndSetDefault: Loaded subsystem for module [NULL]
[2022.08.13-13.02.00:326][684]LogPlayLevel: Creating play world package: /Game/Maps/UEDPIE_0_P_TestMap
[2022.08.13-13.02.00:329][684]LogPlayLevel: PIE: StaticDuplicateObject took: (0.002407s)
[2022.08.13-13.02.00:330][684]LogAIModule: Creating AISystem for world P_TestMap
[2022.08.13-13.02.00:330][684]LogPlayLevel: PIE: World Init took: (0.000968s)
[2022.08.13-13.02.00:330][684]LogPlayLevel: PIE: Created PIE world by copying editor world from /Game/Maps/P_TestMap.P_TestMap to /Game/Maps/UEDPIE_0_P_TestMap.P_TestMap (0.003502s)
[2022.08.13-13.02.00:350][684]LogUObjectHash: Compacting FUObjectHashTables data took   2.34ms
[2022.08.13-13.02.00:353][684]LogAudio: Display: Creating Audio Device:                 Id: 2, Scope: Unique, Realtime: True
[2022.08.13-13.02.00:353][684]LogAudioMixer: Display: Audio Mixer Platform Settings:
[2022.08.13-13.02.00:353][684]LogAudioMixer: Display: 	Sample Rate:						  48000
[2022.08.13-13.02.00:353][684]LogAudioMixer: Display: 	Callback Buffer Frame Size Requested: 1024
[2022.08.13-13.02.00:353][684]LogAudioMixer: Display: 	Callback Buffer Frame Size To Use:	  1024
[2022.08.13-13.02.00:353][684]LogAudioMixer: Display: 	Number of buffers to queue:			  2
[2022.08.13-13.02.00:353][684]LogAudioMixer: Display: 	Max Channels (voices):				  32
[2022.08.13-13.02.00:353][684]LogAudioMixer: Display: 	Number of Async Source Workers:		  0
[2022.08.13-13.02.00:353][684]LogAudio: Display: AudioDevice MaxSources: 32
[2022.08.13-13.02.00:353][684]LogAudio: Display: Audio Spatialization Plugin: None (built-in).
[2022.08.13-13.02.00:353][684]LogAudio: Display: Audio Reverb Plugin: None (built-in).
[2022.08.13-13.02.00:353][684]LogAudio: Display: Audio Occlusion Plugin: None (built-in).
[2022.08.13-13.02.00:353][684]LogAudioMixer: Display: Initializing audio mixer.
[2022.08.13-13.02.00:356][684]LogAudioMixer: Display: 0: FrontLeft
[2022.08.13-13.02.00:356][684]LogAudioMixer: Display: 1: FrontRight
[2022.08.13-13.02.00:363][684]LogAudioMixer: Display: Using Audio Device 扬声器 (JBL PS3300)
[2022.08.13-13.02.00:363][684]LogAudioMixer: Display: Initializing Sound Submixes...
[2022.08.13-13.02.00:363][684]LogAudioMixer: Display: Creating Master Submix 'MasterSubmixDefault'
[2022.08.13-13.02.00:363][684]LogAudioMixer: Display: Creating Master Submix 'MasterReverbSubmixDefault'
[2022.08.13-13.02.00:364][684]LogAudioMixer: Display: Creating Master Submix 'MasterEQSubmixDefault'
[2022.08.13-13.02.00:364][684]LogAudioMixer: FMixerPlatformXAudio2::StartAudioStream() called
[2022.08.13-13.02.00:364][684]LogAudioMixer: Display: Output buffers initialized: Frames=1024, Channels=2, Samples=2048
[2022.08.13-13.02.00:365][684]LogAudioMixer: Display: Starting AudioMixerPlatformInterface::RunInternal()
[2022.08.13-13.02.00:365][684]LogAudioMixer: Display: FMixerPlatformXAudio2::SubmitBuffer() called for the first time
[2022.08.13-13.02.00:365][684]LogInit: FAudioDevice initialized.
[2022.08.13-13.02.00:365][684]LogAudio: Display: Audio Device (ID: 2) registered with world 'P_TestMap'.
[2022.08.13-13.02.00:372][684]LogLoad: Game class is 'GameModeBase'
[2022.08.13-13.02.00:373][684]LogWorld: Bringing World /Game/Maps/UEDPIE_0_P_TestMap.P_TestMap up for play (max tick rate 0) at 2022.08.13-21.02.00
[2022.08.13-13.02.00:373][684]LogWorld: Bringing up level for play took: 0.001250
[2022.08.13-13.02.00:374][684]LogOnline: OSS: Creating online subsystem instance for: :Context_7
[2022.08.13-13.02.00:375][684]LogNativeClassHierarchy: Verbose: Native class hierarchy updated for 'MovieSceneCapture' in 0.0003 seconds. Added 20 classes and 0 folders.
[2022.08.13-13.02.00:376][684]PIE: Server logged in
[2022.08.13-13.02.00:377][684]PIE: Play in editor total start time 0.054 seconds.
[2022.08.13-13.02.05:359][248]LogSlate: Updating window title bar state: overlay mode, drag disabled, window buttons hidden, title bar hidden
[2022.08.13-13.02.05:359][248]LogWorld: BeginTearingDown for /Game/Maps/UEDPIE_0_P_TestMap
[2022.08.13-13.02.05:359][248]LogWorld: UWorld::CleanupWorld for P_TestMap, bSessionEnded=true, bCleanupResources=true
[2022.08.13-13.02.05:359][248]LogSlate: InvalidateAllWidgets triggered.  All widgets were invalidated
[2022.08.13-13.02.05:368][248]LogPlayLevel: Display: Shutting down PIE online subsystems
[2022.08.13-13.02.05:383][248]LogSlate: InvalidateAllWidgets triggered.  All widgets were invalidated
[2022.08.13-13.02.05:404][248]LogAudio: Display: Audio Device unregistered from world 'None'.
[2022.08.13-13.02.05:404][248]LogAudioMixer: FMixerPlatformXAudio2::StopAudioStream() called
[2022.08.13-13.02.05:405][248]LogAudioMixer: FMixerPlatformXAudio2::StopAudioStream() called
[2022.08.13-13.02.05:406][248]LogSlate: Updating window title bar state: overlay mode, drag disabled, window buttons hidden, title bar hidden
[2022.08.13-13.02.05:439][248]LogUObjectHash: Compacting FUObjectHashTables data took   2.71ms
[2022.08.13-13.02.05:471][249]LogPlayLevel: Display: Destroying online subsystem :Context_7
[2022.08.13-13.02.06:550][375]LogSlate: Took 0.000135 seconds to synchronously load lazily loaded font '../../../Engine/Content/Slate/Fonts/DroidSansMono.ttf' (77K)
[2022.08.13-13.02.06:586][375]LogSlate: Took 0.001144 seconds to synchronously load lazily loaded font '../../../Engine/Content/Slate/Fonts/DroidSansFallback.ttf' (3848K)
[2022.08.13-13.02.19:389][598]LogTemp: Repeating last play command: Selected Viewport
[2022.08.13-13.02.19:395][598]LogPlayLevel: PlayLevel: No blueprints needed recompiling
[2022.08.13-13.02.19:395][598]PIE: New page: PIE session: P_TestMap (2022年8月14日 上午5:02:19)
[2022.08.13-13.02.19:395][598]LogPlayLevel: Creating play world package: /Game/Maps/UEDPIE_0_P_TestMap
[2022.08.13-13.02.19:397][598]LogPlayLevel: PIE: StaticDuplicateObject took: (0.002338s)
[2022.08.13-13.02.19:398][598]LogAIModule: Creating AISystem for world P_TestMap
[2022.08.13-13.02.19:398][598]LogPlayLevel: PIE: World Init took: (0.000888s)
[2022.08.13-13.02.19:398][598]LogPlayLevel: PIE: Created PIE world by copying editor world from /Game/Maps/P_TestMap.P_TestMap to /Game/Maps/UEDPIE_0_P_TestMap.P_TestMap (0.003332s)
[2022.08.13-13.02.19:436][598]LogUObjectHash: Compacting FUObjectHashTables data took   2.44ms
[2022.08.13-13.02.19:437][598]LogAudio: Display: Creating Audio Device:                 Id: 3, Scope: Unique, Realtime: True
[2022.08.13-13.02.19:437][598]LogAudioMixer: Display: Audio Mixer Platform Settings:
[2022.08.13-13.02.19:437][598]LogAudioMixer: Display: 	Sample Rate:						  48000
[2022.08.13-13.02.19:437][598]LogAudioMixer: Display: 	Callback Buffer Frame Size Requested: 1024
[2022.08.13-13.02.19:437][598]LogAudioMixer: Display: 	Callback Buffer Frame Size To Use:	  1024
[2022.08.13-13.02.19:437][598]LogAudioMixer: Display: 	Number of buffers to queue:			  2
[2022.08.13-13.02.19:437][598]LogAudioMixer: Display: 	Max Channels (voices):				  32
[2022.08.13-13.02.19:437][598]LogAudioMixer: Display: 	Number of Async Source Workers:		  0
[2022.08.13-13.02.19:437][598]LogAudio: Display: AudioDevice MaxSources: 32
[2022.08.13-13.02.19:437][598]LogAudio: Display: Audio Spatialization Plugin: None (built-in).
[2022.08.13-13.02.19:437][598]LogAudio: Display: Audio Reverb Plugin: None (built-in).
[2022.08.13-13.02.19:437][598]LogAudio: Display: Audio Occlusion Plugin: None (built-in).
[2022.08.13-13.02.19:437][598]LogAudioMixer: Display: Initializing audio mixer.
[2022.08.13-13.02.19:439][598]LogAudioMixer: Display: 0: FrontLeft
[2022.08.13-13.02.19:439][598]LogAudioMixer: Display: 1: FrontRight
[2022.08.13-13.02.19:446][598]LogAudioMixer: Display: Using Audio Device 扬声器 (JBL PS3300)
[2022.08.13-13.02.19:446][598]LogAudioMixer: Display: Initializing Sound Submixes...
[2022.08.13-13.02.19:446][598]LogAudioMixer: Display: Creating Master Submix 'MasterSubmixDefault'
[2022.08.13-13.02.19:446][598]LogAudioMixer: Display: Creating Master Submix 'MasterReverbSubmixDefault'
[2022.08.13-13.02.19:447][598]LogAudioMixer: Display: Creating Master Submix 'MasterEQSubmixDefault'
[2022.08.13-13.02.19:447][598]LogAudioMixer: FMixerPlatformXAudio2::StartAudioStream() called
[2022.08.13-13.02.19:447][598]LogAudioMixer: Display: Output buffers initialized: Frames=1024, Channels=2, Samples=2048
[2022.08.13-13.02.19:448][598]LogAudioMixer: Display: Starting AudioMixerPlatformInterface::RunInternal()
[2022.08.13-13.02.19:448][598]LogAudioMixer: Display: FMixerPlatformXAudio2::SubmitBuffer() called for the first time
[2022.08.13-13.02.19:448][598]LogInit: FAudioDevice initialized.
[2022.08.13-13.02.19:448][598]LogAudio: Display: Audio Device (ID: 3) registered with world 'P_TestMap'.
[2022.08.13-13.02.19:454][598]LogLoad: Game class is 'GameModeBase'
[2022.08.13-13.02.19:455][598]LogWorld: Bringing World /Game/Maps/UEDPIE_0_P_TestMap.P_TestMap up for play (max tick rate 0) at 2022.08.13-21.02.19
[2022.08.13-13.02.19:455][598]LogWorld: Bringing up level for play took: 0.001056
[2022.08.13-13.02.19:455][598]LogOnline: OSS: Creating online subsystem instance for: :Context_8
[2022.08.13-13.02.19:456][598]PIE: Server logged in
[2022.08.13-13.02.19:457][598]PIE: Play in editor total start time 0.063 seconds.
[2022.08.13-13.02.22:619][951]LogSlate: Updating window title bar state: overlay mode, drag disabled, window buttons hidden, title bar hidden
[2022.08.13-13.02.22:619][951]LogWorld: BeginTearingDown for /Game/Maps/UEDPIE_0_P_TestMap
[2022.08.13-13.02.22:619][951]LogWorld: UWorld::CleanupWorld for P_TestMap, bSessionEnded=true, bCleanupResources=true
[2022.08.13-13.02.22:619][951]LogSlate: InvalidateAllWidgets triggered.  All widgets were invalidated
[2022.08.13-13.02.22:625][951]LogPlayLevel: Display: Shutting down PIE online subsystems
[2022.08.13-13.02.22:638][951]LogSlate: InvalidateAllWidgets triggered.  All widgets were invalidated
[2022.08.13-13.02.22:651][951]LogAudio: Display: Audio Device unregistered from world 'None'.
[2022.08.13-13.02.22:651][951]LogAudioMixer: FMixerPlatformXAudio2::StopAudioStream() called
[2022.08.13-13.02.22:652][951]LogAudioMixer: FMixerPlatformXAudio2::StopAudioStream() called
[2022.08.13-13.02.22:654][951]LogSlate: Updating window title bar state: overlay mode, drag disabled, window buttons hidden, title bar hidden
[2022.08.13-13.02.22:655][951]LogUObjectHash: Compacting FUObjectHashTables data took   1.47ms
[2022.08.13-13.02.22:708][953]LogPlayLevel: Display: Destroying online subsystem :Context_8
[2022.08.13-13.02.25:110][223]Cmd: DELETE
[2022.08.13-13.02.25:110][223]Cmd: ACTOR DELETE
[2022.08.13-13.02.25:111][223]LogEditorActor: Deleted Actor: PlayerPawn_C
[2022.08.13-13.02.25:136][223]LogUObjectHash: Compacting FUObjectHashTables data took   1.52ms
[2022.08.13-13.02.25:137][223]LogEditorActor: Deleted 1 Actors (0.027 secs)
[2022.08.13-13.02.29:037][626]Cmd: OBJ SAVEPACKAGE PACKAGE="/Game/Maps/P_TestMap" FILE="E:/UE4_Demo/Content/Maps/P_TestMap.umap" SILENT=true AUTOSAVING=false KEEPDIRTY=false
[2022.08.13-13.02.29:050][626]LogUObjectHash: Compacting FUObjectHashTables data took   0.41ms
[2022.08.13-13.02.29:056][626]LogSavePackage: Moving 'E:/UE4_Demo/Saved/P_TestMap605CEDDE459AE0DBC2BEB59D7FD0130E.tmp' to 'E:/UE4_Demo/Content/Maps/P_TestMap.umap'
[2022.08.13-13.02.29:067][626]Cmd: OBJ SAVEPACKAGE PACKAGE="/Game/Maps/P_TestMap_BuiltData" FILE="E:/UE4_Demo/Content/Maps/P_TestMap_BuiltData.uasset" SILENT=true
[2022.08.13-13.02.29:079][626]LogSavePackage: Moving 'E:/UE4_Demo/Saved/P_TestMap_BuiltData8E32E37D4679F782D29EA68737B2C874.tmp' to 'E:/UE4_Demo/Content/Maps/P_TestMap_BuiltData.uasset'
[2022.08.13-13.02.29:147][626]AssetCheck: New page: Asset Save: multiple assets
[2022.08.13-13.02.29:147][626]LogContentValidation: Display: Validating MapBuildDataRegistry /Game/Maps/P_TestMap_BuiltData.P_TestMap_BuiltData
[2022.08.13-13.02.29:147][626]LogContentValidation: Display: Validating World /Game/Maps/P_TestMap.P_TestMap
[2022.08.13-13.02.32:005][906]LogAssetEditorSubsystem: Opening Asset editor for Blueprint /Game/Blueprints/PlayerPawn.PlayerPawn
[2022.08.13-13.02.34:528][117]LogOutputDevice: Warning: 

Script Stack (0 frames):

[2022.08.13-13.02.34:528][117]LogWindows: Windows GetLastError: 操作成功完成。 (0)
[2022.08.13-13.03.34:528][117]LogWindows: Could not start crash report client using ../../../Engine/Binaries/Win64/CrashReportClientEditor-Win64-Debug.exe
[2022.08.13-13.03.34:528][117]LogMemory: Platform Memory Stats for Windows
[2022.08.13-13.03.34:529][117]LogMemory: Process Physical Memory: 2424.74 MB used, 2426.33 MB peak
[2022.08.13-13.03.34:529][117]LogMemory: Process Virtual Memory: 2630.06 MB used, 2631.66 MB peak
[2022.08.13-13.03.34:529][117]LogMemory: Physical Memory: 15692.36 MB used,  17002.02 MB free, 32694.38 MB total
[2022.08.13-13.03.34:529][117]LogMemory: Virtual Memory: 134207576.00 MB used,  10153.47 MB free, 134217728.00 MB total
[2022.08.13-13.03.34:529][117]LogWindows: Error: === Critical error: ===
[2022.08.13-13.03.34:529][117]LogWindows: Error: 
[2022.08.13-13.03.34:529][117]LogWindows: Error: Fatal error: [File:D:/UnrealEngine-4.27/Engine/Source/Runtime/CoreUObject/Private/UObject/Obj.cpp] [Line: 209] 
[2022.08.13-13.03.34:529][117]LogWindows: Error: Renaming an object (MHealthComponent /Engine/Transient.World_2:PersistentLevel.PlayerPawn_C_0.HealthComp) on top of an existing object (MHealthComponent /Engine/Transient.World_2:PersistentLevel.PlayerPawn_C_0.MHealth_REMOVED_CD7D5D524BC7F2D5248B2E8CA1CD8A72) is not allowed
[2022.08.13-13.03.34:529][117]LogWindows: Error: 
[2022.08.13-13.03.34:529][117]LogWindows: Error: 
[2022.08.13-13.03.34:529][117]LogWindows: Error: 
[2022.08.13-13.03.34:536][117]LogExit: Executing StaticShutdownAfterError
[2022.08.13-13.03.34:543][117]LogWindows: FPlatformMisc::RequestExit(1)
[2022.08.13-13.03.34:543][117]LogWindows: FPlatformMisc::RequestExitWithStatus(1, 3)
[2022.08.13-13.03.34:543][117]LogCore: Engine exit requested (reason: Win RequestExit)
[2022.08.13-13.03.34:546][117]Log file closed, 08/13/22 21:03:34
