Log file open, 08/13/22 20:44:55
LogWindows: Failed to load 'aqProf.dll' (GetLastError=126)
LogWindows: File 'aqProf.dll' does not exist
LogWindows: Failed to load 'VtuneApi.dll' (GetLastError=126)
LogWindows: File 'VtuneApi.dll' does not exist
LogWindows: Failed to load 'VtuneApi32e.dll' (GetLastError=126)
LogWindows: File 'VtuneApi32e.dll' does not exist
LogConsoleResponse: Display: Failed to find resolution value strings in scalability ini. Falling back to default.
LogConsoleResponse: Display: Failed to find resolution value strings in scalability ini. Falling back to default.
LogInit: Display: Running engine for game: Demo
LogPlatformFile: Not using cached read wrapper
LogTaskGraph: Started task graph with 5 named threads and 47 total threads with 3 sets of task threads.
LogStats: Stats thread started at 0.112099
LogICUInternationalization: ICU TimeZone Detection - Raw Offset: +8:00, Platform Override: ''
LogInit: Display: Loading text-based GConfig....
LogPluginManager: Mounting plugin MeshPainting
LogPluginManager: Mounting plugin XGEController
LogPluginManager: Mounting plugin Paper2D
LogPluginManager: Mounting plugin LiveLink
LogPluginManager: Mounting plugin AISupport
LogPluginManager: Mounting plugin EnvironmentQueryEditor
LogPluginManager: Mounting plugin CameraShakePreviewer
LogPluginManager: Mounting plugin GameplayCameras
LogPluginManager: Mounting plugin OodleNetwork
LogPluginManager: Mounting plugin LightPropagationVolume
LogPluginManager: Mounting plugin OodleData
LogPluginManager: Mounting plugin AssetManagerEditor
LogPluginManager: Mounting plugin VariantManagerContent
LogPluginManager: Mounting plugin DatasmithContent
LogPluginManager: Mounting plugin DataValidation
LogPluginManager: Mounting plugin CurveEditorTools
LogPluginManager: Mounting plugin GameplayTagsEditor
LogPluginManager: Mounting plugin CryptoKeys
LogPluginManager: Mounting plugin FacialAnimation
LogPluginManager: Mounting plugin GeometryMode
LogPluginManager: Mounting plugin MaterialAnalyzer
LogPluginManager: Mounting plugin MobileLauncherProfileWizard
LogPluginManager: Mounting plugin PluginBrowser
LogPluginManager: Mounting plugin MacGraphicsSwitching
LogPluginManager: Mounting plugin SpeedTreeImporter
LogPluginManager: Mounting plugin Niagara
LogPluginManager: Mounting plugin LuminPlatformFeatures
LogPluginManager: Mounting plugin MagicLeap
LogPluginManager: Mounting plugin MagicLeapLightEstimation
LogPluginManager: Mounting plugin MagicLeapMedia
LogPluginManager: Mounting plugin MagicLeapPassableWorld
LogPluginManager: Mounting plugin MLSDK
LogPluginManager: Mounting plugin AlembicImporter
LogPluginManager: Mounting plugin AutomationUtils
LogPluginManager: Mounting plugin BackChannel
LogPluginManager: Mounting plugin ChaosClothEditor
LogPluginManager: Mounting plugin ChaosCloth
LogPluginManager: Mounting plugin ChaosNiagara
LogPluginManager: Mounting plugin ChaosEditor
LogPluginManager: Mounting plugin TcpMessaging
LogPluginManager: Mounting plugin ChaosSolverPlugin
LogPluginManager: Mounting plugin ActorSequence
LogPluginManager: Mounting plugin UdpMessaging
LogPluginManager: Mounting plugin MatineeToLevelSequence
LogPluginManager: Mounting plugin AndroidMedia
LogPluginManager: Mounting plugin LevelSequenceEditor
LogPluginManager: Mounting plugin CharacterAI
LogPluginManager: Mounting plugin AvfMedia
LogPluginManager: Mounting plugin TemplateSequence
LogPluginManager: Mounting plugin GeometryCache
LogPluginManager: Mounting plugin GeometryCollectionPlugin
LogPluginManager: Mounting plugin ImgMedia
LogPluginManager: Mounting plugin MediaCompositing
LogPluginManager: Mounting plugin MediaPlayerEditor
LogPluginManager: Mounting plugin WebMMedia
LogPluginManager: Mounting plugin GeometryProcessing
LogPluginManager: Mounting plugin WmfMedia
LogPluginManager: Mounting plugin PythonScriptPlugin
LogPluginManager: Mounting plugin PlanarCut
LogPluginManager: Mounting plugin PlatformCrypto
LogPluginManager: Mounting plugin OpenImageDenoise
LogPluginManager: Mounting plugin ProxyLODPlugin
LogPluginManager: Mounting plugin MotoSynth
LogPluginManager: Mounting plugin SkeletalReduction
LogPluginManager: Mounting plugin LauncherChunkInstaller
LogPluginManager: Mounting plugin OnlineSubsystem
LogPluginManager: Mounting plugin OnlineSubsystemNull
LogPluginManager: Mounting plugin ActorLayerUtilities
LogPluginManager: Mounting plugin OnlineSubsystemUtils
LogPluginManager: Mounting plugin AndroidDeviceProfileSelector
LogPluginManager: Mounting plugin AndroidPermission
LogPluginManager: Mounting plugin AndroidMoviePlayer
LogPluginManager: Mounting plugin AppleImageUtils
LogPluginManager: Mounting plugin AppleMoviePlayer
LogPluginManager: Mounting plugin AudioCapture
LogPluginManager: Mounting plugin AssetTags
LogPluginManager: Mounting plugin CustomMeshComponent
LogPluginManager: Mounting plugin AudioSynesthesia
LogPluginManager: Mounting plugin ArchVisCharacter
LogPluginManager: Mounting plugin ChunkDownloader
LogPluginManager: Mounting plugin CableComponent
LogPluginManager: Mounting plugin ExampleDeviceProfileSelector
LogPluginManager: Mounting plugin GoogleCloudMessaging
LogPluginManager: Mounting plugin EditableMesh
LogPluginManager: Mounting plugin GooglePAD
LogPluginManager: Mounting plugin ScreenshotTools
LogPluginManager: Mounting plugin IOSDeviceProfileSelector
LogPluginManager: Mounting plugin LinuxDeviceProfileSelector
LogPluginManager: Mounting plugin LocationServicesBPLibrary
LogPluginManager: Mounting plugin MobilePatchingUtils
LogPluginManager: Mounting plugin OpenXR
LogPluginManager: Mounting plugin OpenXREyeTracker
LogPluginManager: Mounting plugin OpenXRHandTracking
LogPluginManager: Mounting plugin PhysXVehicles
LogPluginManager: Mounting plugin Takes
LogPluginManager: Mounting plugin PostSplashScreen
LogPluginManager: Mounting plugin ProceduralMeshComponent
LogPluginManager: Mounting plugin PropertyAccessEditor
LogPluginManager: Mounting plugin RuntimePhysXCooking
LogPluginManager: Mounting plugin SignificanceManager
LogPluginManager: Mounting plugin SoundFields
LogPluginManager: Mounting plugin Synthesis
LogPluginManager: Mounting plugin WebMMoviePlayer
LogPluginManager: Mounting plugin AnimationSharing
LogPluginManager: Mounting plugin WindowsMoviePlayer
LogPluginManager: Mounting plugin CodeLiteSourceCodeAccess
LogPluginManager: Mounting plugin CLionSourceCodeAccess
LogPluginManager: Mounting plugin GitSourceControl
LogPluginManager: Mounting plugin KDevelopSourceCodeAccess
LogPluginManager: Mounting plugin PerforceSourceControl
LogPluginManager: Mounting plugin PixWinPlugin
LogPluginManager: Mounting plugin NullSourceCodeAccess
LogPluginManager: Mounting plugin PlasticSourceControl
LogPluginManager: Mounting plugin PluginUtils
LogPluginManager: Mounting plugin RiderSourceCodeAccess
LogPluginManager: Mounting plugin PropertyAccessNode
LogPluginManager: Mounting plugin SubversionSourceControl
LogPluginManager: Mounting plugin TextureFormatOodle
LogPluginManager: Mounting plugin UObjectPlugin
LogPluginManager: Mounting plugin VisualStudioCodeSourceCodeAccess
LogPluginManager: Mounting plugin XCodeSourceCodeAccess
LogPluginManager: Mounting plugin VisualStudioSourceCodeAccess
LogPluginManager: Mounting plugin ContentBrowserClassDataSource
LogPluginManager: Mounting plugin ContentBrowserFileDataSource
LogPluginManager: Mounting plugin ContentBrowserAssetDataSource
LogPluginManager: Mounting plugin OnlineSubsystemGooglePlay
LogPluginManager: Mounting plugin OnlineSubsystemIOS
LogPluginManager: Mounting plugin OculusVR
LogPluginManager: Mounting plugin SteamVR
LogInit: Using libcurl 7.55.1-DEV
LogInit:  - built for x86_64-pc-win32
LogInit:  - supports SSL with OpenSSL/1.1.1
LogInit:  - supports HTTP deflate (compression) using libz 1.2.8
LogInit:  - other features:
LogInit:      CURL_VERSION_SSL
LogInit:      CURL_VERSION_LIBZ
LogInit:      CURL_VERSION_IPV6
LogInit:      CURL_VERSION_ASYNCHDNS
LogInit:      CURL_VERSION_LARGEFILE
LogInit:      CURL_VERSION_IDN
LogInit:  CurlRequestOptions (configurable via config and command line):
LogInit:  - bVerifyPeer = true  - Libcurl will verify peer certificate
LogInit:  - bUseHttpProxy = true  - Libcurl will use HTTP proxy
LogInit:  - HttpProxyAddress = '127.0.0.1:10809'
LogInit:  - bDontReuseConnections = false  - Libcurl will reuse connections
LogInit:  - MaxHostConnections = 16  - Libcurl will limit the number of connections to a host
LogInit:  - LocalHostAddr = Default
LogInit:  - BufferSize = 65536
LogOnline: OSS: Creating online subsystem instance for: NULL
LogInit: WinSock: version 1.1 (2.2), MaxSocks=32767, MaxUdp=65467
LogOnline: OSS: TryLoadSubsystemAndSetDefault: Loaded subsystem for module [NULL]
PixWinPlugin: PIX capture plugin failed to initialize! Check that the process is launched from PIX.
LogOculusPluginWrapper: OculusPlugin initialized successfully
LogHMD: Failed initializing OVRPlugin 1.59.0
LogInit: Build: ++UE4+Release-4.27-CL-0
LogInit: Engine Version: 4.27.2-0+++UE4+Release-4.27
LogInit: Compatible Engine Version: 4.27.0-0+++UE4+Release-4.27
LogInit: Net CL: 0
LogInit: OS: Windows 10 (Release 2009) (), CPU: Intel(R) Core(TM) i7-10700 CPU @ 2.90GHz, GPU: NVIDIA GeForce RTX 3070
LogInit: Compiled (64-bit): Jul 31 2022 17:41:22
LogInit: Compiled with Visual C++: 19.28.29337.00
LogInit: Build Configuration: Development
LogInit: Branch Name: ++UE4+Release-4.27
LogInit: Command Line: 
LogInit: Base Directory: D:/UnrealEngine-4.27/Engine/Binaries/Win64/
LogInit: Allocator: TBB
LogInit: Installed Engine Build: 0
LogDevObjectVersion: Number of dev versions registered: 29
LogDevObjectVersion:   Dev-Blueprints (B0D832E4-1F89-4F0D-ACCF-7EB736FD4AA2): 10
LogDevObjectVersion:   Dev-Build (E1C64328-A22C-4D53-A36C-8E866417BD8C): 0
LogDevObjectVersion:   Dev-Core (375EC13C-06E4-48FB-B500-84F0262A717E): 4
LogDevObjectVersion:   Dev-Editor (E4B068ED-F494-42E9-A231-DA0B2E46BB41): 40
LogDevObjectVersion:   Dev-Framework (CFFC743F-43B0-4480-9391-14DF171D2073): 37
LogDevObjectVersion:   Dev-Mobile (B02B49B5-BB20-44E9-A304-32B752E40360): 3
LogDevObjectVersion:   Dev-Networking (A4E4105C-59A1-49B5-A7C5-40C4547EDFEE): 0
LogDevObjectVersion:   Dev-Online (39C831C9-5AE6-47DC-9A44-9C173E1C8E7C): 0
LogDevObjectVersion:   Dev-Physics (78F01B33-EBEA-4F98-B9B4-84EACCB95AA2): 14
LogDevObjectVersion:   Dev-Platform (6631380F-2D4D-43E0-8009-CF276956A95A): 0
LogDevObjectVersion:   Dev-Rendering (12F88B9F-8875-4AFC-A67C-D90C383ABD29): 45
LogDevObjectVersion:   Dev-Sequencer (7B5AE74C-D270-4C10-A958-57980B212A5A): 13
LogDevObjectVersion:   Dev-VR (D7296918-1DD6-4BDD-9DE2-64A83CC13884): 3
LogDevObjectVersion:   Dev-LoadTimes (C2A15278-BFE7-4AFE-6C17-90FF531DF755): 1
LogDevObjectVersion:   Private-Geometry (6EACA3D4-40EC-4CC1-B786-8BED09428FC5): 3
LogDevObjectVersion:   Dev-AnimPhys (29E575DD-E0A3-4627-9D10-D276232CDCEA): 17
LogDevObjectVersion:   Dev-Anim (AF43A65D-7FD3-4947-9873-3E8ED9C1BB05): 15
LogDevObjectVersion:   Dev-ReflectionCapture (6B266CEC-1EC7-4B8F-A30B-E4D90942FC07): 1
LogDevObjectVersion:   Dev-Automation (0DF73D61-A23F-47EA-B727-89E90C41499A): 1
LogDevObjectVersion:   FortniteMain (601D1886-AC64-4F84-AA16-D3DE0DEAC7D6): 47
LogDevObjectVersion:   FortniteRelease (E7086368-6B23-4C58-8439-1B7016265E91): 1
LogDevObjectVersion:   Dev-Enterprise (9DFFBCD6-494F-0158-E221-12823C92A888): 10
LogDevObjectVersion:   Dev-Niagara (F2AED0AC-9AFE-416F-8664-AA7FFA26D6FC): 1
LogDevObjectVersion:   Dev-Destruction (174F1F0B-B4C6-45A5-B13F-2EE8D0FB917D): 10
LogDevObjectVersion:   Dev-Physics-Ext (35F94A83-E258-406C-A318-09F59610247C): 41
LogDevObjectVersion:   Dev-PhysicsMaterial-Chaos (B68FC16E-8B1B-42E2-B453-215C058844FE): 1
LogDevObjectVersion:   Dev-CineCamera (B2E18506-4273-CFC2-A54E-F4BB758BBA07): 1
LogDevObjectVersion:   Dev-VirtualProduction (64F58936-FD1B-42BA-BA96-7289D5D0FA4E): 1
LogDevObjectVersion:   Dev-MediaFramework (6F0ED827-A609-4895-9C91-998D90180EA4): 2
LogInit: Presizing for max 25165824 objects, including 0 objects not considered by GC, pre-allocating 0 bytes for permanent pool.
LogConfig: Applying CVar settings from Section [/Script/Engine.StreamingSettings] File [E:/UE4_Demo/Saved/Config/Windows/Engine.ini]
LogConfig: Setting CVar [[s.MinBulkDataSizeForAsyncLoading:131072]]
LogConfig: Setting CVar [[s.AsyncLoadingThreadEnabled:0]]
LogConfig: Setting CVar [[s.EventDrivenLoaderEnabled:1]]
LogConfig: Setting CVar [[s.WarnIfTimeLimitExceeded:0]]
LogConfig: Setting CVar [[s.TimeLimitExceededMultiplier:1.5]]
LogConfig: Setting CVar [[s.TimeLimitExceededMinTime:0.005]]
LogConfig: Setting CVar [[s.UseBackgroundLevelStreaming:1]]
LogConfig: Setting CVar [[s.PriorityAsyncLoadingExtraTime:15.0]]
LogConfig: Setting CVar [[s.LevelStreamingActorsUpdateTimeLimit:5.0]]
LogConfig: Setting CVar [[s.PriorityLevelStreamingActorsUpdateExtraTime:5.0]]
LogConfig: Setting CVar [[s.LevelStreamingComponentsRegistrationGranularity:10]]
LogConfig: Setting CVar [[s.UnregisterComponentsTimeLimit:1.0]]
LogConfig: Setting CVar [[s.LevelStreamingComponentsUnregistrationGranularity:5]]
LogConfig: Setting CVar [[s.FlushStreamingOnExit:1]]
LogInit: Object subsystem initialized
LogConfig: Setting CVar [[con.DebugEarlyDefault:1]]
LogConfig: Setting CVar [[r.setres:1280x720]]
[2022.08.13-12.44.56:403][  0]LogConfig: Setting CVar [[r.VSync:0]]
[2022.08.13-12.44.56:403][  0]LogConfig: Setting CVar [[r.RHICmdBypass:0]]
[2022.08.13-12.44.56:403][  0]LogConfig: Applying CVar settings from Section [/Script/Engine.RendererSettings] File [E:/UE4_Demo/Saved/Config/Windows/Engine.ini]
[2022.08.13-12.44.56:403][  0]LogConfig: Setting CVar [[r.GPUCrashDebugging:0]]
[2022.08.13-12.44.56:403][  0]LogConfig: Applying CVar settings from Section [/Script/Engine.RendererOverrideSettings] File [E:/UE4_Demo/Saved/Config/Windows/Engine.ini]
[2022.08.13-12.44.56:403][  0]LogConfig: Applying CVar settings from Section [/Script/Engine.StreamingSettings] File [E:/UE4_Demo/Saved/Config/Windows/Engine.ini]
[2022.08.13-12.44.56:403][  0]LogConfig: Setting CVar [[s.MinBulkDataSizeForAsyncLoading:131072]]
[2022.08.13-12.44.56:403][  0]LogConfig: Setting CVar [[s.AsyncLoadingThreadEnabled:0]]
[2022.08.13-12.44.56:403][  0]LogConfig: Setting CVar [[s.EventDrivenLoaderEnabled:1]]
[2022.08.13-12.44.56:404][  0]LogConfig: Setting CVar [[s.WarnIfTimeLimitExceeded:0]]
[2022.08.13-12.44.56:404][  0]LogConfig: Setting CVar [[s.TimeLimitExceededMultiplier:1.5]]
[2022.08.13-12.44.56:404][  0]LogConfig: Setting CVar [[s.TimeLimitExceededMinTime:0.005]]
[2022.08.13-12.44.56:404][  0]LogConfig: Setting CVar [[s.UseBackgroundLevelStreaming:1]]
[2022.08.13-12.44.56:404][  0]LogConfig: Setting CVar [[s.PriorityAsyncLoadingExtraTime:15.0]]
[2022.08.13-12.44.56:404][  0]LogConfig: Setting CVar [[s.LevelStreamingActorsUpdateTimeLimit:5.0]]
[2022.08.13-12.44.56:404][  0]LogConfig: Setting CVar [[s.PriorityLevelStreamingActorsUpdateExtraTime:5.0]]
[2022.08.13-12.44.56:404][  0]LogConfig: Setting CVar [[s.LevelStreamingComponentsRegistrationGranularity:10]]
[2022.08.13-12.44.56:404][  0]LogConfig: Setting CVar [[s.UnregisterComponentsTimeLimit:1.0]]
[2022.08.13-12.44.56:404][  0]LogConfig: Setting CVar [[s.LevelStreamingComponentsUnregistrationGranularity:5]]
[2022.08.13-12.44.56:404][  0]LogConfig: Setting CVar [[s.FlushStreamingOnExit:1]]
[2022.08.13-12.44.56:404][  0]LogConfig: Applying CVar settings from Section [/Script/Engine.GarbageCollectionSettings] File [E:/UE4_Demo/Saved/Config/Windows/Engine.ini]
[2022.08.13-12.44.56:404][  0]LogConfig: Setting CVar [[gc.MaxObjectsNotConsideredByGC:1]]
[2022.08.13-12.44.56:404][  0]LogConfig: Setting CVar [[gc.SizeOfPermanentObjectPool:0]]
[2022.08.13-12.44.56:404][  0]LogConfig: Setting CVar [[gc.FlushStreamingOnGC:0]]
[2022.08.13-12.44.56:404][  0]LogConfig: Setting CVar [[gc.NumRetriesBeforeForcingGC:10]]
[2022.08.13-12.44.56:404][  0]LogConfig: Setting CVar [[gc.AllowParallelGC:1]]
[2022.08.13-12.44.56:404][  0]LogConfig: Setting CVar [[gc.TimeBetweenPurgingPendingKillObjects:61.1]]
[2022.08.13-12.44.56:404][  0]LogConfig: Setting CVar [[gc.MaxObjectsInEditor:25165824]]
[2022.08.13-12.44.56:404][  0]LogConfig: Setting CVar [[gc.IncrementalBeginDestroyEnabled:1]]
[2022.08.13-12.44.56:404][  0]LogConfig: Setting CVar [[gc.CreateGCClusters:1]]
[2022.08.13-12.44.56:404][  0]LogConfig: Setting CVar [[gc.MinGCClusterSize:5]]
[2022.08.13-12.44.56:404][  0]LogConfig: Setting CVar [[gc.ActorClusteringEnabled:0]]
[2022.08.13-12.44.56:404][  0]LogConfig: Setting CVar [[gc.BlueprintClusteringEnabled:0]]
[2022.08.13-12.44.56:404][  0]LogConfig: Setting CVar [[gc.UseDisregardForGCOnDedicatedServers:0]]
[2022.08.13-12.44.56:404][  0]LogConfig: Setting CVar [[gc.MultithreadedDestructionEnabled:1]]
[2022.08.13-12.44.56:404][  0]LogConfig: Applying CVar settings from Section [/Script/Engine.NetworkSettings] File [E:/UE4_Demo/Saved/Config/Windows/Engine.ini]
[2022.08.13-12.44.56:404][  0]LogConfig: Applying CVar settings from Section [/Script/UnrealEd.CookerSettings] File [E:/UE4_Demo/Saved/Config/Windows/Engine.ini]
[2022.08.13-12.44.56:418][  0]LogConfig: Applying CVar settings from Section [ViewDistanceQuality@3] File [E:/UE4_Demo/Saved/Config/Windows/Scalability.ini]
[2022.08.13-12.44.56:418][  0]LogConfig: Setting CVar [[r.SkeletalMeshLODBias:0]]
[2022.08.13-12.44.56:418][  0]LogConfig: Setting CVar [[r.ViewDistanceScale:1.0]]
[2022.08.13-12.44.56:418][  0]LogConfig: Applying CVar settings from Section [AntiAliasingQuality@3] File [E:/UE4_Demo/Saved/Config/Windows/Scalability.ini]
[2022.08.13-12.44.56:418][  0]LogConfig: Setting CVar [[r.PostProcessAAQuality:4]]
[2022.08.13-12.44.56:419][  0]LogConfig: Applying CVar settings from Section [ShadowQuality@3] File [E:/UE4_Demo/Saved/Config/Windows/Scalability.ini]
[2022.08.13-12.44.56:419][  0]LogConfig: Setting CVar [[r.LightFunctionQuality:1]]
[2022.08.13-12.44.56:419][  0]LogConfig: Setting CVar [[r.ShadowQuality:5]]
[2022.08.13-12.44.56:419][  0]LogConfig: Setting CVar [[r.Shadow.CSM.MaxCascades:10]]
[2022.08.13-12.44.56:419][  0]LogConfig: Setting CVar [[r.Shadow.MaxResolution:2048]]
[2022.08.13-12.44.56:419][  0]LogConfig: Setting CVar [[r.Shadow.MaxCSMResolution:2048]]
[2022.08.13-12.44.56:419][  0]LogConfig: Setting CVar [[r.Shadow.RadiusThreshold:0.01]]
[2022.08.13-12.44.56:419][  0]LogConfig: Setting CVar [[r.Shadow.DistanceScale:1.0]]
[2022.08.13-12.44.56:419][  0]LogConfig: Setting CVar [[r.Shadow.CSM.TransitionScale:1.0]]
[2022.08.13-12.44.56:419][  0]LogConfig: Setting CVar [[r.Shadow.PreShadowResolutionFactor:1.0]]
[2022.08.13-12.44.56:419][  0]LogConfig: Setting CVar [[r.DistanceFieldShadowing:1]]
[2022.08.13-12.44.56:419][  0]LogConfig: Setting CVar [[r.DistanceFieldAO:1]]
[2022.08.13-12.44.56:419][  0]LogConfig: Setting CVar [[r.AOQuality:2]]
[2022.08.13-12.44.56:419][  0]LogConfig: Setting CVar [[r.VolumetricFog:1]]
[2022.08.13-12.44.56:419][  0]LogConfig: Setting CVar [[r.VolumetricFog.GridPixelSize:8]]
[2022.08.13-12.44.56:419][  0]LogConfig: Setting CVar [[r.VolumetricFog.GridSizeZ:128]]
[2022.08.13-12.44.56:419][  0]LogConfig: Setting CVar [[r.VolumetricFog.HistoryMissSupersampleCount:4]]
[2022.08.13-12.44.56:419][  0]LogConfig: Setting CVar [[r.LightMaxDrawDistanceScale:1]]
[2022.08.13-12.44.56:419][  0]LogConfig: Setting CVar [[r.CapsuleShadows:1]]
[2022.08.13-12.44.56:419][  0]LogConfig: Applying CVar settings from Section [PostProcessQuality@3] File [E:/UE4_Demo/Saved/Config/Windows/Scalability.ini]
[2022.08.13-12.44.56:419][  0]LogConfig: Setting CVar [[r.MotionBlurQuality:4]]
[2022.08.13-12.44.56:419][  0]LogConfig: Setting CVar [[r.AmbientOcclusionMipLevelFactor:0.4]]
[2022.08.13-12.44.56:419][  0]LogConfig: Setting CVar [[r.AmbientOcclusionMaxQuality:100]]
[2022.08.13-12.44.56:419][  0]LogConfig: Setting CVar [[r.AmbientOcclusionLevels:-1]]
[2022.08.13-12.44.56:419][  0]LogConfig: Setting CVar [[r.AmbientOcclusionRadiusScale:1.0]]
[2022.08.13-12.44.56:419][  0]LogConfig: Setting CVar [[r.DepthOfFieldQuality:2]]
[2022.08.13-12.44.56:419][  0]LogConfig: Setting CVar [[r.RenderTargetPoolMin:400]]
[2022.08.13-12.44.56:419][  0]LogConfig: Setting CVar [[r.LensFlareQuality:2]]
[2022.08.13-12.44.56:419][  0]LogConfig: Setting CVar [[r.SceneColorFringeQuality:1]]
[2022.08.13-12.44.56:419][  0]LogConfig: Setting CVar [[r.EyeAdaptationQuality:2]]
[2022.08.13-12.44.56:419][  0]LogConfig: Setting CVar [[r.BloomQuality:5]]
[2022.08.13-12.44.56:419][  0]LogConfig: Setting CVar [[r.FastBlurThreshold:100]]
[2022.08.13-12.44.56:419][  0]LogConfig: Setting CVar [[r.Upscale.Quality:3]]
[2022.08.13-12.44.56:419][  0]LogConfig: Setting CVar [[r.Tonemapper.GrainQuantization:1]]
[2022.08.13-12.44.56:419][  0]LogConfig: Setting CVar [[r.LightShaftQuality:1]]
[2022.08.13-12.44.56:419][  0]LogConfig: Setting CVar [[r.Filter.SizeScale:1]]
[2022.08.13-12.44.56:419][  0]LogConfig: Setting CVar [[r.Tonemapper.Quality:5]]
[2022.08.13-12.44.56:419][  0]LogConfig: Setting CVar [[r.DOF.Gather.AccumulatorQuality:1        ; higher gathering accumulator quality]]
[2022.08.13-12.44.56:419][  0]LogConfig: Setting CVar [[r.DOF.Gather.PostfilterMethod:1          ; Median3x3 postfilering method]]
[2022.08.13-12.44.56:419][  0]LogConfig: Setting CVar [[r.DOF.Gather.EnableBokehSettings:0       ; no bokeh simulation when gathering]]
[2022.08.13-12.44.56:419][  0]LogConfig: Setting CVar [[r.DOF.Gather.RingCount:4                 ; medium number of samples when gathering]]
[2022.08.13-12.44.56:419][  0]LogConfig: Setting CVar [[r.DOF.Scatter.ForegroundCompositing:1    ; additive foreground scattering]]
[2022.08.13-12.44.56:419][  0]LogConfig: Setting CVar [[r.DOF.Scatter.BackgroundCompositing:2    ; additive background scattering]]
[2022.08.13-12.44.56:419][  0]LogConfig: Setting CVar [[r.DOF.Scatter.EnableBokehSettings:1      ; bokeh simulation when scattering]]
[2022.08.13-12.44.56:419][  0]LogConfig: Setting CVar [[r.DOF.Scatter.MaxSpriteRatio:0.1         ; only a maximum of 10% of scattered bokeh]]
[2022.08.13-12.44.56:419][  0]LogConfig: Setting CVar [[r.DOF.Recombine.Quality:1                ; cheap slight out of focus]]
[2022.08.13-12.44.56:419][  0]LogConfig: Setting CVar [[r.DOF.Recombine.EnableBokehSettings:0    ; no bokeh simulation on slight out of focus]]
[2022.08.13-12.44.56:419][  0]LogConfig: Setting CVar [[r.DOF.TemporalAAQuality:1                ; more stable temporal accumulation]]
[2022.08.13-12.44.56:419][  0]LogConfig: Setting CVar [[r.DOF.Kernel.MaxForegroundRadius:0.025]]
[2022.08.13-12.44.56:419][  0]LogConfig: Setting CVar [[r.DOF.Kernel.MaxBackgroundRadius:0.025]]
[2022.08.13-12.44.56:419][  0]LogConfig: Applying CVar settings from Section [TextureQuality@3] File [E:/UE4_Demo/Saved/Config/Windows/Scalability.ini]
[2022.08.13-12.44.56:419][  0]LogConfig: Setting CVar [[r.Streaming.MipBias:0]]
[2022.08.13-12.44.56:419][  0]LogConfig: Setting CVar [[r.Streaming.AmortizeCPUToGPUCopy:0]]
[2022.08.13-12.44.56:419][  0]LogConfig: Setting CVar [[r.Streaming.MaxNumTexturesToStreamPerFrame:0]]
[2022.08.13-12.44.56:419][  0]LogConfig: Setting CVar [[r.Streaming.Boost:1]]
[2022.08.13-12.44.56:419][  0]LogConfig: Setting CVar [[r.MaxAnisotropy:8]]
[2022.08.13-12.44.56:419][  0]LogConfig: Setting CVar [[r.VT.MaxAnisotropy:8]]
[2022.08.13-12.44.56:419][  0]LogConfig: Setting CVar [[r.Streaming.LimitPoolSizeToVRAM:0]]
[2022.08.13-12.44.56:419][  0]LogConfig: Setting CVar [[r.Streaming.PoolSize:1000]]
[2022.08.13-12.44.56:419][  0]LogConfig: Setting CVar [[r.Streaming.MaxEffectiveScreenSize:0]]
[2022.08.13-12.44.56:419][  0]LogConfig: Applying CVar settings from Section [EffectsQuality@3] File [E:/UE4_Demo/Saved/Config/Windows/Scalability.ini]
[2022.08.13-12.44.56:419][  0]LogConfig: Setting CVar [[r.TranslucencyLightingVolumeDim:64]]
[2022.08.13-12.44.56:419][  0]LogConfig: Setting CVar [[r.RefractionQuality:2]]
[2022.08.13-12.44.56:419][  0]LogConfig: Setting CVar [[r.SSR.Quality:3]]
[2022.08.13-12.44.56:420][  0]LogConfig: Setting CVar [[r.SSR.HalfResSceneColor:0]]
[2022.08.13-12.44.56:420][  0]LogConfig: Setting CVar [[r.SceneColorFormat:4]]
[2022.08.13-12.44.56:420][  0]LogConfig: Setting CVar [[r.DetailMode:2]]
[2022.08.13-12.44.56:420][  0]LogConfig: Setting CVar [[r.TranslucencyVolumeBlur:1]]
[2022.08.13-12.44.56:420][  0]LogConfig: Setting CVar [[r.MaterialQualityLevel:1 ; High quality]]
[2022.08.13-12.44.56:420][  0]LogConfig: Setting CVar [[r.AnisotropicMaterials:1]]
[2022.08.13-12.44.56:420][  0]LogConfig: Setting CVar [[r.SSS.Scale:1]]
[2022.08.13-12.44.56:420][  0]LogConfig: Setting CVar [[r.SSS.SampleSet:2]]
[2022.08.13-12.44.56:420][  0]LogConfig: Setting CVar [[r.SSS.Quality:1]]
[2022.08.13-12.44.56:420][  0]LogConfig: Setting CVar [[r.SSS.HalfRes:0]]
[2022.08.13-12.44.56:420][  0]LogConfig: Setting CVar [[r.SSGI.Quality:3]]
[2022.08.13-12.44.56:420][  0]LogConfig: Setting CVar [[r.EmitterSpawnRateScale:1.0]]
[2022.08.13-12.44.56:420][  0]LogConfig: Setting CVar [[r.ParticleLightQuality:2]]
[2022.08.13-12.44.56:420][  0]LogConfig: Setting CVar [[r.SkyAtmosphere.AerialPerspectiveLUT.FastApplyOnOpaque:1 ; Always have FastSkyLUT 1 in this case to avoid wrong sky]]
[2022.08.13-12.44.56:420][  0]LogConfig: Setting CVar [[r.SkyAtmosphere.AerialPerspectiveLUT.SampleCountMaxPerSlice:4]]
[2022.08.13-12.44.56:420][  0]LogConfig: Setting CVar [[r.SkyAtmosphere.AerialPerspectiveLUT.DepthResolution:16.0]]
[2022.08.13-12.44.56:420][  0]LogConfig: Setting CVar [[r.SkyAtmosphere.FastSkyLUT:1]]
[2022.08.13-12.44.56:420][  0]LogConfig: Setting CVar [[r.SkyAtmosphere.FastSkyLUT.SampleCountMin:4.0]]
[2022.08.13-12.44.56:420][  0]LogConfig: Setting CVar [[r.SkyAtmosphere.FastSkyLUT.SampleCountMax:128.0]]
[2022.08.13-12.44.56:420][  0]LogConfig: Setting CVar [[r.SkyAtmosphere.SampleCountMin:4.0]]
[2022.08.13-12.44.56:420][  0]LogConfig: Setting CVar [[r.SkyAtmosphere.SampleCountMax:128.0]]
[2022.08.13-12.44.56:420][  0]LogConfig: Setting CVar [[r.SkyAtmosphere.TransmittanceLUT.UseSmallFormat:0]]
[2022.08.13-12.44.56:420][  0]LogConfig: Setting CVar [[r.SkyAtmosphere.TransmittanceLUT.SampleCount:10.0]]
[2022.08.13-12.44.56:420][  0]LogConfig: Setting CVar [[r.SkyAtmosphere.MultiScatteringLUT.SampleCount:15.0]]
[2022.08.13-12.44.56:420][  0]LogConfig: Setting CVar [[r.SkyLight.RealTimeReflectionCapture:1]]
[2022.08.13-12.44.56:420][  0]LogConfig: Applying CVar settings from Section [FoliageQuality@3] File [E:/UE4_Demo/Saved/Config/Windows/Scalability.ini]
[2022.08.13-12.44.56:420][  0]LogConfig: Setting CVar [[foliage.DensityScale:1.0]]
[2022.08.13-12.44.56:420][  0]LogConfig: Setting CVar [[grass.DensityScale:1.0]]
[2022.08.13-12.44.56:420][  0]LogConfig: Applying CVar settings from Section [ShadingQuality@3] File [E:/UE4_Demo/Saved/Config/Windows/Scalability.ini]
[2022.08.13-12.44.56:420][  0]LogConfig: Setting CVar [[r.HairStrands.SkyLighting.IntegrationType:2]]
[2022.08.13-12.44.56:420][  0]LogConfig: Setting CVar [[r.HairStrands.SkyAO.SampleCount:4]]
[2022.08.13-12.44.56:420][  0]LogConfig: Setting CVar [[r.HairStrands.Visibility.MSAA.SamplePerPixel:4]]
[2022.08.13-12.44.56:420][  0]LogInit: Selected Device Profile: [Windows]
[2022.08.13-12.44.56:420][  0]LogInit: Applying CVar settings loaded from the selected device profile: [Windows]
[2022.08.13-12.44.56:420][  0]LogHAL: Display: Platform has ~ 32 GB [34282545152 / 34359738368 / 32], which maps to Largest [LargestMinGB=32, LargerMinGB=12, DefaultMinGB=8, SmallerMinGB=6, SmallestMinGB=0)
[2022.08.13-12.44.56:420][  0]LogInit: Going up to parent DeviceProfile []
[2022.08.13-12.44.56:420][  0]LogConfig: Applying CVar settings from Section [ViewDistanceQuality@3] File [E:/UE4_Demo/Saved/Config/Windows/Scalability.ini]
[2022.08.13-12.44.56:420][  0]LogConfig: Setting CVar [[r.SkeletalMeshLODBias:0]]
[2022.08.13-12.44.56:420][  0]LogConfig: Setting CVar [[r.ViewDistanceScale:1.0]]
[2022.08.13-12.44.56:420][  0]LogConfig: Applying CVar settings from Section [AntiAliasingQuality@3] File [E:/UE4_Demo/Saved/Config/Windows/Scalability.ini]
[2022.08.13-12.44.56:420][  0]LogConfig: Setting CVar [[r.PostProcessAAQuality:4]]
[2022.08.13-12.44.56:420][  0]LogConfig: Applying CVar settings from Section [ShadowQuality@3] File [E:/UE4_Demo/Saved/Config/Windows/Scalability.ini]
[2022.08.13-12.44.56:420][  0]LogConfig: Setting CVar [[r.LightFunctionQuality:1]]
[2022.08.13-12.44.56:420][  0]LogConfig: Setting CVar [[r.ShadowQuality:5]]
[2022.08.13-12.44.56:420][  0]LogConfig: Setting CVar [[r.Shadow.CSM.MaxCascades:10]]
[2022.08.13-12.44.56:420][  0]LogConfig: Setting CVar [[r.Shadow.MaxResolution:2048]]
[2022.08.13-12.44.56:420][  0]LogConfig: Setting CVar [[r.Shadow.MaxCSMResolution:2048]]
[2022.08.13-12.44.56:420][  0]LogConfig: Setting CVar [[r.Shadow.RadiusThreshold:0.01]]
[2022.08.13-12.44.56:420][  0]LogConfig: Setting CVar [[r.Shadow.DistanceScale:1.0]]
[2022.08.13-12.44.56:420][  0]LogConfig: Setting CVar [[r.Shadow.CSM.TransitionScale:1.0]]
[2022.08.13-12.44.56:420][  0]LogConfig: Setting CVar [[r.Shadow.PreShadowResolutionFactor:1.0]]
[2022.08.13-12.44.56:420][  0]LogConfig: Setting CVar [[r.DistanceFieldShadowing:1]]
[2022.08.13-12.44.56:420][  0]LogConfig: Setting CVar [[r.DistanceFieldAO:1]]
[2022.08.13-12.44.56:420][  0]LogConfig: Setting CVar [[r.AOQuality:2]]
[2022.08.13-12.44.56:420][  0]LogConfig: Setting CVar [[r.VolumetricFog:1]]
[2022.08.13-12.44.56:420][  0]LogConfig: Setting CVar [[r.VolumetricFog.GridPixelSize:8]]
[2022.08.13-12.44.56:420][  0]LogConfig: Setting CVar [[r.VolumetricFog.GridSizeZ:128]]
[2022.08.13-12.44.56:420][  0]LogConfig: Setting CVar [[r.VolumetricFog.HistoryMissSupersampleCount:4]]
[2022.08.13-12.44.56:420][  0]LogConfig: Setting CVar [[r.LightMaxDrawDistanceScale:1]]
[2022.08.13-12.44.56:420][  0]LogConfig: Setting CVar [[r.CapsuleShadows:1]]
[2022.08.13-12.44.56:420][  0]LogConfig: Applying CVar settings from Section [PostProcessQuality@3] File [E:/UE4_Demo/Saved/Config/Windows/Scalability.ini]
[2022.08.13-12.44.56:420][  0]LogConfig: Setting CVar [[r.MotionBlurQuality:4]]
[2022.08.13-12.44.56:420][  0]LogConfig: Setting CVar [[r.AmbientOcclusionMipLevelFactor:0.4]]
[2022.08.13-12.44.56:420][  0]LogConfig: Setting CVar [[r.AmbientOcclusionMaxQuality:100]]
[2022.08.13-12.44.56:420][  0]LogConfig: Setting CVar [[r.AmbientOcclusionLevels:-1]]
[2022.08.13-12.44.56:420][  0]LogConfig: Setting CVar [[r.AmbientOcclusionRadiusScale:1.0]]
[2022.08.13-12.44.56:420][  0]LogConfig: Setting CVar [[r.DepthOfFieldQuality:2]]
[2022.08.13-12.44.56:421][  0]LogConfig: Setting CVar [[r.RenderTargetPoolMin:400]]
[2022.08.13-12.44.56:421][  0]LogConfig: Setting CVar [[r.LensFlareQuality:2]]
[2022.08.13-12.44.56:421][  0]LogConfig: Setting CVar [[r.SceneColorFringeQuality:1]]
[2022.08.13-12.44.56:421][  0]LogConfig: Setting CVar [[r.EyeAdaptationQuality:2]]
[2022.08.13-12.44.56:421][  0]LogConfig: Setting CVar [[r.BloomQuality:5]]
[2022.08.13-12.44.56:421][  0]LogConfig: Setting CVar [[r.FastBlurThreshold:100]]
[2022.08.13-12.44.56:421][  0]LogConfig: Setting CVar [[r.Upscale.Quality:3]]
[2022.08.13-12.44.56:421][  0]LogConfig: Setting CVar [[r.Tonemapper.GrainQuantization:1]]
[2022.08.13-12.44.56:421][  0]LogConfig: Setting CVar [[r.LightShaftQuality:1]]
[2022.08.13-12.44.56:421][  0]LogConfig: Setting CVar [[r.Filter.SizeScale:1]]
[2022.08.13-12.44.56:421][  0]LogConfig: Setting CVar [[r.Tonemapper.Quality:5]]
[2022.08.13-12.44.56:421][  0]LogConfig: Setting CVar [[r.DOF.Gather.AccumulatorQuality:1        ; higher gathering accumulator quality]]
[2022.08.13-12.44.56:421][  0]LogConfig: Setting CVar [[r.DOF.Gather.PostfilterMethod:1          ; Median3x3 postfilering method]]
[2022.08.13-12.44.56:421][  0]LogConfig: Setting CVar [[r.DOF.Gather.EnableBokehSettings:0       ; no bokeh simulation when gathering]]
[2022.08.13-12.44.56:421][  0]LogConfig: Setting CVar [[r.DOF.Gather.RingCount:4                 ; medium number of samples when gathering]]
[2022.08.13-12.44.56:421][  0]LogConfig: Setting CVar [[r.DOF.Scatter.ForegroundCompositing:1    ; additive foreground scattering]]
[2022.08.13-12.44.56:421][  0]LogConfig: Setting CVar [[r.DOF.Scatter.BackgroundCompositing:2    ; additive background scattering]]
[2022.08.13-12.44.56:421][  0]LogConfig: Setting CVar [[r.DOF.Scatter.EnableBokehSettings:1      ; bokeh simulation when scattering]]
[2022.08.13-12.44.56:421][  0]LogConfig: Setting CVar [[r.DOF.Scatter.MaxSpriteRatio:0.1         ; only a maximum of 10% of scattered bokeh]]
[2022.08.13-12.44.56:421][  0]LogConfig: Setting CVar [[r.DOF.Recombine.Quality:1                ; cheap slight out of focus]]
[2022.08.13-12.44.56:421][  0]LogConfig: Setting CVar [[r.DOF.Recombine.EnableBokehSettings:0    ; no bokeh simulation on slight out of focus]]
[2022.08.13-12.44.56:421][  0]LogConfig: Setting CVar [[r.DOF.TemporalAAQuality:1                ; more stable temporal accumulation]]
[2022.08.13-12.44.56:421][  0]LogConfig: Setting CVar [[r.DOF.Kernel.MaxForegroundRadius:0.025]]
[2022.08.13-12.44.56:421][  0]LogConfig: Setting CVar [[r.DOF.Kernel.MaxBackgroundRadius:0.025]]
[2022.08.13-12.44.56:421][  0]LogConfig: Applying CVar settings from Section [TextureQuality@3] File [E:/UE4_Demo/Saved/Config/Windows/Scalability.ini]
[2022.08.13-12.44.56:421][  0]LogConfig: Setting CVar [[r.Streaming.MipBias:0]]
[2022.08.13-12.44.56:421][  0]LogConfig: Setting CVar [[r.Streaming.AmortizeCPUToGPUCopy:0]]
[2022.08.13-12.44.56:421][  0]LogConfig: Setting CVar [[r.Streaming.MaxNumTexturesToStreamPerFrame:0]]
[2022.08.13-12.44.56:421][  0]LogConfig: Setting CVar [[r.Streaming.Boost:1]]
[2022.08.13-12.44.56:421][  0]LogConfig: Setting CVar [[r.MaxAnisotropy:8]]
[2022.08.13-12.44.56:421][  0]LogConfig: Setting CVar [[r.VT.MaxAnisotropy:8]]
[2022.08.13-12.44.56:421][  0]LogConfig: Setting CVar [[r.Streaming.LimitPoolSizeToVRAM:0]]
[2022.08.13-12.44.56:421][  0]LogConfig: Setting CVar [[r.Streaming.PoolSize:1000]]
[2022.08.13-12.44.56:421][  0]LogConfig: Setting CVar [[r.Streaming.MaxEffectiveScreenSize:0]]
[2022.08.13-12.44.56:421][  0]LogConfig: Applying CVar settings from Section [EffectsQuality@3] File [E:/UE4_Demo/Saved/Config/Windows/Scalability.ini]
[2022.08.13-12.44.56:421][  0]LogConfig: Setting CVar [[r.TranslucencyLightingVolumeDim:64]]
[2022.08.13-12.44.56:421][  0]LogConfig: Setting CVar [[r.RefractionQuality:2]]
[2022.08.13-12.44.56:421][  0]LogConfig: Setting CVar [[r.SSR.Quality:3]]
[2022.08.13-12.44.56:421][  0]LogConfig: Setting CVar [[r.SSR.HalfResSceneColor:0]]
[2022.08.13-12.44.56:421][  0]LogConfig: Setting CVar [[r.SceneColorFormat:4]]
[2022.08.13-12.44.56:421][  0]LogConfig: Setting CVar [[r.DetailMode:2]]
[2022.08.13-12.44.56:421][  0]LogConfig: Setting CVar [[r.TranslucencyVolumeBlur:1]]
[2022.08.13-12.44.56:421][  0]LogConfig: Setting CVar [[r.MaterialQualityLevel:1 ; High quality]]
[2022.08.13-12.44.56:421][  0]LogConfig: Setting CVar [[r.AnisotropicMaterials:1]]
[2022.08.13-12.44.56:421][  0]LogConfig: Setting CVar [[r.SSS.Scale:1]]
[2022.08.13-12.44.56:421][  0]LogConfig: Setting CVar [[r.SSS.SampleSet:2]]
[2022.08.13-12.44.56:421][  0]LogConfig: Setting CVar [[r.SSS.Quality:1]]
[2022.08.13-12.44.56:421][  0]LogConfig: Setting CVar [[r.SSS.HalfRes:0]]
[2022.08.13-12.44.56:421][  0]LogConfig: Setting CVar [[r.SSGI.Quality:3]]
[2022.08.13-12.44.56:421][  0]LogConfig: Setting CVar [[r.EmitterSpawnRateScale:1.0]]
[2022.08.13-12.44.56:421][  0]LogConfig: Setting CVar [[r.ParticleLightQuality:2]]
[2022.08.13-12.44.56:421][  0]LogConfig: Setting CVar [[r.SkyAtmosphere.AerialPerspectiveLUT.FastApplyOnOpaque:1 ; Always have FastSkyLUT 1 in this case to avoid wrong sky]]
[2022.08.13-12.44.56:421][  0]LogConfig: Setting CVar [[r.SkyAtmosphere.AerialPerspectiveLUT.SampleCountMaxPerSlice:4]]
[2022.08.13-12.44.56:421][  0]LogConfig: Setting CVar [[r.SkyAtmosphere.AerialPerspectiveLUT.DepthResolution:16.0]]
[2022.08.13-12.44.56:421][  0]LogConfig: Setting CVar [[r.SkyAtmosphere.FastSkyLUT:1]]
[2022.08.13-12.44.56:421][  0]LogConfig: Setting CVar [[r.SkyAtmosphere.FastSkyLUT.SampleCountMin:4.0]]
[2022.08.13-12.44.56:421][  0]LogConfig: Setting CVar [[r.SkyAtmosphere.FastSkyLUT.SampleCountMax:128.0]]
[2022.08.13-12.44.56:421][  0]LogConfig: Setting CVar [[r.SkyAtmosphere.SampleCountMin:4.0]]
[2022.08.13-12.44.56:421][  0]LogConfig: Setting CVar [[r.SkyAtmosphere.SampleCountMax:128.0]]
[2022.08.13-12.44.56:421][  0]LogConfig: Setting CVar [[r.SkyAtmosphere.TransmittanceLUT.UseSmallFormat:0]]
[2022.08.13-12.44.56:421][  0]LogConfig: Setting CVar [[r.SkyAtmosphere.TransmittanceLUT.SampleCount:10.0]]
[2022.08.13-12.44.56:421][  0]LogConfig: Setting CVar [[r.SkyAtmosphere.MultiScatteringLUT.SampleCount:15.0]]
[2022.08.13-12.44.56:421][  0]LogConfig: Setting CVar [[r.SkyLight.RealTimeReflectionCapture:1]]
[2022.08.13-12.44.56:421][  0]LogConfig: Applying CVar settings from Section [FoliageQuality@3] File [E:/UE4_Demo/Saved/Config/Windows/Scalability.ini]
[2022.08.13-12.44.56:421][  0]LogConfig: Setting CVar [[foliage.DensityScale:1.0]]
[2022.08.13-12.44.56:421][  0]LogConfig: Setting CVar [[grass.DensityScale:1.0]]
[2022.08.13-12.44.56:421][  0]LogConfig: Applying CVar settings from Section [ShadingQuality@3] File [E:/UE4_Demo/Saved/Config/Windows/Scalability.ini]
[2022.08.13-12.44.56:421][  0]LogConfig: Setting CVar [[r.HairStrands.SkyLighting.IntegrationType:2]]
[2022.08.13-12.44.56:421][  0]LogConfig: Setting CVar [[r.HairStrands.SkyAO.SampleCount:4]]
[2022.08.13-12.44.56:421][  0]LogConfig: Setting CVar [[r.HairStrands.Visibility.MSAA.SamplePerPixel:4]]
[2022.08.13-12.44.56:421][  0]LogConfig: Applying CVar settings from Section [Startup] File [../../../Engine/Config/ConsoleVariables.ini]
[2022.08.13-12.44.56:422][  0]LogConfig: Setting CVar [[net.UseAdaptiveNetUpdateFrequency:0]]
[2022.08.13-12.44.56:422][  0]LogConfig: Setting CVar [[p.chaos.AllowCreatePhysxBodies:1]]
[2022.08.13-12.44.56:422][  0]LogConfig: Setting CVar [[fx.SkipVectorVMBackendOptimizations:1]]
[2022.08.13-12.44.56:422][  0]LogConfig: Applying CVar settings from Section [ConsoleVariables] File [E:/UE4_Demo/Saved/Config/Windows/Engine.ini]
[2022.08.13-12.44.56:422][  0]LogConfig: Applying CVar settings from Section [ConsoleVariables] File [E:/UE4_Demo/Saved/Config/Windows/Editor.ini]
[2022.08.13-12.44.56:422][  0]LogInit: Computer: DESKTOP-9RD24KH
[2022.08.13-12.44.56:422][  0]LogInit: User: Timelord
[2022.08.13-12.44.56:422][  0]LogInit: CPU Page size=4096, Cores=8
[2022.08.13-12.44.56:422][  0]LogInit: High frequency timer resolution =10.000000 MHz
[2022.08.13-12.44.56:422][  0]LogMemory: Memory total: Physical=31.9GB (32GB approx)
[2022.08.13-12.44.56:422][  0]LogMemory: Platform Memory Stats for Windows
[2022.08.13-12.44.56:422][  0]LogMemory: Process Physical Memory: 137.86 MB used, 137.86 MB peak
[2022.08.13-12.44.56:422][  0]LogMemory: Process Virtual Memory: 118.06 MB used, 118.06 MB peak
[2022.08.13-12.44.56:422][  0]LogMemory: Physical Memory: 13774.62 MB used,  18919.76 MB free, 32694.38 MB total
[2022.08.13-12.44.56:422][  0]LogMemory: Virtual Memory: 134205640.00 MB used,  12085.57 MB free, 134217728.00 MB total
[2022.08.13-12.44.56:429][  0]LogWindows: WindowsPlatformFeatures enabled
[2022.08.13-12.44.56:473][  0]LogInit: Physics initialised using underlying interface: PhysX
[2022.08.13-12.44.56:474][  0]LogInit: Overriding language with editor language configuration option (en).
[2022.08.13-12.44.56:474][  0]LogInit: Using OS detected locale (zh-CN).
[2022.08.13-12.44.56:657][  0]LogInit: Setting process to per monitor DPI aware
[2022.08.13-12.44.56:669][  0]LogWindowsTextInputMethodSystem: Display: IME system deactivated.
[2022.08.13-12.44.56:681][  0]LogSlate: New Slate User Created.  User Index 0, Is Virtual User: 0
[2022.08.13-12.44.56:681][  0]LogSlate: Slate User Registered.  User Index 0, Is Virtual User: 0
[2022.08.13-12.44.56:780][  0]LogD3D11RHI: Loaded GFSDK_Aftermath_Lib.x64.dll
[2022.08.13-12.44.56:783][  0]LogHMD: Failed to initialize OpenVR with code 110
[2022.08.13-12.44.56:783][  0]LogD3D11RHI: D3D11 min allowed feature level: 11_0
[2022.08.13-12.44.56:783][  0]LogD3D11RHI: D3D11 max allowed feature level: 11_0
[2022.08.13-12.44.56:783][  0]LogD3D11RHI: D3D11 adapters:
[2022.08.13-12.44.56:869][  0]LogD3D11RHI:    0. 'NVIDIA GeForce RTX 3070' (Feature Level 11_0)
[2022.08.13-12.44.56:869][  0]LogD3D11RHI:       8043/0/16347 MB DedicatedVideo/DedicatedSystem/SharedSystem, Outputs:2, VendorId:0x10de
[2022.08.13-12.44.56:871][  0]LogD3D11RHI:    1. 'Microsoft Basic Render Driver' (Feature Level 11_0)
[2022.08.13-12.44.56:871][  0]LogD3D11RHI:       0/0/16347 MB DedicatedVideo/DedicatedSystem/SharedSystem, Outputs:0, VendorId:0x1414
[2022.08.13-12.44.56:935][  0]LogD3D11RHI:    2. 'NVIDIA GeForce RTX 3070' (Feature Level 11_0)
[2022.08.13-12.44.56:935][  0]LogD3D11RHI:       8043/0/16347 MB DedicatedVideo/DedicatedSystem/SharedSystem, Outputs:0, VendorId:0x10de
[2022.08.13-12.44.56:935][  0]LogD3D11RHI: Chosen D3D11 Adapter:
[2022.08.13-12.44.56:935][  0]LogD3D11RHI:     Description : NVIDIA GeForce RTX 3070
[2022.08.13-12.44.56:935][  0]LogD3D11RHI:     VendorId    : 10de
[2022.08.13-12.44.56:935][  0]LogD3D11RHI:     DeviceId    : 2484
[2022.08.13-12.44.56:935][  0]LogD3D11RHI:     SubSysId    : 20007377
[2022.08.13-12.44.56:935][  0]LogD3D11RHI:     Revision    : 00a1
[2022.08.13-12.44.56:935][  0]LogD3D11RHI:     DedicatedVideoMemory : 8433696768 bytes
[2022.08.13-12.44.56:935][  0]LogD3D11RHI:     DedicatedSystemMemory : 0 bytes
[2022.08.13-12.44.56:935][  0]LogD3D11RHI:     SharedSystemMemory : 17141272576 bytes
[2022.08.13-12.44.56:935][  0]LogD3D11RHI:     AdapterLuid : 0 43569
[2022.08.13-12.44.56:941][  0]LogD3D11RHI: Creating new Direct3DDevice
[2022.08.13-12.44.56:941][  0]LogD3D11RHI:     GPU DeviceId: 0x2484 (for the marketing name, search the web for "GPU Device Id")
[2022.08.13-12.44.56:941][  0]LogWindows: EnumDisplayDevices:
[2022.08.13-12.44.56:942][  0]LogWindows:    0. 'NVIDIA GeForce RTX 3070' (P:1 D:1)
[2022.08.13-12.44.56:942][  0]LogWindows:    1. 'NVIDIA GeForce RTX 3070' (P:0 D:1)
[2022.08.13-12.44.56:942][  0]LogWindows:    2. 'NVIDIA GeForce RTX 3070' (P:0 D:0)
[2022.08.13-12.44.56:942][  0]LogWindows:    3. 'NVIDIA GeForce RTX 3070' (P:0 D:0)
[2022.08.13-12.44.56:943][  0]LogWindows:    4. 'LuminonCore IDDCX Adapter' (P:0 D:0)
[2022.08.13-12.44.56:943][  0]LogWindows:    5. 'LuminonCore IDDCX Adapter' (P:0 D:0)
[2022.08.13-12.44.56:943][  0]LogWindows:    6. 'LuminonCore IDDCX Adapter' (P:0 D:0)
[2022.08.13-12.44.56:943][  0]LogWindows:    7. 'LuminonCore IDDCX Adapter' (P:0 D:0)
[2022.08.13-12.44.56:943][  0]LogWindows:    8. 'LuminonCore IDDCX Adapter' (P:0 D:0)
[2022.08.13-12.44.56:943][  0]LogWindows:    9. 'LuminonCore IDDCX Adapter' (P:0 D:0)
[2022.08.13-12.44.56:944][  0]LogWindows:    10. 'LuminonCore IDDCX Adapter' (P:0 D:0)
[2022.08.13-12.44.56:944][  0]LogWindows:    11. 'LuminonCore IDDCX Adapter' (P:0 D:0)
[2022.08.13-12.44.56:944][  0]LogWindows:    12. 'LuminonCore IDDCX Adapter' (P:0 D:0)
[2022.08.13-12.44.56:944][  0]LogWindows:    13. 'LuminonCore IDDCX Adapter' (P:0 D:0)
[2022.08.13-12.44.56:944][  0]LogWindows:    14. 'LuminonCore IDDCX Adapter' (P:0 D:0)
[2022.08.13-12.44.56:945][  0]LogWindows:    15. 'LuminonCore IDDCX Adapter' (P:0 D:0)
[2022.08.13-12.44.56:945][  0]LogWindows:    16. 'LuminonCore IDDCX Adapter' (P:0 D:0)
[2022.08.13-12.44.56:945][  0]LogWindows:    17. 'LuminonCore IDDCX Adapter' (P:0 D:0)
[2022.08.13-12.44.56:945][  0]LogWindows:    18. 'LuminonCore IDDCX Adapter' (P:0 D:0)
[2022.08.13-12.44.56:945][  0]LogWindows:    19. 'LuminonCore IDDCX Adapter' (P:0 D:0)
[2022.08.13-12.44.56:945][  0]LogWindows: DebugString: GetVideoDriverDetailsInvalid PrimaryIsNotTheChoosenAdapter GetVideoDriverDetailsInvalid PrimaryIsNotTheChoosenAdapter GetVideoDriverDetailsInvalid PrimaryIsNotTheChoosenAdapter GetVideoDriverDetailsInvalid PrimaryIsNotTheChoosenAdapter GetVideoDriverDetailsInvalid PrimaryIsNotTheChoosenAdapter GetVideoDriverDetailsInvalid PrimaryIsNotTheChoosenAdapter GetVideoDriverDetailsInvalid PrimaryIsNotTheChoosenAdapter GetVideoDriverDetailsInvalid PrimaryIsNotTheChoosenAdapter GetVideoDriverDetailsInvalid PrimaryIsNotTheChoosenAdapter GetVideoDriverDetailsInvalid PrimaryIsNotTheChoosenAdapter GetVideoDriverDetailsInvalid PrimaryIsNotTheChoosenAdapter GetVideoDriverDetailsInvalid PrimaryIsNotTheChoosenAdapter GetVideoDriverDetailsInvalid PrimaryIsNotTheChoosenAdapter GetVideoDriverDetailsInvalid PrimaryIsNotTheChoosenAdapter GetVideoDriverDetailsInvalid PrimaryIsNotTheChoosenAdapter GetVideoDriverDetailsInvalid PrimaryIsNotTheChoosenAdapter FoundDriverCount:4 
[2022.08.13-12.44.56:945][  0]LogD3D11RHI:     Adapter Name: NVIDIA GeForce RTX 3070
[2022.08.13-12.44.56:945][  0]LogD3D11RHI:   Driver Version: 471.11 (internal:30.0.14.7111, unified:471.11)
[2022.08.13-12.44.56:945][  0]LogD3D11RHI:      Driver Date: 6-21-2021
[2022.08.13-12.44.56:945][  0]LogRHI: Texture pool is 5630 MB (70% of 8043 MB)
[2022.08.13-12.44.56:945][  0]LogD3D11RHI: Creating D3DDevice using adapter:
[2022.08.13-12.44.56:945][  0]LogD3D11RHI:     Description : NVIDIA GeForce RTX 3070
[2022.08.13-12.44.56:945][  0]LogD3D11RHI:     VendorId    : 10de
[2022.08.13-12.44.56:945][  0]LogD3D11RHI:     DeviceId    : 2484
[2022.08.13-12.44.56:945][  0]LogD3D11RHI:     SubSysId    : 20007377
[2022.08.13-12.44.56:945][  0]LogD3D11RHI:     Revision    : 00a1
[2022.08.13-12.44.56:945][  0]LogD3D11RHI:     DedicatedVideoMemory : 8433696768 bytes
[2022.08.13-12.44.56:945][  0]LogD3D11RHI:     DedicatedSystemMemory : 0 bytes
[2022.08.13-12.44.56:945][  0]LogD3D11RHI:     SharedSystemMemory : 17141272576 bytes
[2022.08.13-12.44.56:945][  0]LogD3D11RHI:     AdapterLuid : 0 43569
[2022.08.13-12.44.56:999][  0]LogD3D11RHI: RHI has support for 64 bit atomics
[2022.08.13-12.44.56:999][  0]LogD3D11RHI: Async texture creation enabled
[2022.08.13-12.44.56:999][  0]LogD3D11RHI: Array index from any shader is supported
[2022.08.13-12.44.57:023][  0]LogD3D11RHI: GPU Timing Frequency: 1000.000000 (Debug: 2 2)
[2022.08.13-12.44.57:072][  0]LogRHI: GeForceNow SDK initialized: 1
[2022.08.13-12.44.57:585][  0]LogTargetPlatformManager: Display: Loaded TargetPlatform 'AllDesktop'
[2022.08.13-12.44.57:604][  0]LogTargetPlatformManager: Display: Loaded TargetPlatform 'Android'
[2022.08.13-12.44.57:604][  0]LogTargetPlatformManager: Display: Loaded TargetPlatform 'Android_ASTC'
[2022.08.13-12.44.57:604][  0]LogTargetPlatformManager: Display: Loaded TargetPlatform 'Android_DXT'
[2022.08.13-12.44.57:604][  0]LogTargetPlatformManager: Display: Loaded TargetPlatform 'Android_ETC2'
[2022.08.13-12.44.57:604][  0]LogTargetPlatformManager: Display: Loaded TargetPlatform 'AndroidClient'
[2022.08.13-12.44.57:604][  0]LogTargetPlatformManager: Display: Loaded TargetPlatform 'Android_ASTCClient'
[2022.08.13-12.44.57:604][  0]LogTargetPlatformManager: Display: Loaded TargetPlatform 'Android_DXTClient'
[2022.08.13-12.44.57:604][  0]LogTargetPlatformManager: Display: Loaded TargetPlatform 'Android_ETC2Client'
[2022.08.13-12.44.57:604][  0]LogTargetPlatformManager: Display: Loaded TargetPlatform 'Android_Multi'
[2022.08.13-12.44.57:604][  0]LogTargetPlatformManager: Display: Loaded TargetPlatform 'Android_MultiClient'
[2022.08.13-12.44.57:621][  0]LogTargetPlatformManager: Display: Loaded TargetPlatform 'IOSClient'
[2022.08.13-12.44.57:622][  0]LogTargetPlatformManager: Display: Loaded TargetPlatform 'IOS'
[2022.08.13-12.44.57:642][  0]LogTargetPlatformManager: Display: Loaded TargetPlatform 'Lumin'
[2022.08.13-12.44.57:642][  0]LogTargetPlatformManager: Display: Loaded TargetPlatform 'LuminClient'
[2022.08.13-12.44.57:649][  0]LogTargetPlatformManager: Display: Loaded TargetPlatform 'MacNoEditor'
[2022.08.13-12.44.57:653][  0]LogTargetPlatformManager: Display: Loaded TargetPlatform 'Mac'
[2022.08.13-12.44.57:656][  0]LogTargetPlatformManager: Display: Loaded TargetPlatform 'MacClient'
[2022.08.13-12.44.57:661][  0]LogTargetPlatformManager: Display: Loaded TargetPlatform 'MacServer'
[2022.08.13-12.44.57:670][  0]LogTargetPlatformManager: Display: Loaded TargetPlatform 'TVOSClient'
[2022.08.13-12.44.57:670][  0]LogTargetPlatformManager: Display: Loaded TargetPlatform 'TVOS'
[2022.08.13-12.44.57:677][  0]LogTargetPlatformManager: Display: Loaded TargetPlatform 'WindowsNoEditor'
[2022.08.13-12.44.57:681][  0]LogTargetPlatformManager: Display: Loaded TargetPlatform 'Windows'
[2022.08.13-12.44.57:685][  0]LogTargetPlatformManager: Display: Loaded TargetPlatform 'WindowsClient'
[2022.08.13-12.44.57:689][  0]LogTargetPlatformManager: Display: Loaded TargetPlatform 'WindowsServer'
[2022.08.13-12.44.57:689][  0]LogTargetPlatformManager: Display: Building Assets For Windows
[2022.08.13-12.44.57:696][  0]LogAudioDebug: Display: Lib vorbis DLL was dynamically loaded.
[2022.08.13-12.44.57:722][  0]LogTextureFormatOodle: Display: Oodle Texture 2.9.0 init RDO Off
[2022.08.13-12.44.57:753][  0]LogRendererCore: Ray tracing is disabled. Reason: r.RayTracing=0.
[2022.08.13-12.44.57:753][  0]LogShaderCompilers: Guid format shader working directory is 37 characters bigger than the processId version (E:/UE4_Demo/Intermediate/Shaders/WorkingDirectory/26020/).
[2022.08.13-12.44.57:754][  0]LogShaderCompilers: Cleaned the shader compiler working directory 'C:/Users/Timelord/AppData/Local/Temp/UnrealShaderWorkingDir/FE7F939242F5803928732DBC8D79ECE0/'.
[2022.08.13-12.44.57:754][  0]LogXGEController: Cannot use XGE Controller as Incredibuild is not installed on this machine.
[2022.08.13-12.44.57:754][  0]LogShaderCompilers: Cannot use XGE Shader Compiler as Incredibuild is not installed on this machine.
[2022.08.13-12.44.57:754][  0]LogShaderCompilers: Display: Using Local Shader Compiler.
[2022.08.13-12.44.58:393][  0]LogDerivedDataCache: Display: Max Cache Size: 512 MB
[2022.08.13-12.44.58:449][  0]LogDerivedDataCache: Loaded boot cache 0.06s 94MB E:/UE4_Demo/DerivedDataCache/Boot.ddc.
[2022.08.13-12.44.58:449][  0]LogDerivedDataCache: Display: Loaded Boot cache: E:/UE4_Demo/DerivedDataCache/Boot.ddc
[2022.08.13-12.44.58:449][  0]LogDerivedDataCache: FDerivedDataBackendGraph:  Pak pak cache file E:/UE4_Demo/DerivedDataCache/DDC.ddp not found, will not use a pak cache.
[2022.08.13-12.44.58:449][  0]LogDerivedDataCache: Unable to find inner node Pak for hierarchical cache Hierarchy.
[2022.08.13-12.44.58:449][  0]LogDerivedDataCache: FDerivedDataBackendGraph:  EnginePak pak cache file ../../../Engine/DerivedDataCache/DDC.ddp not found, will not use a pak cache.
[2022.08.13-12.44.58:449][  0]LogDerivedDataCache: Unable to find inner node EnginePak for hierarchical cache Hierarchy.
[2022.08.13-12.44.58:452][  0]LogDerivedDataCache: Speed tests for ../../../Engine/DerivedDataCache took 0.00 seconds
[2022.08.13-12.44.58:452][  0]LogDerivedDataCache: Display: Performance to ../../../Engine/DerivedDataCache: Latency=0.00ms. RandomReadSpeed=1822.20MBs, RandomWriteSpeed=343.35MBs. Assigned SpeedClass 'Local'
[2022.08.13-12.44.58:453][  0]LogDerivedDataCache: Using Local data cache path ../../../Engine/DerivedDataCache: Writable
[2022.08.13-12.44.58:453][  0]LogDerivedDataCache: Shared data cache path not found in *engine.ini, will not use an Shared cache.
[2022.08.13-12.44.58:453][  0]LogDerivedDataCache: Unable to find inner node Shared for hierarchical cache Hierarchy.
[2022.08.13-12.44.58:494][  0]LogSlate: Using FreeType 2.10.0
[2022.08.13-12.44.58:494][  0]LogSlate: SlateFontServices - WITH_FREETYPE: 1, WITH_HARFBUZZ: 1
[2022.08.13-12.44.58:510][  0]LogAssetRegistry: FAssetRegistry took 0.0025 seconds to start up
[2022.08.13-12.44.58:701][  0]LogInit: Selected Device Profile: [Windows]
[2022.08.13-12.44.58:701][  0]LogInit: Active device profile: [000001E6E59BBD00][000001E6E40541C0 49] Windows
[2022.08.13-12.44.58:701][  0]LogInit: Profiles: [000001E6E59BBD00][000001E6E40541C0 49] Windows, [000001E6E59C7B00][000001E6E1C38300 49] WindowsNoEditor, [000001E6E59B8700][000001E6E1C40480 49] WindowsServer, [000001E6E59C4600][000001E6E6328600 49] WindowsClient, [000001E6E59BBB00][000001E6E632C780 49] IOS, [000001E6E59C4100][000001E6E6330900 49] iPadAir, [000001E6E59B8500][000001E6E6334A80 49] iPadAir2, [000001E6E5949000][000001E6DB94AD40 49] IPadPro, [000001E6E5949100][000001E6E6338D80 49] iPadAir3, [000001E6E59BB900][000001E6DB94EF00 49] iPadAir4, [000001E6E5948900][000001E6E1BBB080 49] iPadMini2, [000001E6E59B8400][000001E6E1BBF200 49] iPadMini3, [000001E6E5949700][000001E6E1BC3380 49] iPadMini4, [000001E6E59BB800][000001E6E1BC7500 49] iPadMini5, [000001E6E59C5100][000001E6E1BCF7C0 49] iPhone6, [000001E6E59C5200][000001E6E1BCB800 49] iPodTouch6, [000001E6E594B900][000001E6E1C17AC0 49] iPhone7, [000001E6E594B800][000001E6E1C13B00 49] iPodTouch7, [000001E6E59C4B00][000001E6E1C1A100 49] iPhone5S, [000001E6E594BD00][000001E6E1C3C240 49] iPhone6Plus, [000001E6E59C7100][000001E6E6876380 49] iPhone6S, [000001E6E5949C00][000001E6E687A4C0 49] iPhone6SPlus, [000001E6E59C5000][000001E6E6882640 49] iPhone7Plus, [000001E6E5948500][000001E6E68867C0 49] iPhoneSE, [000001E6E59C5B00][000001E6E688A940 49] iPhone8, [000001E6E594B000][000001E6E688EAC0 49] iPhone8Plus, [000001E6E59C7D00][000001E6E68B4C40 49] iPhoneX, [000001E6E5949300][000001E6E68B8DC0 49] iPhoneXS, [000001E6E59C5E00][000001E6E68BCF40 49] iPhoneXSMax, [000001E6E594AD00][000001E6E62AB0C0 49] iPhoneXR, [000001E6E59C7C00][000001E6E62AF240 49] iPhone11, [000001E6E5949500][000001E6E62B33C0 49] iPhone11Pro, [000001E6E59C6200][000001E6E62B7540 49] iPhone11ProMax, [000001E6E594A900][000001E6E2BAF6C0 49] iPhoneSE2, [000001E6E59C7300][000001E6E649D840 49] iPhone12Mini, [000001E6E5949B00][000001E6E64A19C0 49] iPhone12, [000001E6E59C6500][000001E6E6873B40 49] iPhone12Pro, [000001E6E5948600][000001E6E1BD2140 49] iPhone12ProMax, [000001E6E59C5900][000001E6E62BA2C0 49] iPadPro105, [000001E6E5949E00][000001E6E687E400 49] iPadPro129, [000001E6E59C4300][000001E6E62BE540 49] iPadPro97, [000001E6E5948F00][000001E6E62C2680 49] iPadPro2_129, [000001E6E59C6A00][000001E6E62C67C0 49] iPad5, [000001E6E594B500][000001E6DB7E4940 49] iPad6, [000001E6E59C4E00][000001E6DB7E8AC0 49] iPad7, [000001E6E5948300][000001E6DB7ECC40 49] iPad8, [000001E6E59C6000][000001E6DB7F0DC0 49] iPadPro11, [000001E6E594A200][000001E6DB7F4F40 49] iPadPro2_11, [000001E6E59C7400][000001E6DB7F90C0 49] iPadPro3_129, [000001E6E5949F00][000001E6DB7FD240 49] iPadPro4_129, [000001E6E59C4800][000001E6DB8013C0 49] AppleTV, [000001E6E594A800][000001E6DB805540 49] AppleTV4K, [000001E6E59C5A00][000001E6DB8096C0 49] TVOS, [000001E6E5949800][000001E6DB80D840 49] Mac, [000001E6E59C7200][000001E6E1BD79C0 49] MacClient, [000001E6E594B700][000001E6E1BDBB40 49] MacNoEditor, [000001E6E59C4900][000001E6E1BDE140 49] MacServer, [000001E6E5948A00][000001E6E1BE22C0 49] Linux, [000001E6E59C5300][000001E6E1BE6440 49] LinuxAArch64, [000001E6E594A600][000001E6DB7E0580 49] LinuxNoEditor, [000001E6E59C4F00][000001E6E1BEA6C0 49] LinuxAArch64NoEditor, [000001E6E5949200][000001E6E1BEE800 49] LinuxClient, [000001E6E59C7700][000001E6E1BF2940 49] LinuxAArch64Client, [000001E6E5949D00][000001E6E1BFAAC0 49] LinuxServer, [000001E6E59C6600][000001E6E1BFEC40 49] LinuxAArch64Server, [000001E6E594A300][000001E6E1C02DC0 49] Android, [000001E6E59C5F00][000001E6E1C06F40 49] Android_Low, [000001E6E5949A00][000001E6E1C0B0C0 49] Android_Mid, [000001E6E59C5800][000001E6E1C0F240 49] Android_High, [000001E6E59B8800][000001E6E64C13C0 49] Android_Default, [000001E6E5A49800][000001E6E64C5540 49] Android_Adreno4xx, [000001E6E59B8D00][000001E6E64C96C0 49] Android_Adreno5xx_Low, [000001E6E5A49300][000001E6E64CD840 49] Android_Adreno5xx, [000001E6E59B9700][000001E6E64D19C0 49] Android_Adreno6xx, [000001E6E5A4A600][000001E6E64D5B40 49] Android_Adreno6xx_Vulkan, [000001E6E59BAC00][000001E6E64D8140 49] Android_Mali_T6xx, [000001E6E5A49A00][000001E6E64DC2C0 49] Android_Mali_T7xx, [000001E6E59BB100][000001E6E64E0440 49] Android_Mali_T8xx, [000001E6E5A48B00][000001E6E64E45C0 49] Android_Mali_G71, [000001E6E59B8C00][000001E6E64E8740 49] Android_Mali_G72, [000001E6E5A49D00][000001E6E1BF6880 49] Android_Mali_G72_Vulkan, [000001E6E59B8B00][000001E6E64EC9C0 49] Android_Mali_G76, [000001E6E5A48D00][000001E6E64F0B00 49] Android_Mali_G76_Vulkan, [000001E6E59B8600][000001E6E64F8C80 49] Android_Mali_G77, [000001E6E5A49900][000001E6E64FCE00 49] Android_Mali_G77_Vulkan, [000001E6E59BAF00][000001E6E6500F80 49] Android_Mali_G78, [000001E6E5A4AB00][000001E6E6505100 49] Android_Mali_G78_Vulkan, [000001E6E59BA100][000001E6E6509280 49] Android_Mali_G710, [000001E6E5A48C00][000001E6E650D400 49] Android_Mali_G710_Vulkan, [000001E6E59B9F00][000001E6E6511580 49] Android_Vulkan_SM5, [000001E6E5A4A700][000001E6E6515700 49] Android_PowerVR_G6xxx, [000001E6E59C4400][000001E6E6519880 49] Android_PowerVR_GT7xxx, [000001E6E594B100][000001E6E651DA00 49] Android_PowerVR_GE8xxx, [000001E6E5A48A00][000001E6E6521B80 49] Android_PowerVR_GM9xxx, [000001E6E5949900][000001E6E6524180 49] Android_PowerVR_GM9xxx_Vulkan, [000001E6E5A48100][000001E6E6528300 49] Android_TegraK1, [000001E6E594BE00][000001E6E652C480 49] Android_Unknown_Vulkan, [000001E6E5A4A000][000001E6E6530600 49] Lumin, [000001E6E5948B00][000001E6E6534780 49] Lumin_Desktop, [000001E6E5A49B00][000001E6E6538900 49] HoloLens, 
[2022.08.13-12.44.58:809][  0]LogMeshReduction: Using QuadricMeshReduction for automatic static mesh reduction
[2022.08.13-12.44.58:809][  0]LogMeshReduction: Using SimplygonMeshReduction for automatic skeletal mesh reduction
[2022.08.13-12.44.58:809][  0]LogMeshReduction: Using ProxyLODMeshReduction for automatic mesh merging
[2022.08.13-12.44.58:809][  0]LogMeshReduction: No distributed automatic mesh merging module available
[2022.08.13-12.44.58:809][  0]LogMeshMerging: No distributed automatic mesh merging module available
[2022.08.13-12.44.58:821][  0]LogNetVersion: Demo 1.0.0, NetCL: 0, EngineNetVer: 17, GameNetVer: 0 (Checksum: 888495860)
[2022.08.13-12.44.59:127][  0]LogTexture: Default maximum texture size for cubemaps generated from long-lat sources has been changed from 512 to unlimited. In order to preserve old behaiour for '/Engine/MapTemplates/Sky/DaylightAmbientCubemap.DaylightAmbientCubemap', its maximum texture size has been explicitly set to 512.
[2022.08.13-12.44.59:187][  0]LogHMD: PokeAHoleMaterial loaded successfully
[2022.08.13-12.44.59:194][  0]LogUObjectArray: 17164 objects as part of root set at end of initial load.
[2022.08.13-12.44.59:194][  0]LogUObjectAllocator: 4298528 out of 0 bytes used by permanent object pool.
[2022.08.13-12.44.59:194][  0]LogUObjectArray: CloseDisregardForGC: 0/0 objects in disregard for GC pool
[2022.08.13-12.44.59:422][  0]LogNiagaraDebuggerClient: Niagara Debugger Client Initialized | Session: DE6BB4EC4395244C663FB6957E7BB21B | Instance: D3C90960448E4B4BF38033B7763B1C26 (DESKTOP-9RD24KH-26020).
[2022.08.13-12.44.59:524][  0]LogTcpMessaging: Initializing TcpMessaging bridge
[2022.08.13-12.44.59:531][  0]LogUdpMessaging: Initializing bridge on interface 0.0.0.0:0 to multicast group 230.0.0.1:6666.
[2022.08.13-12.44.59:545][  0]LogPython: Using Python 3.7.7
[2022.08.13-12.45.00:287][  0]LogOpenImageDenoise: OIDN starting up
[2022.08.13-12.45.00:306][  0]LogAndroidPermission: UAndroidPermissionCallbackProxy::GetInstance
[2022.08.13-12.45.00:318][  0]LogAudioCaptureCore: Display: No Audio Capture implementations found. Audio input will be silent.
[2022.08.13-12.45.00:318][  0]LogAudioCaptureCore: Display: No Audio Capture implementations found. Audio input will be silent.
[2022.08.13-12.45.00:426][  0]SourceControl: Source control is disabled
[2022.08.13-12.45.00:426][  0]SourceControl: Source control is disabled
[2022.08.13-12.45.00:429][  0]SourceControl: Source control is disabled
[2022.08.13-12.45.00:432][  0]SourceControl: Source control is disabled
[2022.08.13-12.45.00:439][  0]SourceControl: Source control is disabled
[2022.08.13-12.45.00:445][  0]LogUProjectInfo: Found projects:
[2022.08.13-12.45.00:459][  0]LogCollectionManager: Loaded 0 collections in 0.002724 seconds
[2022.08.13-12.45.00:477][  0]LogFileCache: Scanning file cache for directory 'E:/UE4_Demo/Saved/Collections/' took 0.00s
[2022.08.13-12.45.00:477][  0]LogFileCache: Scanning file cache for directory 'E:/UE4_Demo/Content/Developers/Timelord/Collections/' took 0.00s
[2022.08.13-12.45.00:477][  0]LogFileCache: Scanning file cache for directory 'E:/UE4_Demo/Content/Collections/' took 0.00s
[2022.08.13-12.45.00:477][  0]LogOcInput: OculusInput pre-init called
[2022.08.13-12.45.00:675][  0]LogEngine: Initializing Engine...
[2022.08.13-12.45.00:677][  0]LogHMD: Failed to enumerate extensions. Please check that you have a valid OpenXR runtime installed.
[2022.08.13-12.45.00:677][  0]LogHMD: Failed to initialize OpenVR with code 110
[2022.08.13-12.45.00:677][  0]LogMagicLeap: Warning: VR disabled because ZI is not enabled.  To enable, in the editor, Edit -> Project Settings -> Plugins -> Magic Leap Plugin -> Enable Zero Iteration
[2022.08.13-12.45.00:678][  0]LogStats: UGameplayTagsManager::InitializeManager -  0.000 s
[2022.08.13-12.45.00:784][  0]LogInit: Initializing FReadOnlyCVARCache
[2022.08.13-12.45.00:791][  0]LogAIModule: Creating AISystem for world Untitled
[2022.08.13-12.45.00:791][  0]LogAudio: Display: Initializing Audio Device Manager...
[2022.08.13-12.45.00:795][  0]LogAudio: Display: Loading Default Audio Settings Objects...
[2022.08.13-12.45.00:795][  0]LogAudio: Display: No default SoundConcurrencyObject specified (or failed to load).
[2022.08.13-12.45.00:795][  0]LogAudio: Display: Audio Device Manager Initialized
[2022.08.13-12.45.00:795][  0]LogAudio: Display: Creating Audio Device:                 Id: 1, Scope: Shared, Realtime: True
[2022.08.13-12.45.00:795][  0]LogAudioMixer: Display: Audio Mixer Platform Settings:
[2022.08.13-12.45.00:795][  0]LogAudioMixer: Display: 	Sample Rate:						  48000
[2022.08.13-12.45.00:795][  0]LogAudioMixer: Display: 	Callback Buffer Frame Size Requested: 1024
[2022.08.13-12.45.00:796][  0]LogAudioMixer: Display: 	Callback Buffer Frame Size To Use:	  1024
[2022.08.13-12.45.00:796][  0]LogAudioMixer: Display: 	Number of buffers to queue:			  2
[2022.08.13-12.45.00:796][  0]LogAudioMixer: Display: 	Max Channels (voices):				  32
[2022.08.13-12.45.00:796][  0]LogAudioMixer: Display: 	Number of Async Source Workers:		  0
[2022.08.13-12.45.00:796][  0]LogAudio: Display: AudioDevice MaxSources: 32
[2022.08.13-12.45.00:796][  0]LogAudio: Display: Audio Spatialization Plugin: None (built-in).
[2022.08.13-12.45.00:796][  0]LogAudio: Display: Audio Reverb Plugin: None (built-in).
[2022.08.13-12.45.00:796][  0]LogAudio: Display: Audio Occlusion Plugin: None (built-in).
[2022.08.13-12.45.00:796][  0]LogAudioMixer: Display: Initializing audio mixer.
[2022.08.13-12.45.00:803][  0]LogAudioMixer: Display: 0: FrontLeft
[2022.08.13-12.45.00:803][  0]LogAudioMixer: Display: 1: FrontRight
[2022.08.13-12.45.00:814][  0]LogAudioMixer: Display: Using Audio Device 扬声器 (JBL PS3300)
[2022.08.13-12.45.00:814][  0]LogAudioMixer: Display: Initializing Sound Submixes...
[2022.08.13-12.45.00:816][  0]LogAudioMixer: Display: Creating Master Submix 'MasterSubmixDefault'
[2022.08.13-12.45.00:816][  0]LogAudioMixer: Display: Creating Master Submix 'MasterReverbSubmixDefault'
[2022.08.13-12.45.00:816][  0]LogAudioMixer: Display: Creating Master Submix 'MasterEQSubmixDefault'
[2022.08.13-12.45.00:816][  0]LogAudioMixer: FMixerPlatformXAudio2::StartAudioStream() called
[2022.08.13-12.45.00:816][  0]LogAudioMixer: Display: Output buffers initialized: Frames=1024, Channels=2, Samples=2048
[2022.08.13-12.45.00:817][  0]LogAudioMixer: Display: Starting AudioMixerPlatformInterface::RunInternal()
[2022.08.13-12.45.00:817][  0]LogAudioMixer: Display: FMixerPlatformXAudio2::SubmitBuffer() called for the first time
[2022.08.13-12.45.00:817][  0]LogInit: FAudioDevice initialized.
[2022.08.13-12.45.00:817][  0]LogAudio: Display: Audio Device (ID: 1) registered with world 'Untitled'.
[2022.08.13-12.45.00:817][  0]LogNetVersion: Set ProjectVersion to 1.0.0.0. Version Checksum will be recalculated on next use.
[2022.08.13-12.45.00:863][  0]LogDerivedDataCache: Saved boot cache 0.05s 94MB E:/UE4_Demo/DerivedDataCache/Boot.ddc.
[2022.08.13-12.45.00:863][  0]LogInit: Texture streaming: Enabled
[2022.08.13-12.45.00:873][  0]LogAnalytics: Display: [UEEditor.UnrealEngine.Release] APIServer = https://datarouter.ol.epicgames.com/. AppVersion = 4.27.2-0+++UE4+Release-4.27
[2022.08.13-12.45.00:876][  0]LogEngineSessionManager: EngineSessionManager initialized
[2022.08.13-12.45.00:876][  0]LogEngineSessionManager: EngineSessionManager sent abnormal shutdown report. Type=Crashed, SessionId={52A067FE-414E-9E4F-8C5A-5B8438C6D4AE}
[2022.08.13-12.45.00:876][  0]LogEditorSessionSummary: Verbose: Initializing EditorSessionSummaryWriter for editor session tracking
[2022.08.13-12.45.00:878][  0]LogEditorSessionSummary: EditorSessionSummaryWriter initialized
[2022.08.13-12.45.00:898][  0]LogInit: Transaction tracking system initialized
[2022.08.13-12.45.00:917][  0]BlueprintLog: New page: Editor Load
[2022.08.13-12.45.00:967][  0]LocalizationService: Localization service is disabled
[2022.08.13-12.45.00:985][  0]TimingProfiler: Initialize
[2022.08.13-12.45.00:985][  0]TimingProfiler: OnSessionChanged
[2022.08.13-12.45.00:985][  0]LoadingProfiler: Initialize
[2022.08.13-12.45.00:986][  0]LoadingProfiler: OnSessionChanged
[2022.08.13-12.45.00:986][  0]NetworkingProfiler: Initialize
[2022.08.13-12.45.00:986][  0]NetworkingProfiler: OnSessionChanged
[2022.08.13-12.45.00:986][  0]MemoryProfiler: Initialize
[2022.08.13-12.45.00:986][  0]MemoryProfiler: OnSessionChanged
[2022.08.13-12.45.01:085][  0]LogCook: Display: CookSettings for Memory: MemoryMaxUsedVirtual 0MiB, MemoryMaxUsedPhysical 16384MiB, MemoryMinFreeVirtual 0MiB, MemoryMinFreePhysical 1024MiB
[2022.08.13-12.45.01:085][  0]LogCook: Display: Mobile HDR setting 1
[2022.08.13-12.45.01:239][  0]LogFileCache: Scanning file cache for directory 'E:/UE4_Demo/Content/' took 0.00s
[2022.08.13-12.45.01:386][  0]LogModuleManager: Warning: ModuleManager: Unable to load module 'SequenceRecorderSections'  - 0 instances of that module name found.
[2022.08.13-12.45.01:386][  0]LogInit: Display: Engine is initialized. Leaving FEngineLoop::Init()
[2022.08.13-12.45.01:388][  0]SourceControl: Source control is disabled
[2022.08.13-12.45.01:388][  0]LogUnrealEdMisc: Loading editor; pre map load, took 5.669
[2022.08.13-12.45.01:388][  0]Cmd: MAP LOAD FILE="E:/UE4_Demo/Content/Maps/P_TestMap.umap" TEMPLATE=0 SHOWPROGRESS=1 FEATURELEVEL=3
[2022.08.13-12.45.01:389][  0]LightingResults: New page: Lighting Build
[2022.08.13-12.45.01:390][  0]LogWorld: UWorld::CleanupWorld for Untitled, bSessionEnded=true, bCleanupResources=true
[2022.08.13-12.45.01:390][  0]LogSlate: InvalidateAllWidgets triggered.  All widgets were invalidated
[2022.08.13-12.45.01:390][  0]MapCheck: New page: Map Check
[2022.08.13-12.45.01:390][  0]LightingResults: New page: Lighting Build
[2022.08.13-12.45.01:395][  0]LogAudio: Display: Audio Device unregistered from world 'None'.
[2022.08.13-12.45.01:398][  0]LogUObjectHash: Compacting FUObjectHashTables data took   0.75ms
[2022.08.13-12.45.01:602][  0]LogAudio: Display: Audio Device (ID: 1) registered with world 'P_TestMap'.
[2022.08.13-12.45.01:603][  0]LogAIModule: Creating AISystem for world P_TestMap
[2022.08.13-12.45.01:608][  0]LogEditorServer: Finished looking for orphan Actors (0.000 secs)
[2022.08.13-12.45.01:614][  0]LogUObjectHash: Compacting FUObjectHashTables data took   0.76ms
[2022.08.13-12.45.01:615][  0]Cmd: MAP CHECKDEP NOCLEARLOG
[2022.08.13-12.45.01:615][  0]MapCheck: Map check complete: 0 Error(s), 0 Warning(s), took 0.062ms to complete.
[2022.08.13-12.45.01:615][  0]LogFileHelpers: Loading map 'P_TestMap' took 0.227
[2022.08.13-12.45.01:617][  0]LogUnrealEdMisc: Total Editor Startup Time, took 5.897
[2022.08.13-12.45.01:682][  0]LogWindowsTextInputMethodSystem: Display: IME system activated using TSF (微软拼音).
[2022.08.13-12.45.01:754][  0]LogSlate: Updating window title bar state: overlay mode, drag disabled, window buttons hidden, title bar hidden
[2022.08.13-12.45.01:759][  0]LogSlate: Updating window title bar state: overlay mode, drag disabled, window buttons hidden, title bar hidden
[2022.08.13-12.45.01:764][  0]LogSlate: Updating window title bar state: overlay mode, drag disabled, window buttons hidden, title bar hidden
[2022.08.13-12.45.01:770][  0]LogSlate: Updating window title bar state: overlay mode, drag disabled, window buttons hidden, title bar hidden
[2022.08.13-12.45.01:780][  0]LogNativeClassHierarchy: Verbose: Native class hierarchy populated in 0.0081 seconds. Added 3823 classes and 928 folders.
[2022.08.13-12.45.01:782][  0]LogNativeClassHierarchy: Verbose: Native class hierarchy updated for 'WidgetCarousel' in 0.0002 seconds. Added 0 classes and 0 folders.
[2022.08.13-12.45.01:783][  0]LogShaderLibrary: Display: ShaderCodeLibraryPakFileMountedCallback: PakFile 'D:/UnrealEngine-4.27/FeaturePacks/FP_FirstPerson.upack' (chunk index -1, root 'root:/') mounted
[2022.08.13-12.45.01:783][  0]LogShaderLibrary: Display: ShaderCodeLibraryPakFileMountedCallback: pending pak file info (ChunkID:-1 Root:root:/ File:D:/UnrealEngine-4.27/FeaturePacks/FP_FirstPerson.upack)
[2022.08.13-12.45.01:783][  0]LogPakFile: OnPakFileMounted2Time == 0.000061
[2022.08.13-12.45.01:784][  0]LogShaderLibrary: Display: ShaderCodeLibraryPakFileMountedCallback: PakFile 'D:/UnrealEngine-4.27/FeaturePacks/FP_FirstPersonBP.upack' (chunk index -1, root 'root:/') mounted
[2022.08.13-12.45.01:784][  0]LogShaderLibrary: Display: ShaderCodeLibraryPakFileMountedCallback: pending pak file info (ChunkID:-1 Root:root:/ File:D:/UnrealEngine-4.27/FeaturePacks/FP_FirstPersonBP.upack)
[2022.08.13-12.45.01:784][  0]LogPakFile: OnPakFileMounted2Time == 0.000035
[2022.08.13-12.45.01:784][  0]LogShaderLibrary: Display: ShaderCodeLibraryPakFileMountedCallback: PakFile 'D:/UnrealEngine-4.27/FeaturePacks/MobileStarterContent.upack' (chunk index -1, root 'root:/') mounted
[2022.08.13-12.45.01:784][  0]LogShaderLibrary: Display: ShaderCodeLibraryPakFileMountedCallback: pending pak file info (ChunkID:-1 Root:root:/ File:D:/UnrealEngine-4.27/FeaturePacks/MobileStarterContent.upack)
[2022.08.13-12.45.01:784][  0]LogPakFile: OnPakFileMounted2Time == 0.000034
[2022.08.13-12.45.01:784][  0]LogShaderLibrary: Display: ShaderCodeLibraryPakFileMountedCallback: PakFile 'D:/UnrealEngine-4.27/FeaturePacks/StarterContent.upack' (chunk index -1, root 'root:/') mounted
[2022.08.13-12.45.01:784][  0]LogShaderLibrary: Display: ShaderCodeLibraryPakFileMountedCallback: pending pak file info (ChunkID:-1 Root:root:/ File:D:/UnrealEngine-4.27/FeaturePacks/StarterContent.upack)
[2022.08.13-12.45.01:784][  0]LogPakFile: OnPakFileMounted2Time == 0.000035
[2022.08.13-12.45.01:784][  0]LogShaderLibrary: Display: ShaderCodeLibraryPakFileMountedCallback: PakFile 'D:/UnrealEngine-4.27/FeaturePacks/TP_2DSideScroller.upack' (chunk index -1, root 'root:/') mounted
[2022.08.13-12.45.01:784][  0]LogShaderLibrary: Display: ShaderCodeLibraryPakFileMountedCallback: pending pak file info (ChunkID:-1 Root:root:/ File:D:/UnrealEngine-4.27/FeaturePacks/TP_2DSideScroller.upack)
[2022.08.13-12.45.01:784][  0]LogPakFile: OnPakFileMounted2Time == 0.000031
[2022.08.13-12.45.01:785][  0]LogShaderLibrary: Display: ShaderCodeLibraryPakFileMountedCallback: PakFile 'D:/UnrealEngine-4.27/FeaturePacks/TP_2DSideScrollerBP.upack' (chunk index -1, root 'root:/') mounted
[2022.08.13-12.45.01:785][  0]LogShaderLibrary: Display: ShaderCodeLibraryPakFileMountedCallback: pending pak file info (ChunkID:-1 Root:root:/ File:D:/UnrealEngine-4.27/FeaturePacks/TP_2DSideScrollerBP.upack)
[2022.08.13-12.45.01:785][  0]LogPakFile: OnPakFileMounted2Time == 0.000032
[2022.08.13-12.45.01:785][  0]LogShaderLibrary: Display: ShaderCodeLibraryPakFileMountedCallback: PakFile 'D:/UnrealEngine-4.27/FeaturePacks/TP_Flying.upack' (chunk index -1, root 'root:/') mounted
[2022.08.13-12.45.01:785][  0]LogShaderLibrary: Display: ShaderCodeLibraryPakFileMountedCallback: pending pak file info (ChunkID:-1 Root:root:/ File:D:/UnrealEngine-4.27/FeaturePacks/TP_Flying.upack)
[2022.08.13-12.45.01:785][  0]LogPakFile: OnPakFileMounted2Time == 0.000032
[2022.08.13-12.45.01:785][  0]LogShaderLibrary: Display: ShaderCodeLibraryPakFileMountedCallback: PakFile 'D:/UnrealEngine-4.27/FeaturePacks/TP_FlyingBP.upack' (chunk index -1, root 'root:/') mounted
[2022.08.13-12.45.01:785][  0]LogShaderLibrary: Display: ShaderCodeLibraryPakFileMountedCallback: pending pak file info (ChunkID:-1 Root:root:/ File:D:/UnrealEngine-4.27/FeaturePacks/TP_FlyingBP.upack)
[2022.08.13-12.45.01:785][  0]LogPakFile: OnPakFileMounted2Time == 0.000036
[2022.08.13-12.45.01:785][  0]LogShaderLibrary: Display: ShaderCodeLibraryPakFileMountedCallback: PakFile 'D:/UnrealEngine-4.27/FeaturePacks/TP_Puzzle.upack' (chunk index -1, root 'root:/') mounted
[2022.08.13-12.45.01:785][  0]LogShaderLibrary: Display: ShaderCodeLibraryPakFileMountedCallback: pending pak file info (ChunkID:-1 Root:root:/ File:D:/UnrealEngine-4.27/FeaturePacks/TP_Puzzle.upack)
[2022.08.13-12.45.01:785][  0]LogPakFile: OnPakFileMounted2Time == 0.000032
[2022.08.13-12.45.01:785][  0]LogShaderLibrary: Display: ShaderCodeLibraryPakFileMountedCallback: PakFile 'D:/UnrealEngine-4.27/FeaturePacks/TP_PuzzleBP.upack' (chunk index -1, root 'root:/') mounted
[2022.08.13-12.45.01:785][  0]LogShaderLibrary: Display: ShaderCodeLibraryPakFileMountedCallback: pending pak file info (ChunkID:-1 Root:root:/ File:D:/UnrealEngine-4.27/FeaturePacks/TP_PuzzleBP.upack)
[2022.08.13-12.45.01:785][  0]LogPakFile: OnPakFileMounted2Time == 0.000032
[2022.08.13-12.45.01:787][  0]LogShaderLibrary: Display: ShaderCodeLibraryPakFileMountedCallback: PakFile 'D:/UnrealEngine-4.27/FeaturePacks/TP_Rolling.upack' (chunk index -1, root 'root:/') mounted
[2022.08.13-12.45.01:787][  0]LogShaderLibrary: Display: ShaderCodeLibraryPakFileMountedCallback: pending pak file info (ChunkID:-1 Root:root:/ File:D:/UnrealEngine-4.27/FeaturePacks/TP_Rolling.upack)
[2022.08.13-12.45.01:787][  0]LogPakFile: OnPakFileMounted2Time == 0.000033
[2022.08.13-12.45.01:787][  0]LogShaderLibrary: Display: ShaderCodeLibraryPakFileMountedCallback: PakFile 'D:/UnrealEngine-4.27/FeaturePacks/TP_RollingBP.upack' (chunk index -1, root 'root:/') mounted
[2022.08.13-12.45.01:787][  0]LogShaderLibrary: Display: ShaderCodeLibraryPakFileMountedCallback: pending pak file info (ChunkID:-1 Root:root:/ File:D:/UnrealEngine-4.27/FeaturePacks/TP_RollingBP.upack)
[2022.08.13-12.45.01:787][  0]LogPakFile: OnPakFileMounted2Time == 0.000032
[2022.08.13-12.45.01:787][  0]LogShaderLibrary: Display: ShaderCodeLibraryPakFileMountedCallback: PakFile 'D:/UnrealEngine-4.27/FeaturePacks/TP_SideScroller.upack' (chunk index -1, root 'root:/') mounted
[2022.08.13-12.45.01:787][  0]LogShaderLibrary: Display: ShaderCodeLibraryPakFileMountedCallback: pending pak file info (ChunkID:-1 Root:root:/ File:D:/UnrealEngine-4.27/FeaturePacks/TP_SideScroller.upack)
[2022.08.13-12.45.01:787][  0]LogPakFile: OnPakFileMounted2Time == 0.000032
[2022.08.13-12.45.01:788][  0]LogShaderLibrary: Display: ShaderCodeLibraryPakFileMountedCallback: PakFile 'D:/UnrealEngine-4.27/FeaturePacks/TP_SideScrollerBP.upack' (chunk index -1, root 'root:/') mounted
[2022.08.13-12.45.01:788][  0]LogShaderLibrary: Display: ShaderCodeLibraryPakFileMountedCallback: pending pak file info (ChunkID:-1 Root:root:/ File:D:/UnrealEngine-4.27/FeaturePacks/TP_SideScrollerBP.upack)
[2022.08.13-12.45.01:788][  0]LogPakFile: OnPakFileMounted2Time == 0.000034
[2022.08.13-12.45.01:788][  0]LogShaderLibrary: Display: ShaderCodeLibraryPakFileMountedCallback: PakFile 'D:/UnrealEngine-4.27/FeaturePacks/TP_ThirdPerson.upack' (chunk index -1, root 'root:/') mounted
[2022.08.13-12.45.01:788][  0]LogShaderLibrary: Display: ShaderCodeLibraryPakFileMountedCallback: pending pak file info (ChunkID:-1 Root:root:/ File:D:/UnrealEngine-4.27/FeaturePacks/TP_ThirdPerson.upack)
[2022.08.13-12.45.01:788][  0]LogPakFile: OnPakFileMounted2Time == 0.000034
[2022.08.13-12.45.01:788][  0]LogShaderLibrary: Display: ShaderCodeLibraryPakFileMountedCallback: PakFile 'D:/UnrealEngine-4.27/FeaturePacks/TP_ThirdPersonBP.upack' (chunk index -1, root 'root:/') mounted
[2022.08.13-12.45.01:788][  0]LogShaderLibrary: Display: ShaderCodeLibraryPakFileMountedCallback: pending pak file info (ChunkID:-1 Root:root:/ File:D:/UnrealEngine-4.27/FeaturePacks/TP_ThirdPersonBP.upack)
[2022.08.13-12.45.01:788][  0]LogPakFile: OnPakFileMounted2Time == 0.000051
[2022.08.13-12.45.01:789][  0]LogShaderLibrary: Display: ShaderCodeLibraryPakFileMountedCallback: PakFile 'D:/UnrealEngine-4.27/FeaturePacks/TP_TopDown.upack' (chunk index -1, root 'root:/') mounted
[2022.08.13-12.45.01:789][  0]LogShaderLibrary: Display: ShaderCodeLibraryPakFileMountedCallback: pending pak file info (ChunkID:-1 Root:root:/ File:D:/UnrealEngine-4.27/FeaturePacks/TP_TopDown.upack)
[2022.08.13-12.45.01:789][  0]LogPakFile: OnPakFileMounted2Time == 0.000033
[2022.08.13-12.45.01:789][  0]LogShaderLibrary: Display: ShaderCodeLibraryPakFileMountedCallback: PakFile 'D:/UnrealEngine-4.27/FeaturePacks/TP_TopDownBP.upack' (chunk index -1, root 'root:/') mounted
[2022.08.13-12.45.01:789][  0]LogShaderLibrary: Display: ShaderCodeLibraryPakFileMountedCallback: pending pak file info (ChunkID:-1 Root:root:/ File:D:/UnrealEngine-4.27/FeaturePacks/TP_TopDownBP.upack)
[2022.08.13-12.45.01:789][  0]LogPakFile: OnPakFileMounted2Time == 0.000037
[2022.08.13-12.45.01:789][  0]LogShaderLibrary: Display: ShaderCodeLibraryPakFileMountedCallback: PakFile 'D:/UnrealEngine-4.27/FeaturePacks/TP_TwinStick.upack' (chunk index -1, root 'root:/') mounted
[2022.08.13-12.45.01:789][  0]LogShaderLibrary: Display: ShaderCodeLibraryPakFileMountedCallback: pending pak file info (ChunkID:-1 Root:root:/ File:D:/UnrealEngine-4.27/FeaturePacks/TP_TwinStick.upack)
[2022.08.13-12.45.01:789][  0]LogPakFile: OnPakFileMounted2Time == 0.000032
[2022.08.13-12.45.01:789][  0]LogShaderLibrary: Display: ShaderCodeLibraryPakFileMountedCallback: PakFile 'D:/UnrealEngine-4.27/FeaturePacks/TP_TwinStickBP.upack' (chunk index -1, root 'root:/') mounted
[2022.08.13-12.45.01:789][  0]LogShaderLibrary: Display: ShaderCodeLibraryPakFileMountedCallback: pending pak file info (ChunkID:-1 Root:root:/ File:D:/UnrealEngine-4.27/FeaturePacks/TP_TwinStickBP.upack)
[2022.08.13-12.45.01:789][  0]LogPakFile: OnPakFileMounted2Time == 0.000034
[2022.08.13-12.45.01:790][  0]LogShaderLibrary: Display: ShaderCodeLibraryPakFileMountedCallback: PakFile 'D:/UnrealEngine-4.27/FeaturePacks/TP_Vehicle.upack' (chunk index -1, root 'root:/') mounted
[2022.08.13-12.45.01:790][  0]LogShaderLibrary: Display: ShaderCodeLibraryPakFileMountedCallback: pending pak file info (ChunkID:-1 Root:root:/ File:D:/UnrealEngine-4.27/FeaturePacks/TP_Vehicle.upack)
[2022.08.13-12.45.01:790][  0]LogPakFile: OnPakFileMounted2Time == 0.000032
[2022.08.13-12.45.01:790][  0]LogShaderLibrary: Display: ShaderCodeLibraryPakFileMountedCallback: PakFile 'D:/UnrealEngine-4.27/FeaturePacks/TP_VehicleAdv.upack' (chunk index -1, root 'root:/') mounted
[2022.08.13-12.45.01:790][  0]LogShaderLibrary: Display: ShaderCodeLibraryPakFileMountedCallback: pending pak file info (ChunkID:-1 Root:root:/ File:D:/UnrealEngine-4.27/FeaturePacks/TP_VehicleAdv.upack)
[2022.08.13-12.45.01:790][  0]LogPakFile: OnPakFileMounted2Time == 0.000032
[2022.08.13-12.45.01:790][  0]LogShaderLibrary: Display: ShaderCodeLibraryPakFileMountedCallback: PakFile 'D:/UnrealEngine-4.27/FeaturePacks/TP_VehicleAdvBP.upack' (chunk index -1, root 'root:/') mounted
[2022.08.13-12.45.01:790][  0]LogShaderLibrary: Display: ShaderCodeLibraryPakFileMountedCallback: pending pak file info (ChunkID:-1 Root:root:/ File:D:/UnrealEngine-4.27/FeaturePacks/TP_VehicleAdvBP.upack)
[2022.08.13-12.45.01:790][  0]LogPakFile: OnPakFileMounted2Time == 0.000032
[2022.08.13-12.45.01:791][  0]LogShaderLibrary: Display: ShaderCodeLibraryPakFileMountedCallback: PakFile 'D:/UnrealEngine-4.27/FeaturePacks/TP_VehicleBP.upack' (chunk index -1, root 'root:/') mounted
[2022.08.13-12.45.01:791][  0]LogShaderLibrary: Display: ShaderCodeLibraryPakFileMountedCallback: pending pak file info (ChunkID:-1 Root:root:/ File:D:/UnrealEngine-4.27/FeaturePacks/TP_VehicleBP.upack)
[2022.08.13-12.45.01:791][  0]LogPakFile: OnPakFileMounted2Time == 0.000032
[2022.08.13-12.45.01:791][  0]LogPakFile: PakFile PrimaryIndexSize=192
[2022.08.13-12.45.01:791][  0]LogPakFile: PakFile PathHashIndexSize=101
[2022.08.13-12.45.01:791][  0]LogPakFile: PakFile FullDirectoryIndexSize=158
[2022.08.13-12.45.01:791][  0]LogShaderLibrary: Display: ShaderCodeLibraryPakFileMountedCallback: PakFile 'D:/UnrealEngine-4.27/FeaturePacks/TP_VirtualRealityBP.upack' (chunk index -1, root 'root:/') mounted
[2022.08.13-12.45.01:791][  0]LogShaderLibrary: Display: ShaderCodeLibraryPakFileMountedCallback: pending pak file info (ChunkID:-1 Root:root:/ File:D:/UnrealEngine-4.27/FeaturePacks/TP_VirtualRealityBP.upack)
[2022.08.13-12.45.01:791][  0]LogPakFile: OnPakFileMounted2Time == 0.000025
[2022.08.13-12.45.01:813][  0]LogNativeClassHierarchy: Verbose: Native class hierarchy updated for 'AddContentDialog' in 0.0002 seconds. Added 0 classes and 0 folders.
[2022.08.13-12.45.01:815][  0]LogNativeClassHierarchy: Verbose: Native class hierarchy updated for 'SceneOutliner' in 0.0002 seconds. Added 2 classes and 0 folders.
[2022.08.13-12.45.01:860][  0]LogSlate: Took 0.000119 seconds to synchronously load lazily loaded font '../../../Engine/Content/Slate/Fonts/Roboto-Regular.ttf' (155K)
[2022.08.13-12.45.01:861][  0]LogSlate: Took 0.000119 seconds to synchronously load lazily loaded font '../../../Engine/Content/Editor/Slate/Fonts/FontAwesome.ttf' (139K)
[2022.08.13-12.45.01:862][  0]LogSlate: Took 0.000099 seconds to synchronously load lazily loaded font '../../../Engine/Content/Slate/Fonts/Roboto-Bold.ttf' (160K)
[2022.08.13-12.45.01:929][  0]LogRenderer: Reallocating scene render targets to support 1288x616 Format 10 NumSamples 1 (Frame:1).
[2022.08.13-12.45.02:062][  0]LogNativeClassHierarchy: Verbose: Native class hierarchy updated for 'HierarchicalLODOutliner' in 0.0002 seconds. Added 0 classes and 0 folders.
[2022.08.13-12.45.02:062][  0]LogLoad: (Engine Initialization) Total time: 6.34 seconds
[2022.08.13-12.45.02:062][  0]LogLoad: (Engine Initialization) Total Blueprint compile time: 0.00 seconds
[2022.08.13-12.45.02:096][  0]LogAssetRegistry: Asset discovery search completed in 3.5874 seconds
[2022.08.13-12.45.02:101][  0]LogCollectionManager: Fixed up redirectors for 0 collections in 0.000003 seconds (updated 0 objects)
[2022.08.13-12.45.02:102][  0]LogContentStreaming: Texture pool size now 1000 MB
[2022.08.13-12.45.03:080][103]LogSlate: Took 0.000132 seconds to synchronously load lazily loaded font '../../../Engine/Content/Slate/Fonts/Roboto-Light.ttf' (167K)
[2022.08.13-12.45.08:946][671]LogSlate: Took 0.000119 seconds to synchronously load lazily loaded font '../../../Engine/Content/Slate/Fonts/Roboto-Italic.ttf' (157K)
[2022.08.13-12.45.10:231][815]Cmd: DELETE
[2022.08.13-12.45.10:231][815]Cmd: ACTOR DELETE
[2022.08.13-12.45.10:232][815]LogEditorActor: Deleted Actor: PlayerPawn_C
[2022.08.13-12.45.10:249][815]LogUObjectHash: Compacting FUObjectHashTables data took   0.62ms
[2022.08.13-12.45.10:250][815]LogEditorActor: Deleted 1 Actors (0.019 secs)
[2022.08.13-12.45.13:777][214]LogAssetEditorSubsystem: Opening Asset editor for Blueprint /Game/Blueprints/PlayerPawn.PlayerPawn
[2022.08.13-12.45.13:984][214]LogNativeClassHierarchy: Verbose: Native class hierarchy updated for 'BlueprintGraph' in 0.0004 seconds. Added 126 classes and 0 folders.
[2022.08.13-12.45.14:692][214]LogSlate: Took 0.000142 seconds to synchronously load lazily loaded font '../../../Engine/Content/Slate/Fonts/Roboto-BoldCondensed.ttf' (158K)
[2022.08.13-12.45.16:392][362]LogOutputDevice: Warning: 

Script Stack (0 frames):

[2022.08.13-12.45.16:392][362]LogWindows: Windows GetLastError: 操作成功完成。 (0)
[2022.08.13-12.45.39:281][362]LogWindows: Could not start crash report client using ../../../Engine/Binaries/Win64/CrashReportClientEditor-Win64-Debug.exe
[2022.08.13-12.45.39:281][362]LogMemory: Platform Memory Stats for Windows
[2022.08.13-12.45.39:281][362]LogMemory: Process Physical Memory: 1691.42 MB used, 1693.02 MB peak
[2022.08.13-12.45.39:281][362]LogMemory: Process Virtual Memory: 2414.25 MB used, 2415.85 MB peak
[2022.08.13-12.45.39:281][362]LogMemory: Physical Memory: 15306.01 MB used,  17388.37 MB free, 32694.38 MB total
[2022.08.13-12.45.39:281][362]LogMemory: Virtual Memory: 134208096.00 MB used,  9631.84 MB free, 134217728.00 MB total
[2022.08.13-12.45.39:281][362]Message dialog closed, result: Ok, title: The UE4-Demo Editor has crashed and will close, text: Fatal error: [File:D:/UnrealEngine-4.27/Engine/Source/Runtime/CoreUObject/Private/UObject/Obj.cpp] [Line: 209] 
Renaming an object (MHealthComponent /Engine/Transient.World_2:PersistentLevel.PlayerPawn_C_0.MHealth) on top of an existing object (MHealthComponent /Engine/Transient.World_2:PersistentLevel.PlayerPawn_C_0.MHealth_REMOVED_8FBDC281474F11024B2810A86A7D30EE) is not allowed



[2022.08.13-12.45.39:281][362]LogWindows: Error: === Critical error: ===
[2022.08.13-12.45.39:281][362]LogWindows: Error: 
[2022.08.13-12.45.39:281][362]LogWindows: Error: Fatal error: [File:D:/UnrealEngine-4.27/Engine/Source/Runtime/CoreUObject/Private/UObject/Obj.cpp] [Line: 209] 
[2022.08.13-12.45.39:281][362]LogWindows: Error: Renaming an object (MHealthComponent /Engine/Transient.World_2:PersistentLevel.PlayerPawn_C_0.MHealth) on top of an existing object (MHealthComponent /Engine/Transient.World_2:PersistentLevel.PlayerPawn_C_0.MHealth_REMOVED_8FBDC281474F11024B2810A86A7D30EE) is not allowed
[2022.08.13-12.45.39:281][362]LogWindows: Error: 
[2022.08.13-12.45.39:281][362]LogWindows: Error: 
[2022.08.13-12.45.39:281][362]LogWindows: Error: [Callstack] 0x00007ffcf07efb1c KERNELBASE.dll!UnknownFunction []
[2022.08.13-12.45.39:281][362]LogWindows: Error: [Callstack] 0x00007ffc5d832aa6 UE4Editor-Core.dll!ReportAssert() [D:\UnrealEngine-4.27\Engine\Source\Runtime\Core\Private\Windows\WindowsPlatformCrashContext.cpp:1644]
[2022.08.13-12.45.39:281][362]LogWindows: Error: [Callstack] 0x00007ffc5d836b68 UE4Editor-Core.dll!FWindowsErrorOutputDevice::Serialize() [D:\UnrealEngine-4.27\Engine\Source\Runtime\Core\Private\Windows\WindowsErrorOutputDevice.cpp:78]
[2022.08.13-12.45.39:281][362]LogWindows: Error: [Callstack] 0x00007ffc5d54766d UE4Editor-Core.dll!FOutputDevice::LogfImpl() [D:\UnrealEngine-4.27\Engine\Source\Runtime\Core\Private\Misc\OutputDevice.cpp:61]
[2022.08.13-12.45.39:281][362]LogWindows: Error: [Callstack] 0x00007ffc5cdb7d73 UE4Editor-CoreUObject.dll!UObject::Rename() [D:\UnrealEngine-4.27\Engine\Source\Runtime\CoreUObject\Private\UObject\Obj.cpp:209]
[2022.08.13-12.45.39:281][362]LogWindows: Error: [Callstack] 0x00007ffc59f87043 UE4Editor-Engine.dll!UActorComponent::Rename() [D:\UnrealEngine-4.27\Engine\Source\Runtime\Engine\Private\Components\ActorComponent.cpp:412]
[2022.08.13-12.45.39:281][362]LogWindows: Error: [Callstack] 0x00007ffc55ef8259 UE4Editor-Kismet.dll!<lambda_a5ec1a163c1d69fe8668df90e80dd14e>::operator()() [D:\UnrealEngine-4.27\Engine\Source\Editor\Kismet\Private\SSCSEditor.cpp:6478]
[2022.08.13-12.45.39:281][362]LogWindows: Error: [Callstack] 0x00007ffc55fe196c UE4Editor-Kismet.dll!SSCSEditor::RemoveComponentNode() [D:\UnrealEngine-4.27\Engine\Source\Editor\Kismet\Private\SSCSEditor.cpp:6490]
[2022.08.13-12.45.39:281][362]LogWindows: Error: [Callstack] 0x00007ffc55faabb8 UE4Editor-Kismet.dll!SSCSEditor::OnDeleteNodes() [D:\UnrealEngine-4.27\Engine\Source\Editor\Kismet\Private\SSCSEditor.cpp:6340]
[2022.08.13-12.45.39:281][362]LogWindows: Error: [Callstack] 0x00007ffc55f5f74c UE4Editor-Kismet.dll!TBaseSPMethodDelegateInstance<0,SSCSEditor,0,void __cdecl(void),FDefaultDelegateUserPolicy>::ExecuteIfSafe() [D:\UnrealEngine-4.27\Engine\Source\Runtime\Core\Public\Delegates\DelegateInstancesImpl.h:307]
[2022.08.13-12.45.39:281][362]LogWindows: Error: [Callstack] 0x00007ffc5923db19 UE4Editor-Slate.dll!FUICommandList::ConditionalProcessCommandBindings() [D:\UnrealEngine-4.27\Engine\Source\Runtime\Slate\Private\Framework\Commands\UICommandList.cpp:220]
[2022.08.13-12.45.39:281][362]LogWindows: Error: [Callstack] 0x00007ffc592789aa UE4Editor-Slate.dll!FUICommandList::ProcessCommandBindings() [D:\UnrealEngine-4.27\Engine\Source\Runtime\Slate\Private\Framework\Commands\UICommandList.cpp:164]
[2022.08.13-12.45.39:281][362]LogWindows: Error: [Callstack] 0x00007ffc55fb890b UE4Editor-Kismet.dll!SSCSEditor::OnKeyDown() [D:\UnrealEngine-4.27\Engine\Source\Editor\Kismet\Private\SSCSEditor.cpp:4223]
[2022.08.13-12.45.39:281][362]LogWindows: Error: [Callstack] 0x00007ffc59212891 UE4Editor-Slate.dll!FEventRouter::Route<FReply,FEventRouter::FBubblePolicy,FKeyEvent,<lambda_f630e7f24dbef73857a69219e32f2d96> >() [D:\UnrealEngine-4.27\Engine\Source\Runtime\Slate\Private\Framework\Application\SlateApplication.cpp:383]
[2022.08.13-12.45.39:282][362]LogWindows: Error: [Callstack] 0x00007ffc5927a70b UE4Editor-Slate.dll!FSlateApplication::ProcessKeyDownEvent() [D:\UnrealEngine-4.27\Engine\Source\Runtime\Slate\Private\Framework\Application\SlateApplication.cpp:4341]
[2022.08.13-12.45.39:282][362]LogWindows: Error: [Callstack] 0x00007ffc5926dcf6 UE4Editor-Slate.dll!FSlateApplication::OnKeyDown() [D:\UnrealEngine-4.27\Engine\Source\Runtime\Slate\Private\Framework\Application\SlateApplication.cpp:4238]
[2022.08.13-12.45.39:282][362]LogWindows: Error: [Callstack] 0x00007ffcbecebdca UE4Editor-ApplicationCore.dll!FWindowsApplication::ProcessDeferredMessage() [D:\UnrealEngine-4.27\Engine\Source\Runtime\ApplicationCore\Private\Windows\WindowsApplication.cpp:2040]
[2022.08.13-12.45.39:282][362]LogWindows: Error: [Callstack] 0x00007ffcbecd9387 UE4Editor-ApplicationCore.dll!FWindowsApplication::DeferMessage() [D:\UnrealEngine-4.27\Engine\Source\Runtime\ApplicationCore\Private\Windows\WindowsApplication.cpp:2698]
[2022.08.13-12.45.39:282][362]LogWindows: Error: [Callstack] 0x00007ffcbecee560 UE4Editor-ApplicationCore.dll!FWindowsApplication::ProcessMessage() [D:\UnrealEngine-4.27\Engine\Source\Runtime\ApplicationCore\Private\Windows\WindowsApplication.cpp:1881]
[2022.08.13-12.45.39:282][362]LogWindows: Error: [Callstack] 0x00007ffcbecd44f0 UE4Editor-ApplicationCore.dll!FWindowsApplication::AppWndProc() [D:\UnrealEngine-4.27\Engine\Source\Runtime\ApplicationCore\Private\Windows\WindowsApplication.cpp:905]
[2022.08.13-12.45.39:282][362]LogWindows: Error: [Callstack] 0x00007ffcf1ffe9bc USER32.dll!UnknownFunction []
[2022.08.13-12.45.39:282][362]LogWindows: Error: [Callstack] 0x00007ffcf1ffe3e1 USER32.dll!UnknownFunction []
[2022.08.13-12.45.39:282][362]LogWindows: Error: [Callstack] 0x00007ffcbecefd94 UE4Editor-ApplicationCore.dll!FWindowsPlatformApplicationMisc::PumpMessages() [D:\UnrealEngine-4.27\Engine\Source\Runtime\ApplicationCore\Private\Windows\WindowsPlatformApplicationMisc.cpp:125]
[2022.08.13-12.45.39:282][362]LogWindows: Error: [Callstack] 0x00007ff6e81f7314 UE4Editor.exe!FEngineLoop::Tick() [D:\UnrealEngine-4.27\Engine\Source\Runtime\Launch\Private\LaunchEngineLoop.cpp:4850]
[2022.08.13-12.45.39:282][362]LogWindows: Error: [Callstack] 0x00007ff6e8210adc UE4Editor.exe!GuardedMain() [D:\UnrealEngine-4.27\Engine\Source\Runtime\Launch\Private\Launch.cpp:178]
[2022.08.13-12.45.39:282][362]LogWindows: Error: [Callstack] 0x00007ff6e8210bca UE4Editor.exe!GuardedMainWrapper() [D:\UnrealEngine-4.27\Engine\Source\Runtime\Launch\Private\Windows\LaunchWindows.cpp:137]
[2022.08.13-12.45.39:282][362]LogWindows: Error: [Callstack] 0x00007ff6e8213bed UE4Editor.exe!LaunchWindowsStartup() [D:\UnrealEngine-4.27\Engine\Source\Runtime\Launch\Private\Windows\LaunchWindows.cpp:273]
[2022.08.13-12.45.39:282][362]LogWindows: Error: [Callstack] 0x00007ff6e82252c4 UE4Editor.exe!WinMain() [D:\UnrealEngine-4.27\Engine\Source\Runtime\Launch\Private\Windows\LaunchWindows.cpp:320]
[2022.08.13-12.45.39:282][362]LogWindows: Error: [Callstack] 0x00007ff6e8227e6a UE4Editor.exe!__scrt_common_main_seh() [d:\agent\_work\63\s\src\vctools\crt\vcstartup\src\startup\exe_common.inl:288]
[2022.08.13-12.45.39:282][362]LogWindows: Error: [Callstack] 0x00007ffcf158244d KERNEL32.DLL!UnknownFunction []
[2022.08.13-12.45.39:282][362]LogWindows: Error: [Callstack] 0x00007ffcf2d4df78 ntdll.dll!UnknownFunction []
[2022.08.13-12.45.39:282][362]LogWindows: Error: 
[2022.08.13-12.45.39:290][362]LogExit: Executing StaticShutdownAfterError
[2022.08.13-12.45.39:292][362]LogWindows: FPlatformMisc::RequestExit(1)
[2022.08.13-12.45.39:292][362]LogWindows: FPlatformMisc::RequestExitWithStatus(1, 3)
[2022.08.13-12.45.39:292][362]LogCore: Engine exit requested (reason: Win RequestExit)
[2022.08.13-12.45.39:300][362]Log file closed, 08/13/22 20:45:39
